population    : 50                                                                   
workers       : 20                                                                   
save_dir      : /zhome/c2/b/86488/Documents/deep/evolutionary/hpcjobs/Minesweeper10-4
learning_rate : 0.01                                                                 
sigma         : 0.1                                                                  
reg           : {'L2': 0.003}                                                        

Generation      0 | Steps       2424 | Test reward    -8.6 | Mean pop reward    -7.2 | Time  221.43 seconds
Generation    100 | Steps     228225 | Test reward    -5.4 | Mean pop reward    -6.8 | Time  547.80 seconds
Generation    200 | Steps     449456 | Test reward    -4.6 | Mean pop reward    -6.4 | Time  869.41 seconds
Generation    300 | Steps     665450 | Test reward    -6.9 | Mean pop reward    -6.7 | Time 1189.21 seconds
Generation    400 | Steps     877066 | Test reward    -5.4 | Mean pop reward    -6.3 | Time 1503.92 seconds
Generation    500 | Steps    1088435 | Test reward    -7.0 | Mean pop reward    -6.5 | Time 1824.33 seconds
Generation    600 | Steps    1298388 | Test reward    -6.9 | Mean pop reward    -6.2 | Time 2142.29 seconds
Generation    700 | Steps    1507858 | Test reward    -5.9 | Mean pop reward    -6.9 | Time 2455.59 seconds
Generation    800 | Steps    1721463 | Test reward    -6.0 | Mean pop reward    -5.7 | Time 2771.27 seconds
Generation    900 | Steps    1931242 | Test reward    -4.9 | Mean pop reward    -6.4 | Time 3083.63 seconds
Generation   1000 | Steps    2141948 | Test reward    -6.6 | Mean pop reward    -6.0 | Time 3396.38 seconds
Generation   1100 | Steps    2351624 | Test reward    -7.5 | Mean pop reward    -6.2 | Time 3708.51 seconds
Generation   1200 | Steps    2564936 | Test reward    -5.5 | Mean pop reward    -6.0 | Time 4019.60 seconds
Generation   1300 | Steps    2773908 | Test reward    -5.3 | Mean pop reward    -6.3 | Time 4330.23 seconds
Generation   1400 | Steps    2985883 | Test reward    -4.5 | Mean pop reward    -6.2 | Time 4641.47 seconds
Generation   1500 | Steps    3195047 | Test reward    -6.6 | Mean pop reward    -5.8 | Time 4953.63 seconds
Generation   1600 | Steps    3403944 | Test reward    -5.3 | Mean pop reward    -5.7 | Time 5265.33 seconds
Generation   1700 | Steps    3613818 | Test reward    -5.7 | Mean pop reward    -6.1 | Time 5577.88 seconds
Generation   1800 | Steps    3824225 | Test reward    -3.5 | Mean pop reward    -5.4 | Time 5892.18 seconds
Generation   1900 | Steps    4033019 | Test reward    -7.1 | Mean pop reward    -6.4 | Time 6222.01 seconds
Generation   2000 | Steps    4241864 | Test reward    -5.8 | Mean pop reward    -6.1 | Time 6535.83 seconds
Generation   2100 | Steps    4453416 | Test reward    -7.2 | Mean pop reward    -5.6 | Time 6849.18 seconds
Generation   2200 | Steps    4661151 | Test reward    -5.7 | Mean pop reward    -5.9 | Time 7164.75 seconds
Generation   2300 | Steps    4870630 | Test reward    -6.0 | Mean pop reward    -5.6 | Time 7477.86 seconds
Generation   2400 | Steps    5079538 | Test reward    -5.0 | Mean pop reward    -6.3 | Time 7790.97 seconds
Generation   2500 | Steps    5288001 | Test reward    -7.0 | Mean pop reward    -6.3 | Time 8103.01 seconds
Generation   2600 | Steps    5497659 | Test reward    -5.9 | Mean pop reward    -6.6 | Time 8417.88 seconds
Generation   2700 | Steps    5706199 | Test reward    -5.8 | Mean pop reward    -6.3 | Time 8740.45 seconds
Generation   2800 | Steps    5913778 | Test reward    -8.0 | Mean pop reward    -5.9 | Time 9054.15 seconds
Generation   2900 | Steps    6122539 | Test reward    -5.4 | Mean pop reward    -6.2 | Time 9365.32 seconds
Generation   3000 | Steps    6332890 | Test reward    -5.3 | Mean pop reward    -5.6 | Time 9676.48 seconds
Generation   3100 | Steps    6542736 | Test reward    -5.9 | Mean pop reward    -6.1 | Time 9991.56 seconds
Generation   3200 | Steps    6748599 | Test reward    -5.1 | Mean pop reward    -6.0 | Time 10309.43 seconds
Generation   3300 | Steps    6955817 | Test reward    -6.9 | Mean pop reward    -6.1 | Time 10633.92 seconds
Generation   3400 | Steps    7163552 | Test reward    -5.1 | Mean pop reward    -6.4 | Time 10947.10 seconds
Generation   3500 | Steps    7372559 | Test reward    -4.5 | Mean pop reward    -6.3 | Time 11262.97 seconds
Generation   3600 | Steps    7579354 | Test reward    -7.3 | Mean pop reward    -5.8 | Time 11573.76 seconds
Generation   3700 | Steps    7787578 | Test reward    -5.0 | Mean pop reward    -6.5 | Time 11881.67 seconds
Generation   3800 | Steps    7997510 | Test reward    -4.3 | Mean pop reward    -6.1 | Time 12192.49 seconds
Generation   3900 | Steps    8208011 | Test reward    -6.4 | Mean pop reward    -6.6 | Time 12500.10 seconds
Generation   4000 | Steps    8412989 | Test reward    -4.6 | Mean pop reward    -5.9 | Time 12806.73 seconds
Generation   4100 | Steps    8621327 | Test reward    -6.3 | Mean pop reward    -5.9 | Time 13113.38 seconds
Generation   4200 | Steps    8833029 | Test reward    -6.8 | Mean pop reward    -5.8 | Time 13421.69 seconds
Generation   4300 | Steps    9038632 | Test reward    -5.2 | Mean pop reward    -6.1 | Time 13732.91 seconds
Generation   4400 | Steps    9247999 | Test reward    -7.3 | Mean pop reward    -6.0 | Time 14047.30 seconds
Generation   4500 | Steps    9455599 | Test reward    -5.8 | Mean pop reward    -5.8 | Time 14359.76 seconds
Generation   4600 | Steps    9663903 | Test reward    -4.4 | Mean pop reward    -5.6 | Time 14668.28 seconds
Generation   4700 | Steps    9871534 | Test reward    -5.6 | Mean pop reward    -5.9 | Time 14979.76 seconds
Generation   4800 | Steps   10078118 | Test reward    -6.7 | Mean pop reward    -6.0 | Time 15289.42 seconds
Generation   4900 | Steps   10285057 | Test reward    -5.7 | Mean pop reward    -5.9 | Time 15599.31 seconds
Generation   5000 | Steps   10490637 | Test reward    -4.4 | Mean pop reward    -5.5 | Time 15908.35 seconds
Generation   5100 | Steps   10696623 | Test reward    -4.9 | Mean pop reward    -6.0 | Time 16219.86 seconds
Generation   5200 | Steps   10904971 | Test reward    -5.3 | Mean pop reward    -5.8 | Time 16527.02 seconds
Generation   5300 | Steps   11112739 | Test reward    -5.7 | Mean pop reward    -5.5 | Time 16837.06 seconds
Generation   5400 | Steps   11319391 | Test reward    -4.9 | Mean pop reward    -6.2 | Time 17149.57 seconds
Generation   5500 | Steps   11526584 | Test reward    -4.4 | Mean pop reward    -5.6 | Time 17460.97 seconds
Generation   5600 | Steps   11731022 | Test reward    -3.7 | Mean pop reward    -5.6 | Time 17770.26 seconds
Generation   5700 | Steps   11937434 | Test reward    -2.9 | Mean pop reward    -5.7 | Time 18079.14 seconds
Generation   5800 | Steps   12143523 | Test reward    -3.2 | Mean pop reward    -5.3 | Time 18389.02 seconds
Generation   5900 | Steps   12349208 | Test reward    -4.3 | Mean pop reward    -6.0 | Time 18698.19 seconds
Generation   6000 | Steps   12554798 | Test reward    -4.2 | Mean pop reward    -6.4 | Time 19011.40 seconds
Generation   6100 | Steps   12759813 | Test reward    -4.2 | Mean pop reward    -5.6 | Time 19321.11 seconds
Generation   6200 | Steps   12962683 | Test reward    -5.8 | Mean pop reward    -6.1 | Time 19631.04 seconds
Generation   6300 | Steps   13168024 | Test reward    -3.5 | Mean pop reward    -5.9 | Time 19944.79 seconds
Generation   6400 | Steps   13371702 | Test reward    -4.4 | Mean pop reward    -6.0 | Time 20255.79 seconds
Generation   6500 | Steps   13574520 | Test reward    -3.1 | Mean pop reward    -5.5 | Time 20565.55 seconds
Generation   6600 | Steps   13778889 | Test reward    -3.2 | Mean pop reward    -5.5 | Time 20874.87 seconds
Generation   6700 | Steps   13982862 | Test reward    -3.4 | Mean pop reward    -5.7 | Time 21184.69 seconds
Generation   6800 | Steps   14185177 | Test reward    -4.9 | Mean pop reward    -6.8 | Time 21495.01 seconds
Generation   6900 | Steps   14386840 | Test reward    -6.3 | Mean pop reward    -6.1 | Time 21805.11 seconds
Generation   7000 | Steps   14589089 | Test reward    -4.9 | Mean pop reward    -5.8 | Time 22114.28 seconds
Generation   7100 | Steps   14789411 | Test reward    -3.1 | Mean pop reward    -5.6 | Time 22424.39 seconds
Generation   7200 | Steps   14990551 | Test reward    -5.0 | Mean pop reward    -6.4 | Time 22738.59 seconds
Generation   7300 | Steps   15189089 | Test reward    -4.6 | Mean pop reward    -4.7 | Time 23049.70 seconds
Generation   7400 | Steps   15390375 | Test reward    -4.4 | Mean pop reward    -5.6 | Time 23363.03 seconds
Generation   7500 | Steps   15593814 | Test reward    -6.3 | Mean pop reward    -5.7 | Time 23673.69 seconds
Generation   7600 | Steps   15795876 | Test reward    -4.2 | Mean pop reward    -5.6 | Time 23985.07 seconds
Generation   7700 | Steps   15997651 | Test reward    -5.5 | Mean pop reward    -6.8 | Time 24292.02 seconds
Generation   7800 | Steps   16200181 | Test reward    -3.3 | Mean pop reward    -5.6 | Time 24601.66 seconds
Generation   7900 | Steps   16401700 | Test reward    -3.4 | Mean pop reward    -5.8 | Time 24912.53 seconds
Generation   8000 | Steps   16604213 | Test reward    -4.7 | Mean pop reward    -5.5 | Time 25225.84 seconds
Generation   8100 | Steps   16803542 | Test reward    -1.8 | Mean pop reward    -6.1 | Time 25536.69 seconds
Generation   8200 | Steps   17004641 | Test reward    -6.2 | Mean pop reward    -5.9 | Time 25847.33 seconds
Generation   8300 | Steps   17206931 | Test reward    -3.3 | Mean pop reward    -5.9 | Time 26155.80 seconds
Generation   8400 | Steps   17406795 | Test reward    -5.7 | Mean pop reward    -5.5 | Time 26466.34 seconds
Generation   8500 | Steps   17608440 | Test reward    -3.4 | Mean pop reward    -5.6 | Time 26780.48 seconds
Generation   8600 | Steps   17806789 | Test reward    -3.4 | Mean pop reward    -5.0 | Time 27092.16 seconds
Generation   8700 | Steps   18008295 | Test reward    -5.3 | Mean pop reward    -7.0 | Time 27403.90 seconds
Generation   8800 | Steps   18207207 | Test reward    -4.4 | Mean pop reward    -5.5 | Time 27717.90 seconds
Generation   8900 | Steps   18407638 | Test reward    -3.9 | Mean pop reward    -5.3 | Time 28029.51 seconds
Generation   9000 | Steps   18606919 | Test reward    -3.2 | Mean pop reward    -5.4 | Time 28342.39 seconds
Generation   9100 | Steps   18806563 | Test reward    -4.2 | Mean pop reward    -5.7 | Time 28653.69 seconds
Generation   9200 | Steps   19002769 | Test reward    -4.3 | Mean pop reward    -5.7 | Time 28963.44 seconds
Generation   9300 | Steps   19199918 | Test reward    -4.8 | Mean pop reward    -5.5 | Time 29273.29 seconds
Generation   9400 | Steps   19394954 | Test reward    -4.6 | Mean pop reward    -5.2 | Time 29584.43 seconds
Generation   9500 | Steps   19589774 | Test reward    -3.4 | Mean pop reward    -5.5 | Time 29896.91 seconds
Generation   9600 | Steps   19785503 | Test reward    -3.5 | Mean pop reward    -5.3 | Time 30209.71 seconds
Generation   9700 | Steps   19979121 | Test reward    -5.0 | Mean pop reward    -5.6 | Time 30522.13 seconds
Generation   9800 | Steps   20176944 | Test reward    -5.3 | Mean pop reward    -5.3 | Time 30834.83 seconds
Generation   9900 | Steps   20370433 | Test reward    -5.0 | Mean pop reward    -6.1 | Time 31143.96 seconds
Generation  10000 | Steps   20564508 | Test reward    -3.3 | Mean pop reward    -6.0 | Time 31457.08 seconds
Generation  10100 | Steps   20758352 | Test reward    -3.4 | Mean pop reward    -5.8 | Time 31767.78 seconds
Generation  10200 | Steps   20951899 | Test reward    -3.9 | Mean pop reward    -6.3 | Time 32079.65 seconds
Generation  10300 | Steps   21146916 | Test reward    -3.7 | Mean pop reward    -6.0 | Time 32392.38 seconds
Generation  10400 | Steps   21341494 | Test reward    -4.0 | Mean pop reward    -5.2 | Time 32709.02 seconds
Generation  10500 | Steps   21534823 | Test reward    -4.1 | Mean pop reward    -5.3 | Time 33023.57 seconds
Generation  10600 | Steps   21726947 | Test reward    -3.2 | Mean pop reward    -5.3 | Time 33338.75 seconds
Generation  10700 | Steps   21918383 | Test reward    -3.4 | Mean pop reward    -5.3 | Time 33652.93 seconds
Generation  10800 | Steps   22108601 | Test reward    -5.1 | Mean pop reward    -5.0 | Time 33967.73 seconds
Generation  10900 | Steps   22298956 | Test reward    -3.9 | Mean pop reward    -5.4 | Time 34280.34 seconds
Generation  11000 | Steps   22489635 | Test reward    -3.4 | Mean pop reward    -5.3 | Time 34590.42 seconds
Generation  11100 | Steps   22678797 | Test reward    -3.0 | Mean pop reward    -5.3 | Time 34901.54 seconds
Generation  11200 | Steps   22868686 | Test reward    -1.8 | Mean pop reward    -5.5 | Time 35212.06 seconds
Generation  11300 | Steps   23057925 | Test reward    -2.9 | Mean pop reward    -5.6 | Time 35523.32 seconds
Generation  11400 | Steps   23246020 | Test reward    -4.5 | Mean pop reward    -5.5 | Time 35834.59 seconds
Generation  11500 | Steps   23435754 | Test reward    -3.5 | Mean pop reward    -5.5 | Time 36144.12 seconds
Generation  11600 | Steps   23626221 | Test reward    -3.4 | Mean pop reward    -5.2 | Time 36452.76 seconds
Generation  11700 | Steps   23815995 | Test reward    -3.5 | Mean pop reward    -5.5 | Time 36765.90 seconds
Generation  11800 | Steps   24002686 | Test reward    -2.7 | Mean pop reward    -5.0 | Time 37078.02 seconds
Generation  11900 | Steps   24191621 | Test reward    -1.4 | Mean pop reward    -5.2 | Time 37389.04 seconds
Generation  12000 | Steps   24378241 | Test reward    -3.8 | Mean pop reward    -5.3 | Time 37700.88 seconds
