population    : 100                                                                  
workers       : 24                                                                   
save_dir      : /zhome/c2/b/86488/Documents/deep/evolutionary/hpcjobs/Minesweeper15-1
learning_rate : 0.01                                                                 
sigma         : 0.1                                                                  
reg           : {'L2': 0.003}                                                        

Generation      0 | Steps        616 | Test reward     0.4 | Mean pop reward    -0.4 | Time  234.26 seconds
Generation    100 | Steps      60671 | Test reward    -0.4 | Mean pop reward    -0.5 | Time  624.40 seconds
Generation    200 | Steps     121076 | Test reward    -0.4 | Mean pop reward    -0.4 | Time 1017.10 seconds
Generation    300 | Steps     181530 | Test reward     0.3 | Mean pop reward    -0.3 | Time 1408.90 seconds
Generation    400 | Steps     242131 | Test reward    -0.0 | Mean pop reward    -0.2 | Time 1797.91 seconds
Generation    500 | Steps     302288 | Test reward    -0.2 | Mean pop reward    -0.3 | Time 2189.82 seconds
Generation    600 | Steps     362069 | Test reward    -0.0 | Mean pop reward    -0.2 | Time 2578.86 seconds
Generation    700 | Steps     421925 | Test reward     0.2 | Mean pop reward    -0.1 | Time 2968.28 seconds
Generation    800 | Steps     481780 | Test reward     1.3 | Mean pop reward    -0.1 | Time 3355.69 seconds
Generation    900 | Steps     541515 | Test reward    -0.3 | Mean pop reward    -0.1 | Time 3743.26 seconds
Generation   1000 | Steps     600834 | Test reward     0.7 | Mean pop reward    -0.1 | Time 4128.05 seconds
Generation   1100 | Steps     659456 | Test reward     0.7 | Mean pop reward    -0.1 | Time 4512.27 seconds
Generation   1200 | Steps     718014 | Test reward    -0.4 | Mean pop reward     0.1 | Time 4899.69 seconds
Generation   1300 | Steps     775923 | Test reward    -0.2 | Mean pop reward     0.1 | Time 5283.01 seconds
Generation   1400 | Steps     833153 | Test reward    -0.4 | Mean pop reward     0.0 | Time 5669.18 seconds
Generation   1500 | Steps     890522 | Test reward     0.0 | Mean pop reward     0.1 | Time 6065.23 seconds
Generation   1600 | Steps     947984 | Test reward     0.3 | Mean pop reward     0.1 | Time 6450.30 seconds
Generation   1700 | Steps    1004451 | Test reward     0.3 | Mean pop reward     0.0 | Time 6834.21 seconds
Generation   1800 | Steps    1061091 | Test reward     0.2 | Mean pop reward     0.1 | Time 7221.12 seconds
Generation   1900 | Steps    1117377 | Test reward     0.9 | Mean pop reward     0.2 | Time 7607.50 seconds
Generation   2000 | Steps    1173888 | Test reward     0.7 | Mean pop reward     0.2 | Time 7994.74 seconds
Generation   2100 | Steps    1229946 | Test reward     0.5 | Mean pop reward     0.4 | Time 8380.45 seconds
Generation   2200 | Steps    1286629 | Test reward    -0.6 | Mean pop reward     0.3 | Time 8765.74 seconds
Generation   2300 | Steps    1343593 | Test reward     0.3 | Mean pop reward     0.3 | Time 9151.90 seconds
Generation   2400 | Steps    1400094 | Test reward     0.3 | Mean pop reward     0.3 | Time 9539.03 seconds
Generation   2500 | Steps    1456689 | Test reward     0.5 | Mean pop reward     0.4 | Time 9924.89 seconds
Generation   2600 | Steps    1513160 | Test reward     2.1 | Mean pop reward     0.3 | Time 10310.87 seconds
Generation   2700 | Steps    1569671 | Test reward    -0.1 | Mean pop reward     0.4 | Time 10697.76 seconds
Generation   2800 | Steps    1625814 | Test reward     0.1 | Mean pop reward     0.5 | Time 11085.34 seconds
Generation   2900 | Steps    1682086 | Test reward     0.7 | Mean pop reward     0.3 | Time 11470.04 seconds
Generation   3000 | Steps    1737293 | Test reward    -0.5 | Mean pop reward     0.4 | Time 11856.57 seconds
Generation   3100 | Steps    1792890 | Test reward     0.7 | Mean pop reward     0.5 | Time 12242.32 seconds
Generation   3200 | Steps    1848677 | Test reward     0.7 | Mean pop reward     0.3 | Time 12629.19 seconds
Generation   3300 | Steps    1904605 | Test reward     0.8 | Mean pop reward     0.3 | Time 13013.99 seconds
Generation   3400 | Steps    1960246 | Test reward    -0.1 | Mean pop reward     0.4 | Time 13400.07 seconds
Generation   3500 | Steps    2015894 | Test reward     1.0 | Mean pop reward     0.5 | Time 13786.93 seconds
Generation   3600 | Steps    2070847 | Test reward    -0.2 | Mean pop reward     0.1 | Time 14172.29 seconds
Generation   3700 | Steps    2126557 | Test reward     0.7 | Mean pop reward     0.6 | Time 14559.76 seconds
Generation   3800 | Steps    2181579 | Test reward     0.3 | Mean pop reward     0.3 | Time 14946.68 seconds
Generation   3900 | Steps    2235847 | Test reward    -0.2 | Mean pop reward     0.5 | Time 15330.13 seconds
Generation   4000 | Steps    2291252 | Test reward     1.1 | Mean pop reward     0.2 | Time 15715.02 seconds
Generation   4100 | Steps    2347194 | Test reward     0.7 | Mean pop reward     0.4 | Time 16101.87 seconds
Generation   4200 | Steps    2402681 | Test reward     0.6 | Mean pop reward     0.4 | Time 16487.81 seconds
Generation   4300 | Steps    2458410 | Test reward     0.4 | Mean pop reward     0.4 | Time 16873.10 seconds
Generation   4400 | Steps    2513575 | Test reward    -0.1 | Mean pop reward     0.6 | Time 17261.18 seconds
Generation   4500 | Steps    2569028 | Test reward     0.1 | Mean pop reward     0.5 | Time 17649.11 seconds
Generation   4600 | Steps    2624692 | Test reward     2.0 | Mean pop reward     0.4 | Time 18034.42 seconds
Generation   4700 | Steps    2680264 | Test reward     0.8 | Mean pop reward     0.4 | Time 18423.39 seconds
Generation   4800 | Steps    2735683 | Test reward     1.1 | Mean pop reward     0.3 | Time 18812.06 seconds
Generation   4900 | Steps    2790551 | Test reward     0.1 | Mean pop reward     0.6 | Time 19198.75 seconds
Generation   5000 | Steps    2845203 | Test reward     0.4 | Mean pop reward     0.6 | Time 19584.15 seconds
Generation   5100 | Steps    2900461 | Test reward    -0.2 | Mean pop reward     0.5 | Time 19971.37 seconds
Generation   5200 | Steps    2955973 | Test reward    -0.3 | Mean pop reward     0.3 | Time 20358.72 seconds
Generation   5300 | Steps    3011156 | Test reward     1.1 | Mean pop reward     0.4 | Time 20744.68 seconds
Generation   5400 | Steps    3067422 | Test reward     0.3 | Mean pop reward     0.5 | Time 21132.62 seconds
Generation   5500 | Steps    3122960 | Test reward     1.1 | Mean pop reward     0.4 | Time 21519.00 seconds
Generation   5600 | Steps    3178861 | Test reward     0.4 | Mean pop reward     0.5 | Time 21906.62 seconds
Generation   5700 | Steps    3234467 | Test reward    -0.2 | Mean pop reward     0.3 | Time 22295.02 seconds
Generation   5800 | Steps    3290107 | Test reward     0.2 | Mean pop reward     0.6 | Time 22682.77 seconds
Generation   5900 | Steps    3346501 | Test reward     0.7 | Mean pop reward     0.3 | Time 23068.04 seconds
Generation   6000 | Steps    3403550 | Test reward     1.4 | Mean pop reward     0.5 | Time 23453.04 seconds
Generation   6100 | Steps    3460700 | Test reward     0.4 | Mean pop reward     0.8 | Time 23837.53 seconds
Generation   6200 | Steps    3517576 | Test reward    -0.4 | Mean pop reward     0.8 | Time 24226.26 seconds
Generation   6300 | Steps    3574894 | Test reward     0.3 | Mean pop reward     0.4 | Time 24611.77 seconds
Generation   6400 | Steps    3632300 | Test reward     0.4 | Mean pop reward     0.7 | Time 24999.47 seconds
Generation   6500 | Steps    3688955 | Test reward     0.8 | Mean pop reward     0.6 | Time 25386.90 seconds
Generation   6600 | Steps    3746832 | Test reward     1.9 | Mean pop reward     0.7 | Time 25774.84 seconds
Generation   6700 | Steps    3804889 | Test reward     0.3 | Mean pop reward     0.1 | Time 26164.33 seconds
Generation   6800 | Steps    3863163 | Test reward    -0.0 | Mean pop reward     0.4 | Time 26550.92 seconds
Generation   6900 | Steps    3920760 | Test reward     0.2 | Mean pop reward     0.5 | Time 26938.06 seconds
Generation   7000 | Steps    3978360 | Test reward    -0.1 | Mean pop reward     0.4 | Time 27325.53 seconds
Generation   7100 | Steps    4037145 | Test reward     2.1 | Mean pop reward     0.6 | Time 27710.34 seconds
Generation   7200 | Steps    4095364 | Test reward     0.3 | Mean pop reward     0.6 | Time 28097.16 seconds
Generation   7300 | Steps    4153590 | Test reward     1.1 | Mean pop reward     0.5 | Time 28484.83 seconds
Generation   7400 | Steps    4213242 | Test reward     1.2 | Mean pop reward     0.5 | Time 28871.34 seconds
Generation   7500 | Steps    4272610 | Test reward     0.8 | Mean pop reward     0.5 | Time 29260.63 seconds
Generation   7600 | Steps    4331614 | Test reward     0.8 | Mean pop reward     0.5 | Time 29647.48 seconds
Generation   7700 | Steps    4390793 | Test reward     0.5 | Mean pop reward     0.5 | Time 30038.83 seconds
Generation   7800 | Steps    4449915 | Test reward     1.3 | Mean pop reward     0.5 | Time 30426.47 seconds
Generation   7900 | Steps    4508294 | Test reward     0.2 | Mean pop reward     0.4 | Time 30814.04 seconds
Generation   8000 | Steps    4567566 | Test reward     1.0 | Mean pop reward     0.1 | Time 31200.76 seconds
Generation   8100 | Steps    4626541 | Test reward    -0.6 | Mean pop reward     0.7 | Time 31587.46 seconds
Generation   8200 | Steps    4685774 | Test reward     0.5 | Mean pop reward     0.4 | Time 31974.74 seconds
Generation   8300 | Steps    4745510 | Test reward     1.5 | Mean pop reward     0.5 | Time 32361.50 seconds
Generation   8400 | Steps    4805384 | Test reward     0.2 | Mean pop reward     0.4 | Time 32748.95 seconds
Generation   8500 | Steps    4865126 | Test reward    -0.6 | Mean pop reward     0.6 | Time 33135.72 seconds
Generation   8600 | Steps    4925848 | Test reward     1.1 | Mean pop reward     0.4 | Time 33522.29 seconds
Generation   8700 | Steps    4986251 | Test reward     0.4 | Mean pop reward     0.7 | Time 33910.13 seconds
Generation   8800 | Steps    5046515 | Test reward     0.9 | Mean pop reward     0.5 | Time 34295.11 seconds
Generation   8900 | Steps    5106533 | Test reward     0.2 | Mean pop reward     0.5 | Time 34684.37 seconds
Generation   9000 | Steps    5168082 | Test reward     1.2 | Mean pop reward     0.5 | Time 35071.51 seconds
Generation   9100 | Steps    5228613 | Test reward     0.3 | Mean pop reward     0.5 | Time 35459.95 seconds
Generation   9200 | Steps    5288040 | Test reward     0.3 | Mean pop reward     0.6 | Time 35847.02 seconds
