population    : 50                                                                   
workers       : 20                                                                   
save_dir      : /zhome/c2/b/86488/Documents/deep/evolutionary/hpcjobs/Minesweeper16-7
learning_rate : 0.01                                                                 
sigma         : 0.1                                                                  
reg           : {'L2': 0.003}                                                        

Generation      0 | Steps        229 | Test reward     0.0 | Mean pop reward    -0.1 | Time  261.56 seconds
Generation    100 | Steps      22924 | Test reward    -0.2 | Mean pop reward    -0.1 | Time  488.93 seconds
Generation    200 | Steps      46172 | Test reward     0.0 | Mean pop reward    -0.1 | Time  692.48 seconds
Generation    300 | Steps      70037 | Test reward     0.2 | Mean pop reward     0.1 | Time  895.12 seconds
Generation    400 | Steps      94392 | Test reward     0.3 | Mean pop reward    -0.0 | Time 1097.99 seconds
Generation    500 | Steps     118964 | Test reward     0.0 | Mean pop reward     0.1 | Time 1300.24 seconds
Generation    600 | Steps     143856 | Test reward     0.2 | Mean pop reward     0.2 | Time 1503.44 seconds
Generation    700 | Steps     168764 | Test reward    -0.1 | Mean pop reward     0.4 | Time 1708.97 seconds
Generation    800 | Steps     193858 | Test reward     0.4 | Mean pop reward     0.2 | Time 1915.46 seconds
Generation    900 | Steps     219467 | Test reward     0.9 | Mean pop reward     0.4 | Time 2121.23 seconds
Generation   1000 | Steps     245110 | Test reward     0.6 | Mean pop reward     0.5 | Time 2325.09 seconds
Generation   1100 | Steps     270723 | Test reward     0.6 | Mean pop reward     0.6 | Time 2548.06 seconds
Generation   1200 | Steps     296659 | Test reward     0.2 | Mean pop reward     0.3 | Time 2754.88 seconds
Generation   1300 | Steps     322523 | Test reward     0.5 | Mean pop reward     0.7 | Time 3033.39 seconds
Generation   1400 | Steps     348258 | Test reward     0.5 | Mean pop reward     0.2 | Time 3286.86 seconds
Generation   1500 | Steps     374591 | Test reward     0.6 | Mean pop reward     0.3 | Time 3489.98 seconds
Generation   1600 | Steps     401370 | Test reward     0.5 | Mean pop reward     0.2 | Time 3692.57 seconds
Generation   1700 | Steps     428243 | Test reward     0.5 | Mean pop reward     0.2 | Time 3896.07 seconds
Generation   1800 | Steps     456309 | Test reward     0.3 | Mean pop reward     0.3 | Time 4099.59 seconds
Generation   1900 | Steps     484906 | Test reward     0.1 | Mean pop reward     0.6 | Time 4303.50 seconds
Generation   2000 | Steps     513461 | Test reward     0.3 | Mean pop reward    -0.3 | Time 4507.82 seconds
Generation   2100 | Steps     542753 | Test reward     0.1 | Mean pop reward     0.5 | Time 4711.01 seconds
Generation   2200 | Steps     572373 | Test reward    -0.1 | Mean pop reward     0.6 | Time 4915.33 seconds
Generation   2300 | Steps     602184 | Test reward     0.1 | Mean pop reward     0.4 | Time 5121.50 seconds
Generation   2400 | Steps     631433 | Test reward     0.4 | Mean pop reward     0.3 | Time 5326.63 seconds
Generation   2500 | Steps     660957 | Test reward     0.6 | Mean pop reward     0.6 | Time 5530.91 seconds
Generation   2600 | Steps     690306 | Test reward     0.1 | Mean pop reward     0.1 | Time 5747.05 seconds
Generation   2700 | Steps     720407 | Test reward     0.2 | Mean pop reward     0.2 | Time 5950.36 seconds
Generation   2800 | Steps     750027 | Test reward     0.2 | Mean pop reward     0.3 | Time 6153.33 seconds
Generation   2900 | Steps     779864 | Test reward     0.7 | Mean pop reward     0.1 | Time 6357.91 seconds
Generation   3000 | Steps     810304 | Test reward    -0.0 | Mean pop reward     0.3 | Time 6566.44 seconds
Generation   3100 | Steps     840023 | Test reward     0.1 | Mean pop reward     0.2 | Time 6769.90 seconds
Generation   3200 | Steps     870460 | Test reward     0.4 | Mean pop reward     0.3 | Time 6974.35 seconds
Generation   3300 | Steps     901578 | Test reward     0.0 | Mean pop reward     0.1 | Time 7179.21 seconds
Generation   3400 | Steps     933831 | Test reward     0.3 | Mean pop reward     0.0 | Time 7384.20 seconds
Generation   3500 | Steps     965666 | Test reward     0.5 | Mean pop reward     0.3 | Time 7588.77 seconds
Generation   3600 | Steps     997961 | Test reward    -0.1 | Mean pop reward     0.2 | Time 7792.51 seconds
Generation   3700 | Steps    1029212 | Test reward     0.1 | Mean pop reward     0.4 | Time 7996.92 seconds
Generation   3800 | Steps    1059717 | Test reward     0.1 | Mean pop reward     0.1 | Time 8200.34 seconds
Generation   3900 | Steps    1091333 | Test reward     0.4 | Mean pop reward     0.1 | Time 8403.28 seconds
Generation   4000 | Steps    1123414 | Test reward    -0.3 | Mean pop reward     0.1 | Time 8616.12 seconds
Generation   4100 | Steps    1155989 | Test reward     0.1 | Mean pop reward     0.4 | Time 8820.61 seconds
Generation   4200 | Steps    1187659 | Test reward     0.3 | Mean pop reward     0.3 | Time 9034.12 seconds
Generation   4300 | Steps    1221011 | Test reward     0.0 | Mean pop reward     0.0 | Time 9239.43 seconds
Generation   4400 | Steps    1254834 | Test reward     0.4 | Mean pop reward     0.4 | Time 9445.29 seconds
Generation   4500 | Steps    1288809 | Test reward     0.2 | Mean pop reward    -0.2 | Time 9649.78 seconds
Generation   4600 | Steps    1323066 | Test reward     0.3 | Mean pop reward     0.1 | Time 9853.29 seconds
Generation   4700 | Steps    1358773 | Test reward    -0.0 | Mean pop reward     0.1 | Time 10057.89 seconds
Generation   4800 | Steps    1391654 | Test reward    -0.1 | Mean pop reward     0.3 | Time 10262.12 seconds
Generation   4900 | Steps    1425639 | Test reward    -0.3 | Mean pop reward    -0.1 | Time 10467.47 seconds
Generation   5000 | Steps    1457758 | Test reward     0.3 | Mean pop reward     0.1 | Time 10671.52 seconds
Generation   5100 | Steps    1490596 | Test reward     0.4 | Mean pop reward    -0.1 | Time 10876.76 seconds
Generation   5200 | Steps    1523126 | Test reward     0.2 | Mean pop reward     0.2 | Time 11083.62 seconds
Generation   5300 | Steps    1555938 | Test reward    -0.1 | Mean pop reward     0.0 | Time 11289.05 seconds
Generation   5400 | Steps    1589277 | Test reward    -0.1 | Mean pop reward     0.4 | Time 11501.22 seconds
Generation   5500 | Steps    1623472 | Test reward     0.1 | Mean pop reward     0.2 | Time 11707.12 seconds
Generation   5600 | Steps    1657671 | Test reward     0.1 | Mean pop reward    -0.3 | Time 11911.76 seconds
Generation   5700 | Steps    1691945 | Test reward    -0.1 | Mean pop reward     0.2 | Time 12117.22 seconds
Generation   5800 | Steps    1726435 | Test reward    -0.5 | Mean pop reward     0.3 | Time 12322.42 seconds
Generation   5900 | Steps    1760786 | Test reward     0.1 | Mean pop reward     0.1 | Time 12528.23 seconds
Generation   6000 | Steps    1794761 | Test reward     0.1 | Mean pop reward    -0.1 | Time 12736.61 seconds
Generation   6100 | Steps    1829350 | Test reward    -0.1 | Mean pop reward     0.0 | Time 12964.33 seconds
Generation   6200 | Steps    1861789 | Test reward     0.1 | Mean pop reward     0.2 | Time 13169.10 seconds
Generation   6300 | Steps    1895086 | Test reward     0.2 | Mean pop reward    -0.1 | Time 13374.35 seconds
Generation   6400 | Steps    1928362 | Test reward    -0.2 | Mean pop reward    -0.1 | Time 13608.16 seconds
Generation   6500 | Steps    1961012 | Test reward     0.3 | Mean pop reward     0.2 | Time 13836.18 seconds
Generation   6600 | Steps    1994569 | Test reward    -0.3 | Mean pop reward     0.2 | Time 14063.58 seconds
Generation   6700 | Steps    2026425 | Test reward     0.2 | Mean pop reward    -0.0 | Time 14287.55 seconds
Generation   6800 | Steps    2058320 | Test reward     0.3 | Mean pop reward     0.2 | Time 14525.12 seconds
Generation   6900 | Steps    2089132 | Test reward     0.1 | Mean pop reward     0.2 | Time 14730.23 seconds
Generation   7000 | Steps    2120944 | Test reward     0.1 | Mean pop reward     0.2 | Time 14937.71 seconds
Generation   7100 | Steps    2153504 | Test reward     0.1 | Mean pop reward     0.2 | Time 15143.54 seconds
Generation   7200 | Steps    2185890 | Test reward    -0.0 | Mean pop reward     0.0 | Time 15351.18 seconds
Generation   7300 | Steps    2219262 | Test reward     0.3 | Mean pop reward    -0.3 | Time 15569.09 seconds
Generation   7400 | Steps    2252710 | Test reward     0.1 | Mean pop reward     0.2 | Time 15775.68 seconds
Generation   7500 | Steps    2285529 | Test reward     0.4 | Mean pop reward    -0.1 | Time 15984.47 seconds
Generation   7600 | Steps    2317589 | Test reward     0.5 | Mean pop reward    -0.2 | Time 16191.17 seconds
Generation   7700 | Steps    2349289 | Test reward     0.2 | Mean pop reward     0.5 | Time 16419.44 seconds
Generation   7800 | Steps    2381207 | Test reward     0.1 | Mean pop reward     0.1 | Time 16649.43 seconds
Generation   7900 | Steps    2413420 | Test reward     0.1 | Mean pop reward     0.0 | Time 16855.82 seconds
Generation   8000 | Steps    2445244 | Test reward    -0.1 | Mean pop reward     0.5 | Time 17061.40 seconds
Generation   8100 | Steps    2477251 | Test reward     0.1 | Mean pop reward     0.2 | Time 17267.38 seconds
Generation   8200 | Steps    2510107 | Test reward     0.3 | Mean pop reward    -0.0 | Time 17472.53 seconds
Generation   8300 | Steps    2544034 | Test reward     0.4 | Mean pop reward     0.0 | Time 17677.25 seconds
Generation   8400 | Steps    2575723 | Test reward     0.6 | Mean pop reward     0.1 | Time 17884.65 seconds
Generation   8500 | Steps    2607084 | Test reward     0.0 | Mean pop reward     0.0 | Time 18091.25 seconds
Generation   8600 | Steps    2639032 | Test reward    -0.1 | Mean pop reward    -0.2 | Time 18297.99 seconds
Generation   8700 | Steps    2671811 | Test reward     0.1 | Mean pop reward     0.2 | Time 18539.64 seconds
Generation   8800 | Steps    2703774 | Test reward    -0.4 | Mean pop reward     0.1 | Time 18745.02 seconds
Generation   8900 | Steps    2734579 | Test reward     0.4 | Mean pop reward     0.2 | Time 18951.07 seconds
Generation   9000 | Steps    2767397 | Test reward     0.1 | Mean pop reward     0.0 | Time 19158.17 seconds
Generation   9100 | Steps    2800973 | Test reward     0.2 | Mean pop reward     0.2 | Time 19389.75 seconds
Generation   9200 | Steps    2833645 | Test reward     0.5 | Mean pop reward     0.1 | Time 19601.14 seconds
Generation   9300 | Steps    2865038 | Test reward     0.5 | Mean pop reward     0.4 | Time 19806.83 seconds
Generation   9400 | Steps    2899169 | Test reward     0.1 | Mean pop reward     0.4 | Time 20030.83 seconds
Generation   9500 | Steps    2931640 | Test reward    -0.0 | Mean pop reward     0.1 | Time 20237.27 seconds
Generation   9600 | Steps    2964236 | Test reward    -0.1 | Mean pop reward    -0.0 | Time 20441.77 seconds
Generation   9700 | Steps    2996417 | Test reward     0.3 | Mean pop reward     0.0 | Time 20646.51 seconds
Generation   9800 | Steps    3028481 | Test reward     0.2 | Mean pop reward     0.2 | Time 20851.85 seconds
Generation   9900 | Steps    3060477 | Test reward     0.1 | Mean pop reward     0.2 | Time 21058.39 seconds
Generation  10000 | Steps    3093581 | Test reward     0.2 | Mean pop reward    -0.2 | Time 21269.46 seconds
Generation  10100 | Steps    3127836 | Test reward    -0.1 | Mean pop reward     0.4 | Time 21476.03 seconds
Generation  10200 | Steps    3163501 | Test reward    -0.0 | Mean pop reward    -0.0 | Time 21713.73 seconds
Generation  10300 | Steps    3198563 | Test reward     0.1 | Mean pop reward    -0.4 | Time 21923.59 seconds
Generation  10400 | Steps    3235119 | Test reward    -0.4 | Mean pop reward    -0.2 | Time 22129.45 seconds
Generation  10500 | Steps    3269963 | Test reward    -0.1 | Mean pop reward     0.1 | Time 22337.29 seconds
Generation  10600 | Steps    3304112 | Test reward     0.3 | Mean pop reward    -0.0 | Time 22543.64 seconds
Generation  10700 | Steps    3337437 | Test reward     0.4 | Mean pop reward     0.2 | Time 22751.12 seconds
Generation  10800 | Steps    3371703 | Test reward    -0.0 | Mean pop reward     0.2 | Time 22975.21 seconds
Generation  10900 | Steps    3406169 | Test reward    -0.1 | Mean pop reward     0.1 | Time 23195.36 seconds
Generation  11000 | Steps    3439727 | Test reward    -0.2 | Mean pop reward    -0.2 | Time 23402.66 seconds
Generation  11100 | Steps    3473408 | Test reward    -0.3 | Mean pop reward    -0.3 | Time 23614.97 seconds
Generation  11200 | Steps    3507204 | Test reward     0.5 | Mean pop reward     0.0 | Time 23820.53 seconds
Generation  11300 | Steps    3541443 | Test reward     0.2 | Mean pop reward     0.2 | Time 24027.05 seconds
Generation  11400 | Steps    3574575 | Test reward     0.0 | Mean pop reward     0.1 | Time 24233.59 seconds
Generation  11500 | Steps    3607163 | Test reward     0.3 | Mean pop reward     0.2 | Time 24439.59 seconds
Generation  11600 | Steps    3639192 | Test reward    -0.0 | Mean pop reward    -0.1 | Time 24645.81 seconds
Generation  11700 | Steps    3671446 | Test reward    -0.3 | Mean pop reward    -0.1 | Time 24873.17 seconds
Generation  11800 | Steps    3704278 | Test reward     0.0 | Mean pop reward     0.2 | Time 25078.07 seconds
Generation  11900 | Steps    3738307 | Test reward     0.0 | Mean pop reward    -0.1 | Time 25283.47 seconds
Generation  12000 | Steps    3771525 | Test reward     0.4 | Mean pop reward     0.2 | Time 25489.04 seconds
Generation  12100 | Steps    3804489 | Test reward    -0.1 | Mean pop reward    -0.0 | Time 25699.44 seconds
Generation  12200 | Steps    3836511 | Test reward     0.2 | Mean pop reward    -0.2 | Time 25914.74 seconds
Generation  12300 | Steps    3870149 | Test reward    -0.0 | Mean pop reward    -0.0 | Time 26123.69 seconds
Generation  12400 | Steps    3903899 | Test reward     0.7 | Mean pop reward    -0.1 | Time 26331.72 seconds
Generation  12500 | Steps    3937124 | Test reward     0.3 | Mean pop reward     0.0 | Time 26573.78 seconds
Generation  12600 | Steps    3970838 | Test reward     0.0 | Mean pop reward    -0.2 | Time 26781.09 seconds
Generation  12700 | Steps    4005475 | Test reward     0.1 | Mean pop reward     0.0 | Time 26986.71 seconds
Generation  12800 | Steps    4038776 | Test reward    -0.1 | Mean pop reward     0.3 | Time 27193.51 seconds
Generation  12900 | Steps    4071351 | Test reward    -0.1 | Mean pop reward    -0.0 | Time 27400.72 seconds
Generation  13000 | Steps    4103314 | Test reward     0.2 | Mean pop reward     0.3 | Time 27618.47 seconds
Generation  13100 | Steps    4134560 | Test reward     0.3 | Mean pop reward     0.2 | Time 27825.97 seconds
Generation  13200 | Steps    4167024 | Test reward    -0.0 | Mean pop reward     0.1 | Time 28032.64 seconds
Generation  13300 | Steps    4198608 | Test reward     0.4 | Mean pop reward    -0.2 | Time 28260.07 seconds
Generation  13400 | Steps    4230405 | Test reward     0.4 | Mean pop reward     0.3 | Time 28514.82 seconds
Generation  13500 | Steps    4262923 | Test reward     0.0 | Mean pop reward     0.3 | Time 28771.15 seconds
Generation  13600 | Steps    4295100 | Test reward    -0.2 | Mean pop reward    -0.1 | Time 28977.77 seconds
Generation  13700 | Steps    4327139 | Test reward     0.5 | Mean pop reward     0.4 | Time 29194.77 seconds
Generation  13800 | Steps    4359279 | Test reward     0.5 | Mean pop reward     0.1 | Time 29401.65 seconds
Generation  13900 | Steps    4393117 | Test reward     0.1 | Mean pop reward     0.1 | Time 29609.54 seconds
Generation  14000 | Steps    4426141 | Test reward     0.2 | Mean pop reward     0.0 | Time 29868.15 seconds
Generation  14100 | Steps    4458791 | Test reward     0.0 | Mean pop reward     0.1 | Time 30086.10 seconds
Generation  14200 | Steps    4491650 | Test reward     0.3 | Mean pop reward     0.2 | Time 30322.88 seconds
Generation  14300 | Steps    4526395 | Test reward     0.6 | Mean pop reward     0.1 | Time 30548.06 seconds
Generation  14400 | Steps    4559734 | Test reward    -0.0 | Mean pop reward     0.1 | Time 30761.39 seconds
Generation  14500 | Steps    4591838 | Test reward     0.6 | Mean pop reward     0.1 | Time 30969.27 seconds
Generation  14600 | Steps    4623393 | Test reward     0.3 | Mean pop reward     0.2 | Time 31214.59 seconds
Generation  14700 | Steps    4655552 | Test reward     0.2 | Mean pop reward     0.1 | Time 31422.37 seconds
Generation  14800 | Steps    4688101 | Test reward    -0.2 | Mean pop reward     0.2 | Time 31629.20 seconds
Generation  14900 | Steps    4721227 | Test reward     0.2 | Mean pop reward     0.3 | Time 31842.78 seconds
Generation  15000 | Steps    4754703 | Test reward     0.3 | Mean pop reward    -0.2 | Time 32048.42 seconds
Generation  15100 | Steps    4788693 | Test reward     0.0 | Mean pop reward    -0.2 | Time 32255.95 seconds
Generation  15200 | Steps    4822548 | Test reward     0.1 | Mean pop reward     0.4 | Time 32462.23 seconds
Generation  15300 | Steps    4854664 | Test reward     0.6 | Mean pop reward     0.4 | Time 32674.95 seconds
Generation  15400 | Steps    4886976 | Test reward    -0.0 | Mean pop reward     0.1 | Time 32892.64 seconds
Generation  15500 | Steps    4919131 | Test reward    -0.1 | Mean pop reward     0.2 | Time 33143.21 seconds
Generation  15600 | Steps    4951017 | Test reward     0.4 | Mean pop reward    -0.2 | Time 33351.75 seconds
Generation  15700 | Steps    4981334 | Test reward     0.3 | Mean pop reward     0.5 | Time 33558.52 seconds
Generation  15800 | Steps    5012773 | Test reward     0.7 | Mean pop reward     0.4 | Time 33797.93 seconds
Generation  15900 | Steps    5042940 | Test reward     0.3 | Mean pop reward     0.3 | Time 34006.89 seconds
Generation  16000 | Steps    5073681 | Test reward     0.0 | Mean pop reward     0.2 | Time 34215.26 seconds
Generation  16100 | Steps    5105487 | Test reward    -0.3 | Mean pop reward     0.3 | Time 34423.66 seconds
Generation  16200 | Steps    5138575 | Test reward     0.3 | Mean pop reward     0.3 | Time 34641.60 seconds
Generation  16300 | Steps    5170692 | Test reward     0.1 | Mean pop reward     0.7 | Time 34850.37 seconds
Generation  16400 | Steps    5203477 | Test reward     0.3 | Mean pop reward    -0.3 | Time 35057.66 seconds
Generation  16500 | Steps    5236012 | Test reward     0.3 | Mean pop reward     0.5 | Time 35265.32 seconds
Generation  16600 | Steps    5269390 | Test reward     0.2 | Mean pop reward     0.5 | Time 35471.64 seconds
Generation  16700 | Steps    5302508 | Test reward     0.0 | Mean pop reward     0.4 | Time 35679.71 seconds
Generation  16800 | Steps    5334375 | Test reward     0.3 | Mean pop reward     0.1 | Time 35889.83 seconds
Generation  16900 | Steps    5366133 | Test reward     0.5 | Mean pop reward     0.3 | Time 36097.70 seconds
Generation  17000 | Steps    5396965 | Test reward     0.7 | Mean pop reward     0.5 | Time 36333.49 seconds
Generation  17100 | Steps    5429413 | Test reward     0.3 | Mean pop reward     0.2 | Time 36542.40 seconds
Generation  17200 | Steps    5461082 | Test reward    -0.0 | Mean pop reward     0.4 | Time 36748.92 seconds
Generation  17300 | Steps    5492898 | Test reward     0.5 | Mean pop reward     0.3 | Time 36955.39 seconds
Generation  17400 | Steps    5524798 | Test reward     0.5 | Mean pop reward     0.3 | Time 37163.51 seconds
Generation  17500 | Steps    5556923 | Test reward     0.2 | Mean pop reward     0.7 | Time 37372.13 seconds
Generation  17600 | Steps    5588706 | Test reward     0.5 | Mean pop reward     0.2 | Time 37581.43 seconds
Generation  17700 | Steps    5621543 | Test reward     0.4 | Mean pop reward     0.4 | Time 37790.77 seconds
Generation  17800 | Steps    5654292 | Test reward    -0.1 | Mean pop reward     0.2 | Time 37997.50 seconds
Generation  17900 | Steps    5686921 | Test reward     0.2 | Mean pop reward     0.3 | Time 38205.71 seconds
Generation  18000 | Steps    5719727 | Test reward     0.1 | Mean pop reward     0.2 | Time 38416.84 seconds
Generation  18100 | Steps    5751851 | Test reward     0.2 | Mean pop reward     0.4 | Time 38624.93 seconds
Generation  18200 | Steps    5785037 | Test reward    -0.1 | Mean pop reward     0.3 | Time 38831.76 seconds
Generation  18300 | Steps    5817663 | Test reward     0.2 | Mean pop reward     0.1 | Time 39039.33 seconds
Generation  18400 | Steps    5851123 | Test reward     0.1 | Mean pop reward     0.3 | Time 39248.33 seconds
Generation  18500 | Steps    5884483 | Test reward     0.6 | Mean pop reward     0.2 | Time 39465.79 seconds
Generation  18600 | Steps    5917854 | Test reward     0.7 | Mean pop reward     0.6 | Time 39673.53 seconds
Generation  18700 | Steps    5950534 | Test reward    -0.0 | Mean pop reward     0.1 | Time 39884.60 seconds
Generation  18800 | Steps    5982063 | Test reward     0.1 | Mean pop reward     0.2 | Time 40091.35 seconds
Generation  18900 | Steps    6014266 | Test reward     0.1 | Mean pop reward     0.2 | Time 40299.17 seconds
Generation  19000 | Steps    6048221 | Test reward    -0.4 | Mean pop reward     0.4 | Time 40507.56 seconds
Generation  19100 | Steps    6082743 | Test reward     0.4 | Mean pop reward     0.4 | Time 40715.47 seconds
Generation  19200 | Steps    6116758 | Test reward     0.2 | Mean pop reward    -0.2 | Time 40924.07 seconds
Generation  19300 | Steps    6151990 | Test reward     0.0 | Mean pop reward     0.3 | Time 41133.13 seconds
Generation  19400 | Steps    6186312 | Test reward    -0.1 | Mean pop reward     0.0 | Time 41341.59 seconds
Generation  19500 | Steps    6219953 | Test reward     0.4 | Mean pop reward     0.3 | Time 41550.79 seconds
Generation  19600 | Steps    6255857 | Test reward    -0.2 | Mean pop reward     0.4 | Time 41758.00 seconds
Generation  19700 | Steps    6289835 | Test reward    -0.0 | Mean pop reward     0.5 | Time 41975.68 seconds
Generation  19800 | Steps    6324569 | Test reward    -0.2 | Mean pop reward    -0.1 | Time 42185.50 seconds
Generation  19900 | Steps    6358502 | Test reward     0.5 | Mean pop reward     0.4 | Time 42393.19 seconds
Generation  20000 | Steps    6391857 | Test reward     0.3 | Mean pop reward     0.1 | Time 42600.38 seconds
Generation  20100 | Steps    6426542 | Test reward     0.2 | Mean pop reward     0.3 | Time 42828.86 seconds
Generation  20200 | Steps    6461607 | Test reward    -0.0 | Mean pop reward    -0.0 | Time 43102.88 seconds
Generation  20300 | Steps    6496415 | Test reward     0.1 | Mean pop reward    -0.4 | Time 43311.14 seconds
Generation  20400 | Steps    6531477 | Test reward     0.5 | Mean pop reward     0.2 | Time 43519.48 seconds
Generation  20500 | Steps    6565530 | Test reward     0.5 | Mean pop reward     0.1 | Time 43745.88 seconds
Generation  20600 | Steps    6598985 | Test reward     0.4 | Mean pop reward     0.1 | Time 43954.70 seconds
Generation  20700 | Steps    6632765 | Test reward     0.6 | Mean pop reward     0.2 | Time 44161.35 seconds
Generation  20800 | Steps    6665979 | Test reward     0.2 | Mean pop reward     0.5 | Time 44376.77 seconds
Generation  20900 | Steps    6700334 | Test reward     0.0 | Mean pop reward     0.5 | Time 44584.23 seconds
Generation  21000 | Steps    6735210 | Test reward     0.6 | Mean pop reward     0.2 | Time 44793.82 seconds
Generation  21100 | Steps    6769491 | Test reward    -0.0 | Mean pop reward     0.5 | Time 45003.16 seconds
Generation  21200 | Steps    6803625 | Test reward     0.2 | Mean pop reward     0.3 | Time 45212.62 seconds
Generation  21300 | Steps    6836785 | Test reward     0.5 | Mean pop reward     0.2 | Time 45421.37 seconds
Generation  21400 | Steps    6870037 | Test reward     0.7 | Mean pop reward    -0.1 | Time 45631.18 seconds
Generation  21500 | Steps    6902762 | Test reward    -0.2 | Mean pop reward     0.2 | Time 45840.05 seconds
Generation  21600 | Steps    6936958 | Test reward     0.2 | Mean pop reward     0.4 | Time 46050.63 seconds
Generation  21700 | Steps    6970833 | Test reward    -0.1 | Mean pop reward     0.5 | Time 46259.17 seconds
Generation  21800 | Steps    7005005 | Test reward     0.1 | Mean pop reward    -0.2 | Time 46466.70 seconds
Generation  21900 | Steps    7039784 | Test reward     0.2 | Mean pop reward     0.4 | Time 46674.50 seconds
Generation  22000 | Steps    7072790 | Test reward     0.2 | Mean pop reward     0.1 | Time 46883.84 seconds
Generation  22100 | Steps    7104700 | Test reward     0.4 | Mean pop reward     0.4 | Time 47121.20 seconds
