population    : 100                                                                  
workers       : 20                                                                   
save_dir      : /zhome/c2/b/86488/Documents/deep/evolutionary/hpcjobs/Minesweeper12-4
learning_rate : 0.01                                                                 
sigma         : 0.1                                                                  
reg           : {'L2': 0.003}                                                        

Generation      0 | Steps       4486 | Test reward    -6.1 | Mean pop reward    -6.6 | Time   98.88 seconds
Generation    100 | Steps     442932 | Test reward    -5.2 | Mean pop reward    -6.3 | Time  470.17 seconds
Generation    200 | Steps     877155 | Test reward    -4.7 | Mean pop reward    -6.6 | Time  839.59 seconds
Generation    300 | Steps    1308648 | Test reward    -5.9 | Mean pop reward    -6.4 | Time 1205.88 seconds
Generation    400 | Steps    1736654 | Test reward    -5.8 | Mean pop reward    -6.3 | Time 1572.65 seconds
Generation    500 | Steps    2168257 | Test reward    -4.7 | Mean pop reward    -6.1 | Time 1943.53 seconds
Generation    600 | Steps    2593632 | Test reward    -5.5 | Mean pop reward    -6.0 | Time 2311.58 seconds
Generation    700 | Steps    3022976 | Test reward    -7.7 | Mean pop reward    -6.6 | Time 2682.92 seconds
Generation    800 | Steps    3450113 | Test reward    -5.1 | Mean pop reward    -6.1 | Time 3051.49 seconds
Generation    900 | Steps    3873798 | Test reward    -5.1 | Mean pop reward    -6.3 | Time 3435.33 seconds
Generation   1000 | Steps    4300861 | Test reward    -5.9 | Mean pop reward    -6.1 | Time 3819.23 seconds
Generation   1100 | Steps    4724456 | Test reward    -5.8 | Mean pop reward    -6.0 | Time 4203.12 seconds
Generation   1200 | Steps    5149076 | Test reward    -4.5 | Mean pop reward    -6.1 | Time 4584.37 seconds
Generation   1300 | Steps    5575017 | Test reward    -6.3 | Mean pop reward    -5.8 | Time 4962.19 seconds
Generation   1400 | Steps    6001654 | Test reward    -6.4 | Mean pop reward    -5.9 | Time 5339.02 seconds
Generation   1500 | Steps    6425000 | Test reward    -5.8 | Mean pop reward    -6.1 | Time 5707.01 seconds
Generation   1600 | Steps    6848721 | Test reward    -5.0 | Mean pop reward    -6.0 | Time 6071.39 seconds
Generation   1700 | Steps    7272692 | Test reward    -4.6 | Mean pop reward    -5.9 | Time 6438.56 seconds
Generation   1800 | Steps    7697654 | Test reward    -6.0 | Mean pop reward    -6.3 | Time 6805.80 seconds
Generation   1900 | Steps    8119875 | Test reward    -7.5 | Mean pop reward    -5.9 | Time 7174.78 seconds
Generation   2000 | Steps    8544582 | Test reward    -5.3 | Mean pop reward    -6.4 | Time 7546.19 seconds
Generation   2100 | Steps    8968642 | Test reward    -7.1 | Mean pop reward    -5.9 | Time 7910.47 seconds
Generation   2200 | Steps    9389825 | Test reward    -6.4 | Mean pop reward    -6.0 | Time 8276.54 seconds
Generation   2300 | Steps    9812927 | Test reward    -6.7 | Mean pop reward    -5.6 | Time 8639.41 seconds
Generation   2400 | Steps   10235736 | Test reward    -3.6 | Mean pop reward    -6.1 | Time 9002.10 seconds
Generation   2500 | Steps   10655785 | Test reward    -4.6 | Mean pop reward    -6.0 | Time 9365.89 seconds
Generation   2600 | Steps   11073520 | Test reward    -4.5 | Mean pop reward    -6.2 | Time 9728.78 seconds
Generation   2700 | Steps   11492902 | Test reward    -7.2 | Mean pop reward    -5.8 | Time 10088.45 seconds
Generation   2800 | Steps   11913525 | Test reward    -7.2 | Mean pop reward    -6.0 | Time 10453.89 seconds
Generation   2900 | Steps   12331332 | Test reward    -4.5 | Mean pop reward    -6.3 | Time 10815.98 seconds
Generation   3000 | Steps   12752865 | Test reward    -7.3 | Mean pop reward    -6.2 | Time 11188.34 seconds
Generation   3100 | Steps   13174461 | Test reward    -6.0 | Mean pop reward    -6.0 | Time 11554.54 seconds
Generation   3200 | Steps   13594723 | Test reward    -5.3 | Mean pop reward    -5.9 | Time 11923.71 seconds
Generation   3300 | Steps   14011841 | Test reward    -7.2 | Mean pop reward    -6.2 | Time 12288.90 seconds
Generation   3400 | Steps   14433217 | Test reward    -7.5 | Mean pop reward    -5.8 | Time 12651.38 seconds
Generation   3500 | Steps   14855517 | Test reward    -7.1 | Mean pop reward    -6.2 | Time 13018.05 seconds
Generation   3600 | Steps   15273459 | Test reward    -5.9 | Mean pop reward    -5.9 | Time 13385.98 seconds
Generation   3700 | Steps   15694869 | Test reward    -5.3 | Mean pop reward    -6.3 | Time 13752.78 seconds
Generation   3800 | Steps   16113244 | Test reward    -4.5 | Mean pop reward    -6.1 | Time 14117.56 seconds
Generation   3900 | Steps   16536678 | Test reward    -7.3 | Mean pop reward    -6.3 | Time 14479.61 seconds
Generation   4000 | Steps   16956280 | Test reward    -4.0 | Mean pop reward    -6.1 | Time 14843.69 seconds
Generation   4100 | Steps   17376432 | Test reward    -5.8 | Mean pop reward    -6.3 | Time 15206.92 seconds
Generation   4200 | Steps   17796024 | Test reward    -6.8 | Mean pop reward    -6.0 | Time 15570.00 seconds
Generation   4300 | Steps   18217034 | Test reward    -5.9 | Mean pop reward    -6.1 | Time 15934.41 seconds
Generation   4400 | Steps   18633959 | Test reward    -5.9 | Mean pop reward    -6.0 | Time 16303.24 seconds
Generation   4500 | Steps   19053782 | Test reward    -7.3 | Mean pop reward    -5.8 | Time 16670.56 seconds
Generation   4600 | Steps   19471875 | Test reward    -6.4 | Mean pop reward    -6.3 | Time 17036.09 seconds
Generation   4700 | Steps   19889796 | Test reward    -4.5 | Mean pop reward    -6.5 | Time 17398.56 seconds
Generation   4800 | Steps   20309789 | Test reward    -6.7 | Mean pop reward    -6.0 | Time 17763.18 seconds
Generation   4900 | Steps   20730780 | Test reward    -5.0 | Mean pop reward    -6.5 | Time 18128.74 seconds
