population    : 100                                                                  
workers       : 20                                                                   
save_dir      : /zhome/c2/b/86488/Documents/deep/evolutionary/hpcjobs/Minesweeper16-4
learning_rate : 0.01                                                                 
sigma         : 0.1                                                                  
reg           : {'L2': 0.0}                                                          

Generation      0 | Steps        470 | Test reward    -0.4 | Mean pop reward    -0.2 | Time  417.92 seconds
Generation    100 | Steps      48160 | Test reward    -0.1 | Mean pop reward    -0.3 | Time  725.16 seconds
Generation    200 | Steps      96120 | Test reward     0.0 | Mean pop reward    -0.2 | Time 1047.90 seconds
Generation    300 | Steps     144897 | Test reward    -0.2 | Mean pop reward     0.0 | Time 1400.83 seconds
Generation    400 | Steps     193061 | Test reward     0.1 | Mean pop reward     0.0 | Time 1755.04 seconds
Generation    500 | Steps     241677 | Test reward     0.2 | Mean pop reward    -0.1 | Time 2074.83 seconds
Generation    600 | Steps     290770 | Test reward    -0.1 | Mean pop reward     0.1 | Time 2393.04 seconds
Generation    700 | Steps     340329 | Test reward     0.3 | Mean pop reward     0.1 | Time 2696.79 seconds
Generation    800 | Steps     389710 | Test reward     0.2 | Mean pop reward    -0.1 | Time 3002.01 seconds
Generation    900 | Steps     439446 | Test reward    -0.0 | Mean pop reward     0.2 | Time 3307.88 seconds
Generation   1000 | Steps     489817 | Test reward     0.4 | Mean pop reward     0.1 | Time 3616.04 seconds
Generation   1100 | Steps     540097 | Test reward     0.1 | Mean pop reward     0.2 | Time 3923.79 seconds
Generation   1200 | Steps     590918 | Test reward     0.6 | Mean pop reward     0.4 | Time 4239.77 seconds
Generation   1300 | Steps     641821 | Test reward     0.3 | Mean pop reward     0.3 | Time 4548.03 seconds
Generation   1400 | Steps     692911 | Test reward     0.6 | Mean pop reward     0.3 | Time 4862.73 seconds
Generation   1500 | Steps     744235 | Test reward     0.4 | Mean pop reward     0.4 | Time 5188.44 seconds
Generation   1600 | Steps     794925 | Test reward     0.5 | Mean pop reward     0.3 | Time 5509.41 seconds
Generation   1700 | Steps     846609 | Test reward     0.2 | Mean pop reward     0.5 | Time 5819.71 seconds
Generation   1800 | Steps     898588 | Test reward    -0.1 | Mean pop reward     0.6 | Time 6127.79 seconds
Generation   1900 | Steps     950040 | Test reward     0.5 | Mean pop reward     0.4 | Time 6437.43 seconds
Generation   2000 | Steps    1002171 | Test reward     0.5 | Mean pop reward     0.5 | Time 6746.99 seconds
Generation   2100 | Steps    1053923 | Test reward     0.1 | Mean pop reward     0.2 | Time 7057.39 seconds
Generation   2200 | Steps    1105719 | Test reward     0.4 | Mean pop reward     0.5 | Time 7384.88 seconds
Generation   2300 | Steps    1157510 | Test reward     0.3 | Mean pop reward     0.4 | Time 7766.85 seconds
Generation   2400 | Steps    1209918 | Test reward     0.4 | Mean pop reward     0.3 | Time 8126.04 seconds
Generation   2500 | Steps    1261787 | Test reward     0.8 | Mean pop reward     0.4 | Time 8435.49 seconds
Generation   2600 | Steps    1314427 | Test reward     0.3 | Mean pop reward     0.6 | Time 8744.87 seconds
Generation   2700 | Steps    1366635 | Test reward     0.6 | Mean pop reward     0.4 | Time 9055.02 seconds
Generation   2800 | Steps    1419107 | Test reward     0.7 | Mean pop reward     0.3 | Time 9366.20 seconds
Generation   2900 | Steps    1471671 | Test reward     0.4 | Mean pop reward     0.3 | Time 9676.53 seconds
Generation   3000 | Steps    1524610 | Test reward     0.3 | Mean pop reward     0.6 | Time 9990.53 seconds
Generation   3100 | Steps    1576802 | Test reward     0.2 | Mean pop reward     0.6 | Time 10299.81 seconds
Generation   3200 | Steps    1629583 | Test reward     0.6 | Mean pop reward     0.3 | Time 10625.56 seconds
Generation   3300 | Steps    1682168 | Test reward     0.5 | Mean pop reward     0.5 | Time 10936.04 seconds
Generation   3400 | Steps    1735146 | Test reward     0.9 | Mean pop reward     0.6 | Time 11247.63 seconds
Generation   3500 | Steps    1787986 | Test reward     0.5 | Mean pop reward     0.6 | Time 11557.32 seconds
Generation   3600 | Steps    1840729 | Test reward     0.4 | Mean pop reward     0.7 | Time 11863.61 seconds
Generation   3700 | Steps    1893463 | Test reward     0.7 | Mean pop reward     0.5 | Time 12172.12 seconds
Generation   3800 | Steps    1946345 | Test reward     0.5 | Mean pop reward     0.5 | Time 12482.31 seconds
Generation   3900 | Steps    1999036 | Test reward     0.2 | Mean pop reward     0.4 | Time 12792.41 seconds
Generation   4000 | Steps    2051744 | Test reward     0.4 | Mean pop reward     0.3 | Time 13101.57 seconds
Generation   4100 | Steps    2104635 | Test reward     0.3 | Mean pop reward     0.4 | Time 13418.53 seconds
Generation   4200 | Steps    2157409 | Test reward     0.2 | Mean pop reward     0.3 | Time 13736.85 seconds
Generation   4300 | Steps    2210088 | Test reward     0.6 | Mean pop reward     0.4 | Time 14048.20 seconds
Generation   4400 | Steps    2263121 | Test reward     0.5 | Mean pop reward     0.5 | Time 14359.23 seconds
Generation   4500 | Steps    2316231 | Test reward     0.6 | Mean pop reward     0.5 | Time 14667.69 seconds
Generation   4600 | Steps    2369769 | Test reward     0.1 | Mean pop reward     0.4 | Time 14973.58 seconds
Generation   4700 | Steps    2423163 | Test reward     0.4 | Mean pop reward     0.4 | Time 15280.64 seconds
Generation   4800 | Steps    2476392 | Test reward     0.5 | Mean pop reward     0.7 | Time 15586.78 seconds
Generation   4900 | Steps    2529826 | Test reward     0.3 | Mean pop reward     0.4 | Time 15895.43 seconds
Generation   5000 | Steps    2583632 | Test reward     0.3 | Mean pop reward     0.5 | Time 16208.25 seconds
Generation   5100 | Steps    2637068 | Test reward     0.2 | Mean pop reward     0.6 | Time 16515.95 seconds
Generation   5200 | Steps    2690727 | Test reward     0.4 | Mean pop reward     0.4 | Time 16822.52 seconds
Generation   5300 | Steps    2744375 | Test reward     0.8 | Mean pop reward     0.5 | Time 17131.33 seconds
Generation   5400 | Steps    2798402 | Test reward     0.8 | Mean pop reward     0.4 | Time 17440.42 seconds
Generation   5500 | Steps    2852441 | Test reward     0.6 | Mean pop reward     0.4 | Time 17771.12 seconds
Generation   5600 | Steps    2906008 | Test reward     0.7 | Mean pop reward     0.6 | Time 18078.63 seconds
Generation   5700 | Steps    2960024 | Test reward     0.3 | Mean pop reward     0.4 | Time 18414.56 seconds
Generation   5800 | Steps    3013762 | Test reward     0.8 | Mean pop reward     0.4 | Time 18744.52 seconds
Generation   5900 | Steps    3068506 | Test reward     0.9 | Mean pop reward     0.5 | Time 19090.70 seconds
Generation   6000 | Steps    3122688 | Test reward     0.0 | Mean pop reward     0.6 | Time 19432.80 seconds
Generation   6100 | Steps    3177745 | Test reward     0.9 | Mean pop reward     0.7 | Time 19742.93 seconds
Generation   6200 | Steps    3232700 | Test reward     0.6 | Mean pop reward     0.5 | Time 20052.70 seconds
Generation   6300 | Steps    3287789 | Test reward     0.1 | Mean pop reward     0.3 | Time 20375.06 seconds
Generation   6400 | Steps    3342010 | Test reward     0.7 | Mean pop reward     0.5 | Time 20686.33 seconds
Generation   6500 | Steps    3397513 | Test reward     0.3 | Mean pop reward     0.5 | Time 20998.22 seconds
Generation   6600 | Steps    3452857 | Test reward     0.6 | Mean pop reward     0.4 | Time 21351.60 seconds
Generation   6700 | Steps    3508696 | Test reward     0.5 | Mean pop reward     0.4 | Time 21662.52 seconds
Generation   6800 | Steps    3563439 | Test reward     0.8 | Mean pop reward     0.4 | Time 21969.92 seconds
Generation   6900 | Steps    3618173 | Test reward     0.8 | Mean pop reward     0.3 | Time 22277.07 seconds
Generation   7000 | Steps    3673244 | Test reward     0.6 | Mean pop reward     0.4 | Time 22586.93 seconds
Generation   7100 | Steps    3728005 | Test reward     0.6 | Mean pop reward     0.5 | Time 22898.81 seconds
Generation   7200 | Steps    3783952 | Test reward     0.6 | Mean pop reward     0.3 | Time 23241.50 seconds
Generation   7300 | Steps    3839571 | Test reward     0.7 | Mean pop reward     0.5 | Time 23550.46 seconds
Generation   7400 | Steps    3894788 | Test reward     0.4 | Mean pop reward     0.3 | Time 23860.67 seconds
Generation   7500 | Steps    3949957 | Test reward     0.5 | Mean pop reward     0.4 | Time 24197.59 seconds
Generation   7600 | Steps    4005160 | Test reward    -0.0 | Mean pop reward     0.4 | Time 24514.12 seconds
Generation   7700 | Steps    4060087 | Test reward     0.8 | Mean pop reward     0.3 | Time 24840.93 seconds
Generation   7800 | Steps    4116210 | Test reward     0.5 | Mean pop reward     0.6 | Time 25153.57 seconds
Generation   7900 | Steps    4171749 | Test reward     0.6 | Mean pop reward     0.6 | Time 25461.74 seconds
Generation   8000 | Steps    4226601 | Test reward     0.5 | Mean pop reward     0.5 | Time 25770.25 seconds
Generation   8100 | Steps    4282307 | Test reward     0.4 | Mean pop reward     0.4 | Time 26083.60 seconds
Generation   8200 | Steps    4337327 | Test reward     0.3 | Mean pop reward     0.8 | Time 26419.66 seconds
Generation   8300 | Steps    4392580 | Test reward     0.1 | Mean pop reward     0.5 | Time 26729.82 seconds
Generation   8400 | Steps    4448186 | Test reward     0.3 | Mean pop reward     0.6 | Time 27041.18 seconds
Generation   8500 | Steps    4503474 | Test reward     0.1 | Mean pop reward     0.6 | Time 27348.92 seconds
Generation   8600 | Steps    4558540 | Test reward     0.6 | Mean pop reward     0.4 | Time 27679.69 seconds
Generation   8700 | Steps    4613831 | Test reward     0.4 | Mean pop reward     0.5 | Time 28006.20 seconds
Generation   8800 | Steps    4668714 | Test reward     0.3 | Mean pop reward     0.3 | Time 28321.87 seconds
Generation   8900 | Steps    4723913 | Test reward     0.6 | Mean pop reward     0.3 | Time 28633.13 seconds
Generation   9000 | Steps    4780261 | Test reward     0.4 | Mean pop reward     0.6 | Time 28944.35 seconds
Generation   9100 | Steps    4836292 | Test reward     0.4 | Mean pop reward     0.7 | Time 29252.74 seconds
Generation   9200 | Steps    4892250 | Test reward     0.6 | Mean pop reward     0.4 | Time 29582.16 seconds
Generation   9300 | Steps    4947927 | Test reward     0.2 | Mean pop reward     0.3 | Time 29894.01 seconds
Generation   9400 | Steps    5003263 | Test reward     0.5 | Mean pop reward     0.4 | Time 30204.37 seconds
Generation   9500 | Steps    5059139 | Test reward     0.5 | Mean pop reward     0.4 | Time 30518.63 seconds
Generation   9600 | Steps    5114748 | Test reward     0.2 | Mean pop reward     0.5 | Time 30838.06 seconds
Generation   9700 | Steps    5169992 | Test reward     0.5 | Mean pop reward     0.2 | Time 31144.31 seconds
Generation   9800 | Steps    5225246 | Test reward     0.5 | Mean pop reward     0.5 | Time 31489.53 seconds
Generation   9900 | Steps    5281812 | Test reward     0.7 | Mean pop reward     0.4 | Time 31797.40 seconds
Generation  10000 | Steps    5337443 | Test reward     0.9 | Mean pop reward     0.6 | Time 32105.87 seconds
Generation  10100 | Steps    5392802 | Test reward     0.8 | Mean pop reward     0.3 | Time 32426.60 seconds
Generation  10200 | Steps    5448795 | Test reward     0.6 | Mean pop reward     0.6 | Time 32736.34 seconds
Generation  10300 | Steps    5504520 | Test reward     0.3 | Mean pop reward     0.6 | Time 33092.97 seconds
Generation  10400 | Steps    5560657 | Test reward     0.5 | Mean pop reward     0.5 | Time 33476.74 seconds
Generation  10500 | Steps    5615288 | Test reward     0.2 | Mean pop reward     0.4 | Time 33789.03 seconds
Generation  10600 | Steps    5670748 | Test reward     0.5 | Mean pop reward     0.7 | Time 34107.52 seconds
Generation  10700 | Steps    5726462 | Test reward     0.3 | Mean pop reward     0.5 | Time 34415.98 seconds
Generation  10800 | Steps    5782757 | Test reward     0.6 | Mean pop reward     0.3 | Time 34771.83 seconds
Generation  10900 | Steps    5838633 | Test reward     0.6 | Mean pop reward     0.9 | Time 35126.69 seconds
Generation  11000 | Steps    5893722 | Test reward     0.2 | Mean pop reward     0.3 | Time 35444.44 seconds
Generation  11100 | Steps    5948973 | Test reward     0.6 | Mean pop reward     0.2 | Time 35756.11 seconds
Generation  11200 | Steps    6005246 | Test reward     0.5 | Mean pop reward     0.2 | Time 36106.83 seconds
Generation  11300 | Steps    6060928 | Test reward     0.3 | Mean pop reward     0.6 | Time 36416.26 seconds
Generation  11400 | Steps    6116706 | Test reward     0.5 | Mean pop reward     0.4 | Time 36734.80 seconds
Generation  11500 | Steps    6172975 | Test reward     0.6 | Mean pop reward     0.5 | Time 37044.75 seconds
Generation  11600 | Steps    6228978 | Test reward     0.5 | Mean pop reward     0.5 | Time 37354.82 seconds
Generation  11700 | Steps    6286106 | Test reward     0.6 | Mean pop reward     0.6 | Time 37674.55 seconds
Generation  11800 | Steps    6342086 | Test reward     0.3 | Mean pop reward     0.6 | Time 38026.78 seconds
Generation  11900 | Steps    6398855 | Test reward     0.2 | Mean pop reward     0.5 | Time 38347.74 seconds
Generation  12000 | Steps    6454296 | Test reward     0.5 | Mean pop reward     0.6 | Time 38675.85 seconds
Generation  12100 | Steps    6510865 | Test reward     0.9 | Mean pop reward     0.4 | Time 38990.97 seconds
Generation  12200 | Steps    6567278 | Test reward    -0.0 | Mean pop reward     0.5 | Time 39302.63 seconds
Generation  12300 | Steps    6623301 | Test reward     0.5 | Mean pop reward     0.4 | Time 39615.05 seconds
Generation  12400 | Steps    6679399 | Test reward     0.4 | Mean pop reward     0.3 | Time 39926.68 seconds
Generation  12500 | Steps    6735170 | Test reward     0.2 | Mean pop reward     0.5 | Time 40235.38 seconds
Generation  12600 | Steps    6791105 | Test reward     0.6 | Mean pop reward     0.6 | Time 40543.78 seconds
Generation  12700 | Steps    6848462 | Test reward     0.7 | Mean pop reward     0.3 | Time 40855.87 seconds
Generation  12800 | Steps    6905363 | Test reward     0.4 | Mean pop reward     0.4 | Time 41196.07 seconds
Generation  12900 | Steps    6962620 | Test reward     0.3 | Mean pop reward     0.6 | Time 41507.60 seconds
Generation  13000 | Steps    7019026 | Test reward     0.9 | Mean pop reward     0.4 | Time 41817.16 seconds
Generation  13100 | Steps    7074692 | Test reward     1.0 | Mean pop reward     0.1 | Time 42125.71 seconds
Generation  13200 | Steps    7131118 | Test reward     0.8 | Mean pop reward     0.7 | Time 42440.96 seconds
Generation  13300 | Steps    7187564 | Test reward     0.5 | Mean pop reward     0.6 | Time 42749.92 seconds
Generation  13400 | Steps    7243511 | Test reward     0.6 | Mean pop reward     0.5 | Time 43060.65 seconds
Generation  13500 | Steps    7299285 | Test reward     0.1 | Mean pop reward     0.3 | Time 43368.71 seconds
Generation  13600 | Steps    7355376 | Test reward     1.0 | Mean pop reward     0.3 | Time 43680.13 seconds
Generation  13700 | Steps    7411888 | Test reward     0.2 | Mean pop reward     0.2 | Time 43992.24 seconds
Generation  13800 | Steps    7468557 | Test reward     0.2 | Mean pop reward     0.5 | Time 44314.44 seconds
Generation  13900 | Steps    7524121 | Test reward     0.3 | Mean pop reward     0.3 | Time 44627.97 seconds
Generation  14000 | Steps    7580714 | Test reward     0.2 | Mean pop reward     0.4 | Time 44937.38 seconds
Generation  14100 | Steps    7637309 | Test reward     0.1 | Mean pop reward     0.3 | Time 45246.78 seconds
Generation  14200 | Steps    7694931 | Test reward     0.4 | Mean pop reward     0.3 | Time 45554.68 seconds
Generation  14300 | Steps    7751206 | Test reward     0.7 | Mean pop reward     0.3 | Time 45866.70 seconds
Generation  14400 | Steps    7807320 | Test reward     0.7 | Mean pop reward     0.3 | Time 46177.83 seconds
Generation  14500 | Steps    7863089 | Test reward     0.5 | Mean pop reward     0.7 | Time 46487.11 seconds
Generation  14600 | Steps    7919428 | Test reward     0.8 | Mean pop reward     0.4 | Time 46807.30 seconds
Generation  14700 | Steps    7975837 | Test reward     0.6 | Mean pop reward     0.7 | Time 47116.37 seconds
Generation  14800 | Steps    8032254 | Test reward     0.2 | Mean pop reward     0.4 | Time 47444.20 seconds
Generation  14900 | Steps    8089132 | Test reward     0.4 | Mean pop reward     0.6 | Time 47811.88 seconds
Generation  15000 | Steps    8145982 | Test reward     0.6 | Mean pop reward     0.4 | Time 48125.84 seconds
Generation  15100 | Steps    8202964 | Test reward     0.9 | Mean pop reward     0.2 | Time 48457.74 seconds
Generation  15200 | Steps    8259113 | Test reward     0.5 | Mean pop reward     0.5 | Time 48769.46 seconds
Generation  15300 | Steps    8315424 | Test reward     0.7 | Mean pop reward     0.4 | Time 49089.46 seconds
Generation  15400 | Steps    8371993 | Test reward     0.6 | Mean pop reward     0.3 | Time 49398.46 seconds
Generation  15500 | Steps    8429496 | Test reward     0.6 | Mean pop reward     0.3 | Time 49709.99 seconds
Generation  15600 | Steps    8485569 | Test reward     0.2 | Mean pop reward     0.2 | Time 50019.44 seconds
Generation  15700 | Steps    8542398 | Test reward     0.4 | Mean pop reward     0.4 | Time 50328.27 seconds
Generation  15800 | Steps    8598136 | Test reward     0.4 | Mean pop reward     0.4 | Time 50637.17 seconds
Generation  15900 | Steps    8653944 | Test reward     0.8 | Mean pop reward     0.6 | Time 50951.03 seconds
Generation  16000 | Steps    8711074 | Test reward     0.1 | Mean pop reward     0.5 | Time 51261.66 seconds
Generation  16100 | Steps    8767412 | Test reward     0.5 | Mean pop reward     0.2 | Time 51570.37 seconds
Generation  16200 | Steps    8824021 | Test reward     0.2 | Mean pop reward     0.2 | Time 51907.82 seconds
