Generation      0 | Steps       4711 | Test reward    -7.0 | Mean pop reward    -6.9 | Time  225.17 seconds
Generation    100 | Steps     444507 | Test reward    -5.8 | Mean pop reward    -6.2 | Time  650.63 seconds
Generation    200 | Steps     878759 | Test reward    -6.2 | Mean pop reward    -6.2 | Time 1073.02 seconds
Generation    300 | Steps    1305408 | Test reward    -7.5 | Mean pop reward    -6.0 | Time 1496.31 seconds
Generation    400 | Steps    1726490 | Test reward    -6.7 | Mean pop reward    -5.7 | Time 1920.40 seconds
Generation    500 | Steps    2147198 | Test reward    -6.2 | Mean pop reward    -6.3 | Time 2332.39 seconds
Generation    600 | Steps    2565380 | Test reward    -4.2 | Mean pop reward    -5.8 | Time 2741.37 seconds
Generation    700 | Steps    2973532 | Test reward    -3.4 | Mean pop reward    -6.0 | Time 3150.81 seconds
Generation    800 | Steps    3383039 | Test reward    -5.0 | Mean pop reward    -5.8 | Time 3558.58 seconds
Generation    900 | Steps    3780971 | Test reward    -3.6 | Mean pop reward    -5.8 | Time 3967.76 seconds
Generation   1000 | Steps    4177426 | Test reward    -3.8 | Mean pop reward    -5.7 | Time 4376.87 seconds
Generation   1100 | Steps    4569818 | Test reward    -4.6 | Mean pop reward    -5.3 | Time 4784.52 seconds
Generation   1200 | Steps    4963012 | Test reward    -4.0 | Mean pop reward    -5.6 | Time 5190.25 seconds
Generation   1300 | Steps    5345432 | Test reward    -4.3 | Mean pop reward    -5.2 | Time 5598.71 seconds
Generation   1400 | Steps    5724766 | Test reward    -4.9 | Mean pop reward    -5.8 | Time 6005.31 seconds
Generation   1500 | Steps    6107058 | Test reward    -2.1 | Mean pop reward    -5.1 | Time 6409.87 seconds
Generation   1600 | Steps    6489765 | Test reward    -3.6 | Mean pop reward    -5.6 | Time 6817.53 seconds
Generation   1700 | Steps    6866918 | Test reward    -4.4 | Mean pop reward    -5.3 | Time 7227.44 seconds
Generation   1800 | Steps    7243675 | Test reward    -3.6 | Mean pop reward    -5.2 | Time 7634.32 seconds
Generation   1900 | Steps    7628630 | Test reward    -5.7 | Mean pop reward    -5.6 | Time 8040.58 seconds
Generation   2000 | Steps    8007742 | Test reward    -3.2 | Mean pop reward    -5.1 | Time 8448.07 seconds
Generation   2100 | Steps    8383203 | Test reward    -2.0 | Mean pop reward    -5.2 | Time 8853.43 seconds
Generation   2200 | Steps    8757671 | Test reward    -4.2 | Mean pop reward    -5.6 | Time 9258.17 seconds
Generation   2300 | Steps    9129903 | Test reward    -4.6 | Mean pop reward    -4.8 | Time 9660.70 seconds
Generation   2400 | Steps    9496372 | Test reward    -2.9 | Mean pop reward    -5.4 | Time 10065.95 seconds
Generation   2500 | Steps    9857641 | Test reward    -2.6 | Mean pop reward    -5.4 | Time 10475.33 seconds
Generation   2600 | Steps   10214904 | Test reward    -2.7 | Mean pop reward    -4.7 | Time 10881.54 seconds
Generation   2700 | Steps   10567660 | Test reward    -3.2 | Mean pop reward    -5.1 | Time 11293.21 seconds
Generation   2800 | Steps   10924502 | Test reward    -3.3 | Mean pop reward    -4.8 | Time 11696.09 seconds
Generation   2900 | Steps   11282911 | Test reward    -6.5 | Mean pop reward    -5.3 | Time 12101.42 seconds
Generation   3000 | Steps   11634938 | Test reward    -3.4 | Mean pop reward    -4.8 | Time 12507.62 seconds
Generation   3100 | Steps   11988999 | Test reward    -3.9 | Mean pop reward    -5.0 | Time 12915.77 seconds
Generation   3200 | Steps   12337973 | Test reward    -2.6 | Mean pop reward    -5.0 | Time 13322.34 seconds
Generation   3300 | Steps   12682979 | Test reward    -4.3 | Mean pop reward    -5.2 | Time 13728.43 seconds
Generation   3400 | Steps   13029280 | Test reward    -3.6 | Mean pop reward    -4.9 | Time 14144.96 seconds
Generation   3500 | Steps   13373125 | Test reward    -4.8 | Mean pop reward    -5.0 | Time 14571.51 seconds
Generation   3600 | Steps   13705035 | Test reward    -5.0 | Mean pop reward    -4.3 | Time 14995.06 seconds
Generation   3700 | Steps   14036967 | Test reward    -3.1 | Mean pop reward    -4.6 | Time 15414.63 seconds
Generation   3800 | Steps   14369299 | Test reward    -3.5 | Mean pop reward    -4.4 | Time 15837.11 seconds
Generation   3900 | Steps   14706231 | Test reward    -2.3 | Mean pop reward    -4.5 | Time 16257.22 seconds
Generation   4000 | Steps   15041587 | Test reward    -2.6 | Mean pop reward    -4.3 | Time 16673.78 seconds
Generation   4100 | Steps   15375024 | Test reward    -2.6 | Mean pop reward    -4.7 | Time 17092.10 seconds
Generation   4200 | Steps   15711062 | Test reward    -2.3 | Mean pop reward    -4.5 | Time 17510.44 seconds
Generation   4300 | Steps   16043841 | Test reward    -3.9 | Mean pop reward    -4.6 | Time 17930.65 seconds
Generation   4400 | Steps   16372442 | Test reward    -6.2 | Mean pop reward    -4.7 | Time 18354.21 seconds
Generation   4500 | Steps   16695927 | Test reward    -2.5 | Mean pop reward    -4.6 | Time 18773.21 seconds
Generation   4600 | Steps   17029271 | Test reward    -4.1 | Mean pop reward    -4.5 | Time 19188.91 seconds
Generation   4700 | Steps   17362885 | Test reward    -6.4 | Mean pop reward    -4.9 | Time 19609.90 seconds
Generation   4800 | Steps   17691523 | Test reward    -4.0 | Mean pop reward    -4.4 | Time 20023.82 seconds
Generation   4900 | Steps   18018747 | Test reward    -4.3 | Mean pop reward    -4.6 | Time 20442.44 seconds
Generation   5000 | Steps   18346105 | Test reward    -3.1 | Mean pop reward    -4.7 | Time 20857.08 seconds
Generation   5100 | Steps   18664325 | Test reward    -2.9 | Mean pop reward    -4.4 | Time 21280.67 seconds
Generation   5200 | Steps   18978337 | Test reward    -2.0 | Mean pop reward    -4.3 | Time 21697.93 seconds
Generation   5300 | Steps   19300648 | Test reward    -2.7 | Mean pop reward    -4.1 | Time 22120.83 seconds
Generation   5400 | Steps   19617986 | Test reward    -3.7 | Mean pop reward    -4.6 | Time 22540.20 seconds
Generation   5500 | Steps   19936847 | Test reward    -2.4 | Mean pop reward    -4.3 | Time 22960.25 seconds
Generation   5600 | Steps   20256217 | Test reward    -2.5 | Mean pop reward    -4.4 | Time 23380.63 seconds
Generation   5700 | Steps   20571781 | Test reward    -3.6 | Mean pop reward    -4.4 | Time 23806.32 seconds
Generation   5800 | Steps   20886738 | Test reward    -2.2 | Mean pop reward    -4.4 | Time 24227.47 seconds
Generation   5900 | Steps   21197377 | Test reward    -3.8 | Mean pop reward    -4.8 | Time 24655.95 seconds
Generation   6000 | Steps   21512164 | Test reward    -5.3 | Mean pop reward    -4.1 | Time 25070.92 seconds
Generation   6100 | Steps   21817974 | Test reward    -2.4 | Mean pop reward    -4.1 | Time 25491.63 seconds
Generation   6200 | Steps   22121837 | Test reward    -3.8 | Mean pop reward    -4.5 | Time 25913.02 seconds
Generation   6300 | Steps   22426894 | Test reward    -4.8 | Mean pop reward    -3.9 | Time 26333.74 seconds
Generation   6400 | Steps   22739812 | Test reward    -4.0 | Mean pop reward    -4.5 | Time 26759.28 seconds
Generation   6500 | Steps   23051721 | Test reward    -6.0 | Mean pop reward    -4.2 | Time 27171.88 seconds
Generation   6600 | Steps   23355616 | Test reward    -4.4 | Mean pop reward    -4.3 | Time 27598.15 seconds
Generation   6700 | Steps   23661054 | Test reward    -3.4 | Mean pop reward    -4.6 | Time 28031.14 seconds
Generation   6800 | Steps   23962197 | Test reward    -2.7 | Mean pop reward    -4.3 | Time 28450.98 seconds
Generation   6900 | Steps   24262795 | Test reward    -2.4 | Mean pop reward    -4.4 | Time 28880.11 seconds
Generation   7000 | Steps   24564502 | Test reward    -2.6 | Mean pop reward    -4.3 | Time 29296.11 seconds
Generation   7100 | Steps   24868263 | Test reward    -5.2 | Mean pop reward    -4.1 | Time 29710.65 seconds
Generation   7200 | Steps   25171638 | Test reward    -3.5 | Mean pop reward    -4.7 | Time 30127.37 seconds
Generation   7300 | Steps   25480397 | Test reward    -2.5 | Mean pop reward    -4.2 | Time 30540.35 seconds
Generation   7400 | Steps   25786931 | Test reward    -2.6 | Mean pop reward    -4.2 | Time 30959.75 seconds
Generation   7500 | Steps   26090294 | Test reward    -3.2 | Mean pop reward    -4.0 | Time 31373.34 seconds
Generation   7600 | Steps   26390056 | Test reward    -3.6 | Mean pop reward    -3.9 | Time 31789.43 seconds
Generation   7700 | Steps   26690692 | Test reward    -4.0 | Mean pop reward    -4.6 | Time 32216.87 seconds
Generation   7800 | Steps   26994433 | Test reward    -3.5 | Mean pop reward    -4.2 | Time 32639.89 seconds
Generation   7900 | Steps   27296241 | Test reward    -3.8 | Mean pop reward    -4.5 | Time 33059.60 seconds
Generation   8000 | Steps   27605880 | Test reward    -0.8 | Mean pop reward    -4.1 | Time 33476.57 seconds
Generation   8100 | Steps   27911059 | Test reward    -1.8 | Mean pop reward    -4.8 | Time 33897.45 seconds
Generation   8200 | Steps   28214852 | Test reward    -6.1 | Mean pop reward    -4.2 | Time 34317.40 seconds
Generation   8300 | Steps   28514573 | Test reward    -5.3 | Mean pop reward    -3.9 | Time 34737.41 seconds
Generation   8400 | Steps   28813813 | Test reward    -4.2 | Mean pop reward    -4.3 | Time 35167.89 seconds
Generation   8500 | Steps   29110535 | Test reward    -3.1 | Mean pop reward    -4.6 | Time 35596.64 seconds
Generation   8600 | Steps   29407762 | Test reward    -4.2 | Mean pop reward    -4.1 | Time 36012.86 seconds
Generation   8700 | Steps   29698881 | Test reward    -3.4 | Mean pop reward    -4.0 | Time 36429.79 seconds
Generation   8800 | Steps   29993146 | Test reward    -3.9 | Mean pop reward    -4.2 | Time 36850.69 seconds
Generation   8900 | Steps   30285594 | Test reward    -1.9 | Mean pop reward    -3.8 | Time 37268.19 seconds
Generation   9000 | Steps   30573619 | Test reward    -2.8 | Mean pop reward    -4.6 | Time 37694.01 seconds
