population    : 50                                                                   
workers       : 20                                                                   
save_dir      : /zhome/c2/b/86488/Documents/deep/evolutionary/hpcjobs/Minesweeper17-3
learning_rate : 0.001                                                                
sigma         : 0.1                                                                  
reg           : {'L2': 0.003}                                                        

Generation      0 | Steps        135 | Test reward    -0.3 | Mean pop reward    -0.5 | Time  304.80 seconds
Generation    100 | Steps      15048 | Test reward    -0.2 | Mean pop reward    -0.3 | Time  487.30 seconds
Generation    200 | Steps      29982 | Test reward    -0.4 | Mean pop reward    -0.3 | Time  651.09 seconds
Generation    300 | Steps      44860 | Test reward    -0.4 | Mean pop reward    -0.3 | Time  859.61 seconds
Generation    400 | Steps      59850 | Test reward    -0.4 | Mean pop reward    -0.3 | Time 1024.60 seconds
Generation    500 | Steps      74962 | Test reward    -0.2 | Mean pop reward    -0.2 | Time 1186.33 seconds
Generation    600 | Steps      89923 | Test reward    -0.3 | Mean pop reward    -0.4 | Time 1350.72 seconds
Generation    700 | Steps     105139 | Test reward    -0.3 | Mean pop reward    -0.2 | Time 1541.87 seconds
Generation    800 | Steps     120375 | Test reward    -0.1 | Mean pop reward    -0.3 | Time 1705.86 seconds
Generation    900 | Steps     135685 | Test reward    -0.2 | Mean pop reward    -0.1 | Time 1870.02 seconds
Generation   1000 | Steps     151044 | Test reward    -0.4 | Mean pop reward    -0.3 | Time 2041.08 seconds
Generation   1100 | Steps     166434 | Test reward    -0.2 | Mean pop reward    -0.3 | Time 2204.20 seconds
Generation   1200 | Steps     181909 | Test reward    -0.5 | Mean pop reward    -0.2 | Time 2366.43 seconds
Generation   1300 | Steps     197295 | Test reward    -0.3 | Mean pop reward    -0.3 | Time 2527.36 seconds
Generation   1400 | Steps     212975 | Test reward    -0.2 | Mean pop reward    -0.2 | Time 2693.38 seconds
Generation   1500 | Steps     228312 | Test reward    -0.3 | Mean pop reward    -0.3 | Time 2860.38 seconds
Generation   1600 | Steps     243902 | Test reward    -0.2 | Mean pop reward    -0.1 | Time 3022.77 seconds
Generation   1700 | Steps     259492 | Test reward    -0.3 | Mean pop reward    -0.2 | Time 3189.11 seconds
Generation   1800 | Steps     275326 | Test reward    -0.3 | Mean pop reward     0.0 | Time 3394.04 seconds
Generation   1900 | Steps     290950 | Test reward    -0.2 | Mean pop reward    -0.1 | Time 3556.28 seconds
Generation   2000 | Steps     306721 | Test reward    -0.1 | Mean pop reward    -0.1 | Time 3725.51 seconds
Generation   2100 | Steps     322480 | Test reward    -0.1 | Mean pop reward    -0.1 | Time 3913.41 seconds
Generation   2200 | Steps     338313 | Test reward    -0.1 | Mean pop reward    -0.1 | Time 4074.54 seconds
Generation   2300 | Steps     354013 | Test reward    -0.1 | Mean pop reward    -0.2 | Time 4236.34 seconds
Generation   2400 | Steps     369804 | Test reward    -0.1 | Mean pop reward    -0.1 | Time 4397.89 seconds
Generation   2500 | Steps     385670 | Test reward     0.0 | Mean pop reward    -0.4 | Time 4573.73 seconds
Generation   2600 | Steps     401501 | Test reward    -0.4 | Mean pop reward    -0.4 | Time 4771.36 seconds
Generation   2700 | Steps     417381 | Test reward    -0.4 | Mean pop reward    -0.3 | Time 4935.67 seconds
Generation   2800 | Steps     433149 | Test reward    -0.1 | Mean pop reward    -0.2 | Time 5102.56 seconds
Generation   2900 | Steps     449003 | Test reward    -0.1 | Mean pop reward    -0.0 | Time 5266.69 seconds
Generation   3000 | Steps     464795 | Test reward     0.1 | Mean pop reward    -0.2 | Time 5429.24 seconds
Generation   3100 | Steps     480593 | Test reward    -0.1 | Mean pop reward    -0.2 | Time 5588.40 seconds
Generation   3200 | Steps     496403 | Test reward    -0.3 | Mean pop reward     0.0 | Time 5751.19 seconds
Generation   3300 | Steps     512424 | Test reward    -0.0 | Mean pop reward     0.1 | Time 5917.28 seconds
Generation   3400 | Steps     528293 | Test reward    -0.1 | Mean pop reward     0.0 | Time 6109.92 seconds
Generation   3500 | Steps     544264 | Test reward    -0.1 | Mean pop reward    -0.0 | Time 6286.53 seconds
Generation   3600 | Steps     560153 | Test reward    -0.4 | Mean pop reward    -0.2 | Time 6466.01 seconds
Generation   3700 | Steps     576058 | Test reward    -0.2 | Mean pop reward    -0.2 | Time 6652.89 seconds
Generation   3800 | Steps     592103 | Test reward    -0.2 | Mean pop reward    -0.3 | Time 6814.04 seconds
Generation   3900 | Steps     608118 | Test reward    -0.0 | Mean pop reward    -0.1 | Time 6975.65 seconds
Generation   4000 | Steps     624087 | Test reward    -0.1 | Mean pop reward    -0.3 | Time 7151.43 seconds
Generation   4100 | Steps     639912 | Test reward    -0.0 | Mean pop reward    -0.2 | Time 7325.31 seconds
Generation   4200 | Steps     655921 | Test reward    -0.1 | Mean pop reward    -0.0 | Time 7527.81 seconds
Generation   4300 | Steps     671946 | Test reward    -0.2 | Mean pop reward    -0.2 | Time 7712.89 seconds
Generation   4400 | Steps     687934 | Test reward    -0.3 | Mean pop reward    -0.0 | Time 7873.93 seconds
Generation   4500 | Steps     703958 | Test reward    -0.1 | Mean pop reward    -0.1 | Time 8033.95 seconds
Generation   4600 | Steps     719927 | Test reward    -0.2 | Mean pop reward    -0.0 | Time 8195.31 seconds
Generation   4700 | Steps     735903 | Test reward    -0.2 | Mean pop reward    -0.1 | Time 8391.38 seconds
Generation   4800 | Steps     751915 | Test reward    -0.2 | Mean pop reward    -0.3 | Time 8591.16 seconds
Generation   4900 | Steps     767967 | Test reward    -0.2 | Mean pop reward    -0.1 | Time 8861.51 seconds
Generation   5000 | Steps     783895 | Test reward     0.1 | Mean pop reward    -0.3 | Time 9022.46 seconds
Generation   5100 | Steps     799761 | Test reward    -0.2 | Mean pop reward    -0.2 | Time 9183.86 seconds
Generation   5200 | Steps     815825 | Test reward     0.0 | Mean pop reward    -0.3 | Time 9365.69 seconds
Generation   5300 | Steps     831927 | Test reward    -0.2 | Mean pop reward    -0.1 | Time 9526.23 seconds
Generation   5400 | Steps     847903 | Test reward    -0.1 | Mean pop reward    -0.2 | Time 9710.39 seconds
Generation   5500 | Steps     863960 | Test reward    -0.3 | Mean pop reward    -0.0 | Time 9870.75 seconds
Generation   5600 | Steps     879743 | Test reward    -0.1 | Mean pop reward    -0.4 | Time 10031.08 seconds
Generation   5700 | Steps     895758 | Test reward    -0.1 | Mean pop reward    -0.2 | Time 10221.16 seconds
Generation   5800 | Steps     911815 | Test reward    -0.2 | Mean pop reward    -0.2 | Time 10381.26 seconds
Generation   5900 | Steps     928073 | Test reward    -0.0 | Mean pop reward    -0.1 | Time 10587.79 seconds
Generation   6000 | Steps     944106 | Test reward    -0.1 | Mean pop reward     0.0 | Time 10754.59 seconds
Generation   6100 | Steps     960151 | Test reward    -0.2 | Mean pop reward    -0.0 | Time 10927.54 seconds
Generation   6200 | Steps     976279 | Test reward    -0.2 | Mean pop reward    -0.2 | Time 11089.23 seconds
Generation   6300 | Steps     992270 | Test reward    -0.1 | Mean pop reward    -0.1 | Time 11319.91 seconds
Generation   6400 | Steps    1008309 | Test reward    -0.0 | Mean pop reward    -0.2 | Time 11482.84 seconds
Generation   6500 | Steps    1024352 | Test reward    -0.1 | Mean pop reward    -0.2 | Time 11644.53 seconds
Generation   6600 | Steps    1040473 | Test reward    -0.1 | Mean pop reward     0.0 | Time 11806.06 seconds
Generation   6700 | Steps    1056592 | Test reward    -0.3 | Mean pop reward    -0.0 | Time 11995.76 seconds
Generation   6800 | Steps    1072750 | Test reward    -0.1 | Mean pop reward    -0.1 | Time 12178.16 seconds
Generation   6900 | Steps    1088896 | Test reward    -0.2 | Mean pop reward     0.0 | Time 12361.65 seconds
Generation   7000 | Steps    1104973 | Test reward     0.1 | Mean pop reward    -0.1 | Time 12525.25 seconds
Generation   7100 | Steps    1121115 | Test reward    -0.4 | Mean pop reward    -0.0 | Time 12715.63 seconds
Generation   7200 | Steps    1137035 | Test reward    -0.1 | Mean pop reward    -0.2 | Time 12940.57 seconds
Generation   7300 | Steps    1153142 | Test reward    -0.1 | Mean pop reward    -0.3 | Time 13118.28 seconds
Generation   7400 | Steps    1169235 | Test reward    -0.2 | Mean pop reward    -0.1 | Time 13298.20 seconds
Generation   7500 | Steps    1185284 | Test reward    -0.2 | Mean pop reward     0.0 | Time 13462.04 seconds
Generation   7600 | Steps    1201414 | Test reward     0.2 | Mean pop reward     0.0 | Time 13625.29 seconds
Generation   7700 | Steps    1217438 | Test reward    -0.2 | Mean pop reward    -0.1 | Time 13812.64 seconds
Generation   7800 | Steps    1233540 | Test reward     0.0 | Mean pop reward    -0.1 | Time 13997.73 seconds
Generation   7900 | Steps    1249556 | Test reward    -0.3 | Mean pop reward    -0.0 | Time 14175.58 seconds
Generation   8000 | Steps    1265615 | Test reward     0.0 | Mean pop reward     0.0 | Time 14338.74 seconds
Generation   8100 | Steps    1281729 | Test reward    -0.1 | Mean pop reward    -0.1 | Time 14561.53 seconds
Generation   8200 | Steps    1297824 | Test reward    -0.1 | Mean pop reward    -0.0 | Time 14727.91 seconds
Generation   8300 | Steps    1314070 | Test reward    -0.1 | Mean pop reward    -0.2 | Time 14898.69 seconds
Generation   8400 | Steps    1330204 | Test reward    -0.2 | Mean pop reward     0.0 | Time 15068.21 seconds
Generation   8500 | Steps    1346372 | Test reward    -0.1 | Mean pop reward    -0.2 | Time 15256.06 seconds
Generation   8600 | Steps    1362468 | Test reward    -0.1 | Mean pop reward    -0.1 | Time 15465.16 seconds
Generation   8700 | Steps    1378637 | Test reward    -0.1 | Mean pop reward    -0.1 | Time 15708.87 seconds
Generation   8800 | Steps    1394822 | Test reward     0.2 | Mean pop reward     0.0 | Time 15886.97 seconds
Generation   8900 | Steps    1410847 | Test reward    -0.1 | Mean pop reward    -0.1 | Time 16063.56 seconds
Generation   9000 | Steps    1427048 | Test reward     0.2 | Mean pop reward     0.0 | Time 16248.45 seconds
Generation   9100 | Steps    1443068 | Test reward    -0.1 | Mean pop reward    -0.1 | Time 16433.62 seconds
Generation   9200 | Steps    1459126 | Test reward     0.1 | Mean pop reward    -0.1 | Time 16599.65 seconds
Generation   9300 | Steps    1475179 | Test reward    -0.1 | Mean pop reward    -0.1 | Time 16784.33 seconds
Generation   9400 | Steps    1491122 | Test reward    -0.0 | Mean pop reward    -0.1 | Time 16991.82 seconds
Generation   9500 | Steps    1507228 | Test reward    -0.1 | Mean pop reward    -0.1 | Time 17207.07 seconds
Generation   9600 | Steps    1523341 | Test reward    -0.0 | Mean pop reward    -0.3 | Time 17374.18 seconds
Generation   9700 | Steps    1539356 | Test reward    -0.1 | Mean pop reward    -0.2 | Time 17552.61 seconds
Generation   9800 | Steps    1555516 | Test reward    -0.1 | Mean pop reward    -0.1 | Time 17768.16 seconds
Generation   9900 | Steps    1571608 | Test reward    -0.1 | Mean pop reward     0.0 | Time 17976.27 seconds
Generation  10000 | Steps    1587690 | Test reward    -0.2 | Mean pop reward    -0.1 | Time 18153.49 seconds
Generation  10100 | Steps    1603822 | Test reward     0.0 | Mean pop reward     0.0 | Time 18355.73 seconds
Generation  10200 | Steps    1619955 | Test reward    -0.1 | Mean pop reward    -0.1 | Time 18543.49 seconds
Generation  10300 | Steps    1636141 | Test reward     0.3 | Mean pop reward     0.0 | Time 18723.87 seconds
Generation  10400 | Steps    1652233 | Test reward    -0.1 | Mean pop reward    -0.1 | Time 18889.59 seconds
Generation  10500 | Steps    1668319 | Test reward    -0.1 | Mean pop reward    -0.2 | Time 19116.33 seconds
Generation  10600 | Steps    1684426 | Test reward     0.1 | Mean pop reward    -0.2 | Time 19319.95 seconds
Generation  10700 | Steps    1700489 | Test reward    -0.1 | Mean pop reward    -0.1 | Time 19499.50 seconds
Generation  10800 | Steps    1716678 | Test reward    -0.2 | Mean pop reward    -0.1 | Time 19666.40 seconds
Generation  10900 | Steps    1732812 | Test reward    -0.3 | Mean pop reward     0.2 | Time 19873.36 seconds
Generation  11000 | Steps    1749041 | Test reward    -0.0 | Mean pop reward    -0.0 | Time 20060.63 seconds
Generation  11100 | Steps    1765160 | Test reward     0.1 | Mean pop reward     0.1 | Time 20242.60 seconds
Generation  11200 | Steps    1781243 | Test reward    -0.2 | Mean pop reward    -0.1 | Time 20415.75 seconds
Generation  11300 | Steps    1797554 | Test reward     0.1 | Mean pop reward    -0.1 | Time 20653.27 seconds
Generation  11400 | Steps    1813813 | Test reward    -0.0 | Mean pop reward    -0.0 | Time 20836.58 seconds
Generation  11500 | Steps    1830014 | Test reward     0.2 | Mean pop reward    -0.2 | Time 21165.49 seconds
Generation  11600 | Steps    1846170 | Test reward     0.1 | Mean pop reward     0.0 | Time 21375.75 seconds
Generation  11700 | Steps    1862248 | Test reward    -0.0 | Mean pop reward    -0.1 | Time 21539.42 seconds
Generation  11800 | Steps    1878436 | Test reward    -0.3 | Mean pop reward     0.1 | Time 21751.97 seconds
Generation  11900 | Steps    1894580 | Test reward     0.1 | Mean pop reward    -0.1 | Time 21956.13 seconds
Generation  12000 | Steps    1910735 | Test reward    -0.1 | Mean pop reward    -0.1 | Time 22195.91 seconds
Generation  12100 | Steps    1926913 | Test reward    -0.1 | Mean pop reward    -0.2 | Time 22363.41 seconds
Generation  12200 | Steps    1943163 | Test reward    -0.1 | Mean pop reward     0.1 | Time 22576.34 seconds
Generation  12300 | Steps    1959397 | Test reward     0.1 | Mean pop reward     0.0 | Time 22742.61 seconds
Generation  12400 | Steps    1975425 | Test reward    -0.2 | Mean pop reward    -0.1 | Time 22949.94 seconds
Generation  12500 | Steps    1991680 | Test reward    -0.0 | Mean pop reward    -0.2 | Time 23184.89 seconds
Generation  12600 | Steps    2007825 | Test reward    -0.1 | Mean pop reward    -0.0 | Time 23377.00 seconds
Generation  12700 | Steps    2024008 | Test reward    -0.1 | Mean pop reward    -0.1 | Time 23569.08 seconds
Generation  12800 | Steps    2040151 | Test reward     0.1 | Mean pop reward     0.1 | Time 23741.02 seconds
Generation  12900 | Steps    2056292 | Test reward    -0.2 | Mean pop reward     0.1 | Time 23911.77 seconds
Generation  13000 | Steps    2072408 | Test reward     0.1 | Mean pop reward    -0.1 | Time 24085.66 seconds
Generation  13100 | Steps    2088507 | Test reward    -0.1 | Mean pop reward    -0.1 | Time 24309.84 seconds
Generation  13200 | Steps    2104747 | Test reward    -0.1 | Mean pop reward    -0.0 | Time 24484.17 seconds
Generation  13300 | Steps    2120883 | Test reward    -0.1 | Mean pop reward     0.1 | Time 24718.93 seconds
Generation  13400 | Steps    2137026 | Test reward     0.0 | Mean pop reward    -0.2 | Time 25095.58 seconds
Generation  13500 | Steps    2153247 | Test reward    -0.2 | Mean pop reward     0.0 | Time 25283.38 seconds
Generation  13600 | Steps    2169339 | Test reward    -0.3 | Mean pop reward    -0.4 | Time 25517.88 seconds
Generation  13700 | Steps    2185390 | Test reward     0.0 | Mean pop reward     0.2 | Time 25750.16 seconds
Generation  13800 | Steps    2201421 | Test reward    -0.2 | Mean pop reward    -0.1 | Time 26037.91 seconds
Generation  13900 | Steps    2217657 | Test reward    -0.2 | Mean pop reward     0.0 | Time 26266.49 seconds
Generation  14000 | Steps    2233859 | Test reward    -0.0 | Mean pop reward     0.0 | Time 26488.94 seconds
Generation  14100 | Steps    2249994 | Test reward    -0.0 | Mean pop reward    -0.1 | Time 26676.43 seconds
Generation  14200 | Steps    2266094 | Test reward    -0.1 | Mean pop reward    -0.0 | Time 26942.35 seconds
Generation  14300 | Steps    2282206 | Test reward    -0.1 | Mean pop reward    -0.1 | Time 27140.21 seconds
Generation  14400 | Steps    2298472 | Test reward     0.1 | Mean pop reward    -0.2 | Time 27349.29 seconds
Generation  14500 | Steps    2314595 | Test reward    -0.1 | Mean pop reward     0.0 | Time 27599.40 seconds
Generation  14600 | Steps    2330742 | Test reward     0.1 | Mean pop reward     0.0 | Time 27803.55 seconds
Generation  14700 | Steps    2346849 | Test reward     0.2 | Mean pop reward    -0.2 | Time 28102.84 seconds
Generation  14800 | Steps    2363201 | Test reward     0.2 | Mean pop reward    -0.0 | Time 28278.87 seconds
Generation  14900 | Steps    2379551 | Test reward     0.2 | Mean pop reward    -0.1 | Time 28523.98 seconds
Generation  15000 | Steps    2395655 | Test reward    -0.4 | Mean pop reward    -0.1 | Time 28737.22 seconds
Generation  15100 | Steps    2411798 | Test reward    -0.1 | Mean pop reward    -0.1 | Time 28948.83 seconds
Generation  15200 | Steps    2427963 | Test reward    -0.1 | Mean pop reward     0.1 | Time 29144.82 seconds
Generation  15300 | Steps    2444077 | Test reward    -0.1 | Mean pop reward    -0.1 | Time 29315.57 seconds
Generation  15400 | Steps    2460272 | Test reward    -0.1 | Mean pop reward     0.0 | Time 29538.03 seconds
Generation  15500 | Steps    2476400 | Test reward    -0.0 | Mean pop reward    -0.1 | Time 29730.19 seconds
Generation  15600 | Steps    2492489 | Test reward     0.0 | Mean pop reward    -0.3 | Time 29907.85 seconds
Generation  15700 | Steps    2508671 | Test reward    -0.0 | Mean pop reward     0.1 | Time 30133.16 seconds
Generation  15800 | Steps    2524956 | Test reward    -0.1 | Mean pop reward    -0.0 | Time 30333.72 seconds
Generation  15900 | Steps    2541215 | Test reward    -0.0 | Mean pop reward     0.0 | Time 30505.60 seconds
Generation  16000 | Steps    2557418 | Test reward    -0.1 | Mean pop reward     0.1 | Time 30707.44 seconds
Generation  16100 | Steps    2573534 | Test reward     0.4 | Mean pop reward     0.0 | Time 30877.98 seconds
Generation  16200 | Steps    2589621 | Test reward     0.1 | Mean pop reward    -0.1 | Time 31115.33 seconds
Generation  16300 | Steps    2605844 | Test reward    -0.5 | Mean pop reward    -0.3 | Time 31318.40 seconds
Generation  16400 | Steps    2621975 | Test reward    -0.0 | Mean pop reward     0.2 | Time 31492.66 seconds
Generation  16500 | Steps    2638258 | Test reward    -0.1 | Mean pop reward    -0.0 | Time 31669.49 seconds
Generation  16600 | Steps    2654369 | Test reward    -0.2 | Mean pop reward     0.0 | Time 31845.89 seconds
Generation  16700 | Steps    2670658 | Test reward     0.2 | Mean pop reward    -0.2 | Time 32033.14 seconds
Generation  16800 | Steps    2686890 | Test reward    -0.1 | Mean pop reward    -0.1 | Time 32224.08 seconds
Generation  16900 | Steps    2703041 | Test reward    -0.1 | Mean pop reward    -0.3 | Time 32419.36 seconds
Generation  17000 | Steps    2719254 | Test reward    -0.1 | Mean pop reward     0.1 | Time 32618.79 seconds
Generation  17100 | Steps    2735458 | Test reward     0.2 | Mean pop reward    -0.1 | Time 32876.57 seconds
Generation  17200 | Steps    2751613 | Test reward    -0.2 | Mean pop reward    -0.0 | Time 33129.04 seconds
Generation  17300 | Steps    2767740 | Test reward     0.1 | Mean pop reward     0.1 | Time 33298.04 seconds
Generation  17400 | Steps    2783827 | Test reward    -0.0 | Mean pop reward     0.1 | Time 33492.07 seconds
Generation  17500 | Steps    2800026 | Test reward    -0.2 | Mean pop reward    -0.1 | Time 33711.94 seconds
Generation  17600 | Steps    2816255 | Test reward    -0.2 | Mean pop reward    -0.1 | Time 33889.25 seconds
Generation  17700 | Steps    2832371 | Test reward    -0.3 | Mean pop reward    -0.3 | Time 34060.08 seconds
Generation  17800 | Steps    2848462 | Test reward    -0.3 | Mean pop reward     0.1 | Time 34228.84 seconds
Generation  17900 | Steps    2864758 | Test reward     0.0 | Mean pop reward     0.0 | Time 34444.55 seconds
Generation  18000 | Steps    2881102 | Test reward     0.0 | Mean pop reward     0.0 | Time 34614.00 seconds
Generation  18100 | Steps    2897329 | Test reward    -0.0 | Mean pop reward    -0.2 | Time 34792.18 seconds
Generation  18200 | Steps    2913529 | Test reward     0.3 | Mean pop reward     0.1 | Time 34963.99 seconds
Generation  18300 | Steps    2929917 | Test reward     0.1 | Mean pop reward     0.1 | Time 35211.98 seconds
Generation  18400 | Steps    2946120 | Test reward     0.1 | Mean pop reward    -0.2 | Time 35435.55 seconds
Generation  18500 | Steps    2962369 | Test reward    -0.1 | Mean pop reward     0.0 | Time 35607.58 seconds
Generation  18600 | Steps    2978620 | Test reward    -0.1 | Mean pop reward    -0.1 | Time 35793.41 seconds
Generation  18700 | Steps    2994800 | Test reward    -0.0 | Mean pop reward    -0.1 | Time 35980.92 seconds
Generation  18800 | Steps    3010997 | Test reward    -0.1 | Mean pop reward    -0.1 | Time 36162.79 seconds
Generation  18900 | Steps    3027130 | Test reward    -0.1 | Mean pop reward    -0.0 | Time 36331.73 seconds
Generation  19000 | Steps    3043291 | Test reward     0.1 | Mean pop reward    -0.2 | Time 36501.50 seconds
Generation  19100 | Steps    3059481 | Test reward    -0.1 | Mean pop reward    -0.1 | Time 36677.76 seconds
Generation  19200 | Steps    3075575 | Test reward     0.0 | Mean pop reward    -0.1 | Time 36884.50 seconds
Generation  19300 | Steps    3091952 | Test reward    -0.4 | Mean pop reward    -0.1 | Time 37061.75 seconds
Generation  19400 | Steps    3108102 | Test reward    -0.2 | Mean pop reward    -0.0 | Time 37230.54 seconds
Generation  19500 | Steps    3124303 | Test reward    -0.2 | Mean pop reward    -0.0 | Time 37459.00 seconds
Generation  19600 | Steps    3140544 | Test reward     0.1 | Mean pop reward    -0.0 | Time 37663.17 seconds
Generation  19700 | Steps    3156850 | Test reward     0.2 | Mean pop reward    -0.0 | Time 37846.47 seconds
Generation  19800 | Steps    3173089 | Test reward     0.1 | Mean pop reward    -0.0 | Time 38026.03 seconds
Generation  19900 | Steps    3189249 | Test reward     0.0 | Mean pop reward    -0.0 | Time 38208.20 seconds
Generation  20000 | Steps    3205349 | Test reward     0.1 | Mean pop reward    -0.1 | Time 38433.86 seconds
Generation  20100 | Steps    3221440 | Test reward    -0.2 | Mean pop reward     0.1 | Time 38600.57 seconds
Generation  20200 | Steps    3237630 | Test reward    -0.2 | Mean pop reward    -0.0 | Time 38766.44 seconds
Generation  20300 | Steps    3253762 | Test reward    -0.2 | Mean pop reward    -0.2 | Time 38952.52 seconds
Generation  20400 | Steps    3270011 | Test reward    -0.2 | Mean pop reward    -0.1 | Time 39146.57 seconds
Generation  20500 | Steps    3286273 | Test reward     0.0 | Mean pop reward    -0.1 | Time 39337.48 seconds
Generation  20600 | Steps    3302382 | Test reward    -0.1 | Mean pop reward    -0.2 | Time 39503.89 seconds
Generation  20700 | Steps    3318690 | Test reward    -0.1 | Mean pop reward     0.1 | Time 39692.57 seconds
Generation  20800 | Steps    3334811 | Test reward    -0.2 | Mean pop reward    -0.1 | Time 39880.76 seconds
Generation  20900 | Steps    3350934 | Test reward    -0.0 | Mean pop reward    -0.1 | Time 40058.24 seconds
Generation  21000 | Steps    3367113 | Test reward     0.2 | Mean pop reward     0.1 | Time 40252.30 seconds
Generation  21100 | Steps    3383215 | Test reward     0.0 | Mean pop reward     0.2 | Time 40422.68 seconds
Generation  21200 | Steps    3399256 | Test reward     0.0 | Mean pop reward     0.0 | Time 40593.58 seconds
Generation  21300 | Steps    3415478 | Test reward     0.1 | Mean pop reward    -0.0 | Time 40801.97 seconds
Generation  21400 | Steps    3431738 | Test reward    -0.1 | Mean pop reward     0.0 | Time 40972.24 seconds
Generation  21500 | Steps    3447949 | Test reward    -0.2 | Mean pop reward    -0.0 | Time 41141.11 seconds
Generation  21600 | Steps    3464084 | Test reward    -0.2 | Mean pop reward    -0.1 | Time 41308.64 seconds
Generation  21700 | Steps    3480261 | Test reward     0.0 | Mean pop reward     0.2 | Time 41474.83 seconds
Generation  21800 | Steps    3496470 | Test reward     0.2 | Mean pop reward     0.0 | Time 41711.33 seconds
Generation  21900 | Steps    3512653 | Test reward     0.0 | Mean pop reward    -0.3 | Time 41878.48 seconds
Generation  22000 | Steps    3528870 | Test reward    -0.1 | Mean pop reward    -0.1 | Time 42082.28 seconds
Generation  22100 | Steps    3545064 | Test reward     0.1 | Mean pop reward    -0.1 | Time 42253.22 seconds
Generation  22200 | Steps    3561143 | Test reward     0.0 | Mean pop reward    -0.2 | Time 42421.54 seconds
Generation  22300 | Steps    3577358 | Test reward    -0.1 | Mean pop reward    -0.2 | Time 42614.47 seconds
Generation  22400 | Steps    3593634 | Test reward     0.0 | Mean pop reward    -0.0 | Time 42784.82 seconds
Generation  22500 | Steps    3609791 | Test reward    -0.2 | Mean pop reward    -0.0 | Time 42956.56 seconds
Generation  22600 | Steps    3625952 | Test reward     0.1 | Mean pop reward    -0.2 | Time 43127.29 seconds
Generation  22700 | Steps    3642062 | Test reward    -0.1 | Mean pop reward    -0.3 | Time 43296.88 seconds
Generation  22800 | Steps    3658283 | Test reward    -0.0 | Mean pop reward     0.1 | Time 43468.29 seconds
Generation  22900 | Steps    3674461 | Test reward    -0.1 | Mean pop reward    -0.1 | Time 43659.33 seconds
Generation  23000 | Steps    3690592 | Test reward    -0.1 | Mean pop reward    -0.1 | Time 43829.97 seconds
Generation  23100 | Steps    3706839 | Test reward     0.2 | Mean pop reward     0.2 | Time 43999.65 seconds
Generation  23200 | Steps    3723096 | Test reward    -0.0 | Mean pop reward    -0.1 | Time 44172.24 seconds
Generation  23300 | Steps    3739323 | Test reward    -0.0 | Mean pop reward    -0.1 | Time 44338.49 seconds
Generation  23400 | Steps    3755450 | Test reward     0.2 | Mean pop reward    -0.1 | Time 44508.85 seconds
Generation  23500 | Steps    3771678 | Test reward    -0.2 | Mean pop reward    -0.2 | Time 44743.42 seconds
Generation  23600 | Steps    3787974 | Test reward    -0.0 | Mean pop reward     0.1 | Time 44936.38 seconds
Generation  23700 | Steps    3804271 | Test reward    -0.0 | Mean pop reward     0.1 | Time 45116.36 seconds
Generation  23800 | Steps    3820543 | Test reward    -0.3 | Mean pop reward     0.1 | Time 45285.14 seconds
Generation  23900 | Steps    3836745 | Test reward    -0.2 | Mean pop reward    -0.1 | Time 45479.74 seconds
Generation  24000 | Steps    3852952 | Test reward    -0.2 | Mean pop reward     0.0 | Time 45671.37 seconds
Generation  24100 | Steps    3869178 | Test reward     0.1 | Mean pop reward    -0.0 | Time 45884.72 seconds
Generation  24200 | Steps    3885429 | Test reward    -0.1 | Mean pop reward    -0.0 | Time 46066.38 seconds
Generation  24300 | Steps    3901532 | Test reward    -0.1 | Mean pop reward     0.0 | Time 46240.39 seconds
Generation  24400 | Steps    3917793 | Test reward    -0.1 | Mean pop reward    -0.1 | Time 46444.89 seconds
Generation  24500 | Steps    3933975 | Test reward     0.1 | Mean pop reward    -0.1 | Time 46617.90 seconds
Generation  24600 | Steps    3950128 | Test reward    -0.1 | Mean pop reward    -0.0 | Time 46786.09 seconds
Generation  24700 | Steps    3966405 | Test reward     0.1 | Mean pop reward     0.0 | Time 46960.71 seconds
Generation  24800 | Steps    3982601 | Test reward    -0.0 | Mean pop reward    -0.2 | Time 47147.09 seconds
Generation  24900 | Steps    3998850 | Test reward     0.4 | Mean pop reward    -0.1 | Time 47326.52 seconds
Generation  25000 | Steps    4015158 | Test reward    -0.1 | Mean pop reward     0.0 | Time 47508.75 seconds
Generation  25100 | Steps    4031322 | Test reward     0.1 | Mean pop reward    -0.3 | Time 47696.57 seconds
Generation  25200 | Steps    4047444 | Test reward    -0.0 | Mean pop reward     0.1 | Time 47864.70 seconds
Generation  25300 | Steps    4063686 | Test reward    -0.3 | Mean pop reward    -0.1 | Time 48031.99 seconds
Generation  25400 | Steps    4079879 | Test reward    -0.2 | Mean pop reward    -0.2 | Time 48198.34 seconds
Generation  25500 | Steps    4096092 | Test reward    -0.0 | Mean pop reward    -0.0 | Time 48371.34 seconds
Generation  25600 | Steps    4112393 | Test reward    -0.2 | Mean pop reward    -0.1 | Time 48538.12 seconds
Generation  25700 | Steps    4128654 | Test reward     0.1 | Mean pop reward    -0.1 | Time 48704.81 seconds
Generation  25800 | Steps    4144834 | Test reward    -0.1 | Mean pop reward    -0.1 | Time 48872.92 seconds
Generation  25900 | Steps    4161052 | Test reward     0.3 | Mean pop reward     0.0 | Time 49044.12 seconds
Generation  26000 | Steps    4177340 | Test reward     0.2 | Mean pop reward    -0.2 | Time 49214.01 seconds
Generation  26100 | Steps    4193484 | Test reward    -0.1 | Mean pop reward     0.1 | Time 49383.06 seconds
Generation  26200 | Steps    4209594 | Test reward     0.1 | Mean pop reward     0.2 | Time 49568.90 seconds
Generation  26300 | Steps    4225846 | Test reward    -0.2 | Mean pop reward    -0.1 | Time 49775.66 seconds
Generation  26400 | Steps    4242026 | Test reward    -0.0 | Mean pop reward    -0.1 | Time 49947.72 seconds
Generation  26500 | Steps    4258285 | Test reward    -0.0 | Mean pop reward     0.1 | Time 50125.51 seconds
Generation  26600 | Steps    4274431 | Test reward    -0.1 | Mean pop reward    -0.1 | Time 50293.03 seconds
Generation  26700 | Steps    4290818 | Test reward    -0.1 | Mean pop reward    -0.1 | Time 50471.80 seconds
Generation  26800 | Steps    4307063 | Test reward    -0.2 | Mean pop reward    -0.3 | Time 50638.99 seconds
Generation  26900 | Steps    4323388 | Test reward     0.2 | Mean pop reward    -0.0 | Time 50817.53 seconds
Generation  27000 | Steps    4339705 | Test reward     0.1 | Mean pop reward    -0.2 | Time 50995.24 seconds
Generation  27100 | Steps    4355794 | Test reward    -0.1 | Mean pop reward     0.2 | Time 51180.27 seconds
Generation  27200 | Steps    4372012 | Test reward    -0.2 | Mean pop reward    -0.2 | Time 51356.30 seconds
Generation  27300 | Steps    4388310 | Test reward    -0.2 | Mean pop reward     0.1 | Time 51524.58 seconds
Generation  27400 | Steps    4404567 | Test reward    -0.2 | Mean pop reward    -0.0 | Time 51692.41 seconds
Generation  27500 | Steps    4420887 | Test reward    -0.1 | Mean pop reward     0.1 | Time 51860.10 seconds
Generation  27600 | Steps    4437240 | Test reward    -0.2 | Mean pop reward     0.1 | Time 52027.92 seconds
Generation  27700 | Steps    4453450 | Test reward     0.2 | Mean pop reward    -0.0 | Time 52226.04 seconds
Generation  27800 | Steps    4469622 | Test reward     0.0 | Mean pop reward    -0.1 | Time 52418.02 seconds
Generation  27900 | Steps    4485771 | Test reward    -0.1 | Mean pop reward    -0.1 | Time 52589.71 seconds
Generation  28000 | Steps    4502042 | Test reward    -0.0 | Mean pop reward     0.0 | Time 52834.80 seconds
Generation  28100 | Steps    4518264 | Test reward     0.2 | Mean pop reward     0.1 | Time 53002.60 seconds
Generation  28200 | Steps    4534438 | Test reward    -0.1 | Mean pop reward    -0.0 | Time 53171.20 seconds
Generation  28300 | Steps    4550592 | Test reward    -0.1 | Mean pop reward    -0.1 | Time 53399.23 seconds
Generation  28400 | Steps    4566805 | Test reward     0.0 | Mean pop reward    -0.2 | Time 53608.80 seconds
Generation  28500 | Steps    4583043 | Test reward     0.1 | Mean pop reward    -0.1 | Time 53777.34 seconds
Generation  28600 | Steps    4599319 | Test reward    -0.1 | Mean pop reward    -0.1 | Time 53946.48 seconds
Generation  28700 | Steps    4615607 | Test reward    -0.1 | Mean pop reward    -0.1 | Time 54115.45 seconds
Generation  28800 | Steps    4631923 | Test reward    -0.1 | Mean pop reward    -0.0 | Time 54315.05 seconds
Generation  28900 | Steps    4648116 | Test reward    -0.1 | Mean pop reward    -0.1 | Time 54497.26 seconds
Generation  29000 | Steps    4664449 | Test reward    -0.1 | Mean pop reward     0.3 | Time 54681.99 seconds
Generation  29100 | Steps    4680785 | Test reward    -0.0 | Mean pop reward    -0.1 | Time 54851.02 seconds
Generation  29200 | Steps    4697156 | Test reward    -0.2 | Mean pop reward    -0.0 | Time 55018.32 seconds
Generation  29300 | Steps    4713426 | Test reward    -0.1 | Mean pop reward     0.0 | Time 55186.68 seconds
Generation  29400 | Steps    4729474 | Test reward    -0.1 | Mean pop reward    -0.1 | Time 55355.10 seconds
Generation  29500 | Steps    4745707 | Test reward     0.1 | Mean pop reward    -0.1 | Time 55522.88 seconds
Generation  29600 | Steps    4761935 | Test reward    -0.2 | Mean pop reward    -0.3 | Time 55691.53 seconds
Generation  29700 | Steps    4777953 | Test reward     0.1 | Mean pop reward    -0.3 | Time 55859.72 seconds
Generation  29800 | Steps    4794071 | Test reward    -0.0 | Mean pop reward     0.1 | Time 56028.03 seconds
Generation  29900 | Steps    4810215 | Test reward    -0.1 | Mean pop reward     0.1 | Time 56239.98 seconds
Generation  30000 | Steps    4826445 | Test reward     0.2 | Mean pop reward    -0.1 | Time 56409.66 seconds
Generation  30100 | Steps    4842834 | Test reward    -0.1 | Mean pop reward     0.0 | Time 56579.33 seconds
Generation  30200 | Steps    4858950 | Test reward     0.1 | Mean pop reward     0.0 | Time 56746.74 seconds
Generation  30300 | Steps    4875229 | Test reward    -0.1 | Mean pop reward     0.1 | Time 56951.79 seconds
Generation  30400 | Steps    4891448 | Test reward     0.3 | Mean pop reward     0.0 | Time 57124.60 seconds
Generation  30500 | Steps    4907751 | Test reward    -0.1 | Mean pop reward     0.0 | Time 57347.53 seconds
Generation  30600 | Steps    4924014 | Test reward     0.2 | Mean pop reward    -0.1 | Time 57530.12 seconds
Generation  30700 | Steps    4940044 | Test reward    -0.1 | Mean pop reward    -0.0 | Time 57698.99 seconds
Generation  30800 | Steps    4956233 | Test reward     0.1 | Mean pop reward    -0.0 | Time 57911.60 seconds
Generation  30900 | Steps    4972331 | Test reward    -0.1 | Mean pop reward    -0.1 | Time 58079.44 seconds
Generation  31000 | Steps    4988693 | Test reward    -0.1 | Mean pop reward     0.0 | Time 58248.69 seconds
Generation  31100 | Steps    5004875 | Test reward    -0.1 | Mean pop reward    -0.1 | Time 58418.62 seconds
Generation  31200 | Steps    5021022 | Test reward    -0.2 | Mean pop reward    -0.1 | Time 58589.23 seconds
Generation  31300 | Steps    5037217 | Test reward    -0.0 | Mean pop reward    -0.0 | Time 58759.16 seconds
Generation  31400 | Steps    5053434 | Test reward     0.1 | Mean pop reward     0.1 | Time 58927.97 seconds
Generation  31500 | Steps    5069711 | Test reward    -0.2 | Mean pop reward    -0.2 | Time 59097.09 seconds
Generation  31600 | Steps    5085820 | Test reward     0.0 | Mean pop reward    -0.3 | Time 59270.78 seconds
Generation  31700 | Steps    5102028 | Test reward    -0.1 | Mean pop reward     0.0 | Time 59501.57 seconds
Generation  31800 | Steps    5118417 | Test reward     0.1 | Mean pop reward     0.0 | Time 59671.21 seconds
Generation  31900 | Steps    5134691 | Test reward     0.0 | Mean pop reward    -0.1 | Time 59840.40 seconds
Generation  32000 | Steps    5150839 | Test reward    -0.2 | Mean pop reward    -0.0 | Time 60011.19 seconds
Generation  32100 | Steps    5167016 | Test reward    -0.2 | Mean pop reward     0.2 | Time 60180.96 seconds
Generation  32200 | Steps    5183326 | Test reward     0.0 | Mean pop reward     0.1 | Time 60348.97 seconds
Generation  32300 | Steps    5199549 | Test reward    -0.2 | Mean pop reward    -0.0 | Time 60517.70 seconds
Generation  32400 | Steps    5215812 | Test reward     0.0 | Mean pop reward    -0.1 | Time 60686.72 seconds
Generation  32500 | Steps    5232053 | Test reward     0.0 | Mean pop reward    -0.1 | Time 60858.03 seconds
Generation  32600 | Steps    5248403 | Test reward    -0.2 | Mean pop reward     0.3 | Time 61026.79 seconds
Generation  32700 | Steps    5264691 | Test reward     0.2 | Mean pop reward     0.0 | Time 61198.54 seconds
Generation  32800 | Steps    5281060 | Test reward     0.1 | Mean pop reward    -0.1 | Time 61382.57 seconds
Generation  32900 | Steps    5297380 | Test reward     0.1 | Mean pop reward    -0.1 | Time 61552.25 seconds
Generation  33000 | Steps    5313610 | Test reward    -0.0 | Mean pop reward    -0.1 | Time 61729.65 seconds
Generation  33100 | Steps    5329864 | Test reward    -0.0 | Mean pop reward     0.1 | Time 61899.21 seconds
Generation  33200 | Steps    5346076 | Test reward    -0.1 | Mean pop reward     0.1 | Time 62072.49 seconds
Generation  33300 | Steps    5362422 | Test reward    -0.0 | Mean pop reward     0.1 | Time 62241.80 seconds
Generation  33400 | Steps    5378839 | Test reward    -0.1 | Mean pop reward    -0.0 | Time 62410.06 seconds
Generation  33500 | Steps    5395024 | Test reward    -0.2 | Mean pop reward    -0.1 | Time 62590.84 seconds
Generation  33600 | Steps    5411310 | Test reward     0.1 | Mean pop reward     0.0 | Time 62759.63 seconds
Generation  33700 | Steps    5427481 | Test reward    -0.0 | Mean pop reward    -0.3 | Time 62933.46 seconds
Generation  33800 | Steps    5443705 | Test reward     0.1 | Mean pop reward     0.0 | Time 63102.81 seconds
Generation  33900 | Steps    5459872 | Test reward    -0.1 | Mean pop reward    -0.2 | Time 63273.03 seconds
Generation  34000 | Steps    5476108 | Test reward    -0.1 | Mean pop reward    -0.2 | Time 63443.99 seconds
Generation  34100 | Steps    5492375 | Test reward    -0.2 | Mean pop reward    -0.1 | Time 63663.76 seconds
Generation  34200 | Steps    5508613 | Test reward    -0.1 | Mean pop reward     0.2 | Time 63833.73 seconds
Generation  34300 | Steps    5524786 | Test reward    -0.0 | Mean pop reward    -0.0 | Time 64003.70 seconds
Generation  34400 | Steps    5541098 | Test reward     0.1 | Mean pop reward     0.0 | Time 64174.52 seconds
Generation  34500 | Steps    5557248 | Test reward    -0.1 | Mean pop reward     0.1 | Time 64343.69 seconds
Generation  34600 | Steps    5573671 | Test reward     0.1 | Mean pop reward     0.2 | Time 64512.92 seconds
Generation  34700 | Steps    5589963 | Test reward    -0.2 | Mean pop reward    -0.1 | Time 64682.35 seconds
Generation  34800 | Steps    5606248 | Test reward     0.1 | Mean pop reward    -0.2 | Time 64852.49 seconds
Generation  34900 | Steps    5622481 | Test reward     0.1 | Mean pop reward    -0.1 | Time 65021.98 seconds
Generation  35000 | Steps    5638720 | Test reward    -0.2 | Mean pop reward    -0.1 | Time 65191.41 seconds
Generation  35100 | Steps    5655030 | Test reward    -0.3 | Mean pop reward    -0.0 | Time 65362.84 seconds
Generation  35200 | Steps    5671262 | Test reward     0.1 | Mean pop reward     0.1 | Time 65533.25 seconds
Generation  35300 | Steps    5687507 | Test reward     0.1 | Mean pop reward     0.0 | Time 65703.73 seconds
Generation  35400 | Steps    5703704 | Test reward    -0.0 | Mean pop reward    -0.2 | Time 65873.98 seconds
Generation  35500 | Steps    5719926 | Test reward     0.0 | Mean pop reward     0.0 | Time 66044.61 seconds
Generation  35600 | Steps    5736234 | Test reward     0.1 | Mean pop reward    -0.1 | Time 66214.36 seconds
Generation  35700 | Steps    5752526 | Test reward     0.1 | Mean pop reward    -0.1 | Time 66385.57 seconds
Generation  35800 | Steps    5768837 | Test reward    -0.0 | Mean pop reward     0.1 | Time 66557.72 seconds
Generation  35900 | Steps    5785165 | Test reward     0.1 | Mean pop reward    -0.1 | Time 66727.77 seconds
Generation  36000 | Steps    5801549 | Test reward     0.2 | Mean pop reward     0.1 | Time 66899.47 seconds
Generation  36100 | Steps    5817772 | Test reward    -0.4 | Mean pop reward    -0.0 | Time 67069.12 seconds
Generation  36200 | Steps    5834076 | Test reward    -0.1 | Mean pop reward    -0.0 | Time 67240.14 seconds
Generation  36300 | Steps    5850322 | Test reward    -0.2 | Mean pop reward    -0.1 | Time 67411.49 seconds
Generation  36400 | Steps    5866649 | Test reward    -0.1 | Mean pop reward     0.0 | Time 67581.58 seconds
Generation  36500 | Steps    5882975 | Test reward     0.0 | Mean pop reward    -0.1 | Time 67752.27 seconds
Generation  36600 | Steps    5899100 | Test reward    -0.3 | Mean pop reward     0.0 | Time 67973.32 seconds
Generation  36700 | Steps    5915568 | Test reward    -0.2 | Mean pop reward    -0.1 | Time 68144.26 seconds
Generation  36800 | Steps    5931709 | Test reward     0.1 | Mean pop reward     0.0 | Time 68316.09 seconds
Generation  36900 | Steps    5948065 | Test reward     0.1 | Mean pop reward    -0.2 | Time 68487.34 seconds
Generation  37000 | Steps    5964166 | Test reward    -0.1 | Mean pop reward     0.0 | Time 68657.82 seconds
Generation  37100 | Steps    5980372 | Test reward    -0.2 | Mean pop reward    -0.0 | Time 68829.60 seconds
Generation  37200 | Steps    5996519 | Test reward     0.3 | Mean pop reward    -0.2 | Time 69000.36 seconds
Generation  37300 | Steps    6012763 | Test reward    -0.0 | Mean pop reward    -0.0 | Time 69171.46 seconds
Generation  37400 | Steps    6028931 | Test reward    -0.0 | Mean pop reward    -0.2 | Time 69342.58 seconds
Generation  37500 | Steps    6045158 | Test reward     0.1 | Mean pop reward     0.0 | Time 69515.96 seconds
Generation  37600 | Steps    6061278 | Test reward    -0.1 | Mean pop reward     0.1 | Time 69688.16 seconds
Generation  37700 | Steps    6077429 | Test reward     0.2 | Mean pop reward    -0.1 | Time 69859.79 seconds
Generation  37800 | Steps    6093561 | Test reward    -0.1 | Mean pop reward    -0.1 | Time 70031.65 seconds
Generation  37900 | Steps    6109790 | Test reward     0.1 | Mean pop reward    -0.0 | Time 70203.85 seconds
Generation  38000 | Steps    6126126 | Test reward     0.1 | Mean pop reward    -0.1 | Time 70375.22 seconds
Generation  38100 | Steps    6142312 | Test reward     0.0 | Mean pop reward     0.0 | Time 70546.91 seconds
Generation  38200 | Steps    6158562 | Test reward    -0.0 | Mean pop reward    -0.0 | Time 70717.92 seconds
Generation  38300 | Steps    6174722 | Test reward     0.2 | Mean pop reward     0.0 | Time 70889.61 seconds
Generation  38400 | Steps    6191149 | Test reward    -0.1 | Mean pop reward    -0.1 | Time 71061.86 seconds
Generation  38500 | Steps    6207373 | Test reward     0.1 | Mean pop reward    -0.0 | Time 71235.28 seconds
Generation  38600 | Steps    6223736 | Test reward    -0.2 | Mean pop reward    -0.1 | Time 71408.34 seconds
Generation  38700 | Steps    6239936 | Test reward     0.0 | Mean pop reward    -0.1 | Time 71581.54 seconds
Generation  38800 | Steps    6256279 | Test reward     0.1 | Mean pop reward     0.2 | Time 71754.39 seconds
Generation  38900 | Steps    6272548 | Test reward    -0.0 | Mean pop reward     0.1 | Time 71927.93 seconds
Generation  39000 | Steps    6288693 | Test reward     0.1 | Mean pop reward    -0.0 | Time 72100.23 seconds
Generation  39100 | Steps    6304796 | Test reward    -0.2 | Mean pop reward    -0.1 | Time 72272.22 seconds
Generation  39200 | Steps    6321015 | Test reward     0.1 | Mean pop reward    -0.1 | Time 72445.62 seconds
Generation  39300 | Steps    6337121 | Test reward    -0.1 | Mean pop reward    -0.2 | Time 72617.63 seconds
Generation  39400 | Steps    6353225 | Test reward     0.1 | Mean pop reward    -0.1 | Time 72803.49 seconds
Generation  39500 | Steps    6369405 | Test reward    -0.0 | Mean pop reward    -0.0 | Time 72977.25 seconds
Generation  39600 | Steps    6385741 | Test reward    -0.1 | Mean pop reward     0.1 | Time 73157.17 seconds
Generation  39700 | Steps    6401934 | Test reward    -0.2 | Mean pop reward     0.0 | Time 73329.82 seconds
Generation  39800 | Steps    6418349 | Test reward     0.0 | Mean pop reward    -0.1 | Time 73517.85 seconds
Generation  39900 | Steps    6434556 | Test reward    -0.3 | Mean pop reward     0.1 | Time 73691.48 seconds
Generation  40000 | Steps    6450793 | Test reward    -0.1 | Mean pop reward    -0.1 | Time 73877.79 seconds
Generation  40100 | Steps    6467178 | Test reward     0.0 | Mean pop reward    -0.0 | Time 74050.30 seconds
Generation  40200 | Steps    6483621 | Test reward    -0.2 | Mean pop reward     0.0 | Time 74224.21 seconds
Generation  40300 | Steps    6499872 | Test reward    -0.0 | Mean pop reward     0.2 | Time 74397.14 seconds
Generation  40400 | Steps    6516252 | Test reward    -0.2 | Mean pop reward     0.0 | Time 74568.07 seconds
Generation  40500 | Steps    6532554 | Test reward     0.0 | Mean pop reward    -0.1 | Time 74740.60 seconds
Generation  40600 | Steps    6548794 | Test reward     0.0 | Mean pop reward    -0.0 | Time 74912.90 seconds
Generation  40700 | Steps    6565150 | Test reward    -0.0 | Mean pop reward    -0.1 | Time 75087.60 seconds
Generation  40800 | Steps    6581443 | Test reward     0.2 | Mean pop reward     0.2 | Time 75260.33 seconds
Generation  40900 | Steps    6597722 | Test reward     0.0 | Mean pop reward    -0.0 | Time 75433.94 seconds
Generation  41000 | Steps    6613951 | Test reward    -0.0 | Mean pop reward    -0.2 | Time 75608.05 seconds
Generation  41100 | Steps    6630391 | Test reward    -0.2 | Mean pop reward     0.0 | Time 75781.45 seconds
Generation  41200 | Steps    6646683 | Test reward     0.1 | Mean pop reward     0.1 | Time 75954.01 seconds
Generation  41300 | Steps    6662959 | Test reward    -0.0 | Mean pop reward    -0.0 | Time 76126.26 seconds
Generation  41400 | Steps    6679116 | Test reward     0.1 | Mean pop reward     0.2 | Time 76298.86 seconds
Generation  41500 | Steps    6695285 | Test reward     0.1 | Mean pop reward     0.0 | Time 76496.59 seconds
Generation  41600 | Steps    6711575 | Test reward     0.1 | Mean pop reward     0.1 | Time 76670.44 seconds
Generation  41700 | Steps    6727919 | Test reward     0.0 | Mean pop reward     0.2 | Time 76864.15 seconds
Generation  41800 | Steps    6744118 | Test reward    -0.1 | Mean pop reward    -0.1 | Time 77103.59 seconds
Generation  41900 | Steps    6760329 | Test reward    -0.0 | Mean pop reward    -0.2 | Time 77277.52 seconds
Generation  42000 | Steps    6776464 | Test reward    -0.2 | Mean pop reward    -0.2 | Time 77451.44 seconds
Generation  42100 | Steps    6792664 | Test reward     0.1 | Mean pop reward    -0.1 | Time 77625.58 seconds
Generation  42200 | Steps    6809022 | Test reward     0.2 | Mean pop reward     0.1 | Time 77801.03 seconds
Generation  42300 | Steps    6825219 | Test reward     0.0 | Mean pop reward    -0.1 | Time 77974.59 seconds
Generation  42400 | Steps    6841475 | Test reward     0.1 | Mean pop reward     0.0 | Time 78147.96 seconds
Generation  42500 | Steps    6857743 | Test reward     0.0 | Mean pop reward     0.2 | Time 78320.95 seconds
Generation  42600 | Steps    6874020 | Test reward    -0.0 | Mean pop reward     0.2 | Time 78494.55 seconds
Generation  42700 | Steps    6890337 | Test reward     0.1 | Mean pop reward    -0.1 | Time 78668.71 seconds
Generation  42800 | Steps    6906572 | Test reward    -0.0 | Mean pop reward    -0.1 | Time 78841.85 seconds
Generation  42900 | Steps    6922995 | Test reward    -0.4 | Mean pop reward     0.1 | Time 79014.52 seconds
Generation  43000 | Steps    6939330 | Test reward     0.0 | Mean pop reward    -0.1 | Time 79189.30 seconds
Generation  43100 | Steps    6955650 | Test reward    -0.0 | Mean pop reward     0.0 | Time 79362.01 seconds
Generation  43200 | Steps    6972041 | Test reward     0.1 | Mean pop reward     0.2 | Time 79534.65 seconds
Generation  43300 | Steps    6988245 | Test reward     0.1 | Mean pop reward     0.0 | Time 79708.57 seconds
Generation  43400 | Steps    7004220 | Test reward     0.1 | Mean pop reward     0.1 | Time 79882.08 seconds
Generation  43500 | Steps    7020417 | Test reward     0.1 | Mean pop reward    -0.1 | Time 80056.44 seconds
Generation  43600 | Steps    7036651 | Test reward    -0.1 | Mean pop reward    -0.2 | Time 80231.05 seconds
Generation  43700 | Steps    7052821 | Test reward     0.2 | Mean pop reward    -0.2 | Time 80404.10 seconds
Generation  43800 | Steps    7069113 | Test reward    -0.2 | Mean pop reward     0.1 | Time 80656.25 seconds
Generation  43900 | Steps    7085398 | Test reward    -0.1 | Mean pop reward     0.1 | Time 80830.29 seconds
Generation  44000 | Steps    7101601 | Test reward    -0.1 | Mean pop reward     0.0 | Time 81016.40 seconds
Generation  44100 | Steps    7117963 | Test reward     0.0 | Mean pop reward    -0.1 | Time 81252.71 seconds
Generation  44200 | Steps    7134148 | Test reward     0.1 | Mean pop reward    -0.1 | Time 81569.16 seconds
Generation  44300 | Steps    7150555 | Test reward     0.2 | Mean pop reward    -0.0 | Time 81743.88 seconds
Generation  44400 | Steps    7166762 | Test reward    -0.1 | Mean pop reward    -0.1 | Time 81919.11 seconds
Generation  44500 | Steps    7183013 | Test reward     0.3 | Mean pop reward    -0.1 | Time 82092.95 seconds
Generation  44600 | Steps    7199105 | Test reward     0.1 | Mean pop reward    -0.2 | Time 82267.01 seconds
Generation  44700 | Steps    7215389 | Test reward     0.1 | Mean pop reward    -0.2 | Time 82442.48 seconds
Generation  44800 | Steps    7231590 | Test reward     0.1 | Mean pop reward     0.0 | Time 82616.60 seconds
Generation  44900 | Steps    7247833 | Test reward    -0.2 | Mean pop reward    -0.1 | Time 82791.60 seconds
Generation  45000 | Steps    7264165 | Test reward     0.2 | Mean pop reward    -0.1 | Time 82966.34 seconds
Generation  45100 | Steps    7280402 | Test reward     0.1 | Mean pop reward    -0.0 | Time 83142.60 seconds
Generation  45200 | Steps    7296579 | Test reward     0.3 | Mean pop reward     0.0 | Time 83316.30 seconds
Generation  45300 | Steps    7312874 | Test reward    -0.2 | Mean pop reward     0.0 | Time 83492.11 seconds
Generation  45400 | Steps    7329128 | Test reward     0.1 | Mean pop reward    -0.0 | Time 83666.51 seconds
Generation  45500 | Steps    7345266 | Test reward     0.3 | Mean pop reward     0.1 | Time 83842.50 seconds
Generation  45600 | Steps    7361521 | Test reward    -0.1 | Mean pop reward    -0.0 | Time 84017.18 seconds
Generation  45700 | Steps    7377864 | Test reward    -0.0 | Mean pop reward     0.1 | Time 84192.87 seconds
Generation  45800 | Steps    7394122 | Test reward    -0.2 | Mean pop reward     0.1 | Time 84367.30 seconds
Generation  45900 | Steps    7410273 | Test reward     0.0 | Mean pop reward    -0.0 | Time 84544.14 seconds
Generation  46000 | Steps    7426574 | Test reward    -0.2 | Mean pop reward    -0.1 | Time 84719.49 seconds
Generation  46100 | Steps    7442889 | Test reward    -0.2 | Mean pop reward     0.1 | Time 84894.20 seconds
Generation  46200 | Steps    7459158 | Test reward    -0.2 | Mean pop reward     0.1 | Time 85069.01 seconds
Generation  46300 | Steps    7475388 | Test reward    -0.1 | Mean pop reward     0.1 | Time 85244.04 seconds
Generation  46400 | Steps    7491700 | Test reward    -0.2 | Mean pop reward    -0.1 | Time 85420.17 seconds
Generation  46500 | Steps    7507887 | Test reward    -0.1 | Mean pop reward     0.1 | Time 85597.07 seconds
Generation  46600 | Steps    7524108 | Test reward     0.0 | Mean pop reward    -0.3 | Time 85771.48 seconds
Generation  46700 | Steps    7540324 | Test reward    -0.2 | Mean pop reward    -0.1 | Time 85946.95 seconds
Generation  46800 | Steps    7556614 | Test reward    -0.1 | Mean pop reward     0.1 | Time 86123.06 seconds
