Generation      0 | Steps       4821 | Test reward    -7.9 | Mean pop reward    -7.1 | Time  197.11 seconds
Generation    100 | Steps     451188 | Test reward    -7.8 | Mean pop reward    -6.1 | Time  577.10 seconds
Generation    200 | Steps     873646 | Test reward    -2.7 | Mean pop reward    -6.0 | Time  959.83 seconds
Generation    300 | Steps    1282418 | Test reward    -4.0 | Mean pop reward    -5.6 | Time 1336.29 seconds
Generation    400 | Steps    1685845 | Test reward    -5.1 | Mean pop reward    -5.7 | Time 1713.67 seconds
Generation    500 | Steps    2079758 | Test reward    -5.2 | Mean pop reward    -5.6 | Time 2089.69 seconds
Generation    600 | Steps    2470550 | Test reward    -5.1 | Mean pop reward    -6.0 | Time 2454.94 seconds
Generation    700 | Steps    2852572 | Test reward    -2.4 | Mean pop reward    -5.2 | Time 2814.42 seconds
Generation    800 | Steps    3233630 | Test reward    -4.0 | Mean pop reward    -5.7 | Time 3175.06 seconds
Generation    900 | Steps    3612042 | Test reward    -4.3 | Mean pop reward    -4.7 | Time 3537.89 seconds
Generation   1000 | Steps    3982168 | Test reward    -4.4 | Mean pop reward    -5.2 | Time 3904.21 seconds
Generation   1100 | Steps    4349492 | Test reward    -3.7 | Mean pop reward    -4.7 | Time 4271.01 seconds
Generation   1200 | Steps    4713147 | Test reward    -4.1 | Mean pop reward    -4.5 | Time 4636.21 seconds
Generation   1300 | Steps    5075026 | Test reward    -2.7 | Mean pop reward    -4.8 | Time 5001.29 seconds
Generation   1400 | Steps    5431098 | Test reward    -3.1 | Mean pop reward    -4.8 | Time 5365.86 seconds
Generation   1500 | Steps    5788592 | Test reward    -2.4 | Mean pop reward    -5.0 | Time 5729.82 seconds
Generation   1600 | Steps    6135466 | Test reward    -2.2 | Mean pop reward    -4.5 | Time 6095.38 seconds
Generation   1700 | Steps    6472569 | Test reward    -4.4 | Mean pop reward    -4.6 | Time 6455.25 seconds
Generation   1800 | Steps    6810934 | Test reward    -1.1 | Mean pop reward    -4.6 | Time 6820.76 seconds
Generation   1900 | Steps    7134325 | Test reward    -2.6 | Mean pop reward    -4.6 | Time 7183.40 seconds
Generation   2000 | Steps    7453378 | Test reward    -4.5 | Mean pop reward    -4.4 | Time 7545.89 seconds
Generation   2100 | Steps    7771544 | Test reward    -2.9 | Mean pop reward    -4.4 | Time 7906.63 seconds
Generation   2200 | Steps    8084950 | Test reward    -3.1 | Mean pop reward    -4.2 | Time 8273.01 seconds
Generation   2300 | Steps    8395022 | Test reward    -2.2 | Mean pop reward    -3.9 | Time 8639.69 seconds
Generation   2400 | Steps    8697117 | Test reward    -1.9 | Mean pop reward    -3.8 | Time 9009.78 seconds
Generation   2500 | Steps    8998084 | Test reward    -3.7 | Mean pop reward    -3.9 | Time 9376.01 seconds
Generation   2600 | Steps    9290874 | Test reward    -3.7 | Mean pop reward    -4.3 | Time 9738.29 seconds
Generation   2700 | Steps    9582348 | Test reward    -2.7 | Mean pop reward    -3.9 | Time 10100.41 seconds
Generation   2800 | Steps    9877917 | Test reward    -3.3 | Mean pop reward    -3.7 | Time 10464.24 seconds
Generation   2900 | Steps   10166130 | Test reward    -1.0 | Mean pop reward    -3.7 | Time 10826.82 seconds
Generation   3000 | Steps   10455563 | Test reward    -2.3 | Mean pop reward    -3.7 | Time 11186.48 seconds
Generation   3100 | Steps   10743954 | Test reward    -2.1 | Mean pop reward    -3.6 | Time 11549.21 seconds
Generation   3200 | Steps   11021089 | Test reward    -1.5 | Mean pop reward    -3.7 | Time 11909.23 seconds
Generation   3300 | Steps   11298891 | Test reward    -2.6 | Mean pop reward    -3.2 | Time 12272.26 seconds
Generation   3400 | Steps   11581413 | Test reward    -1.3 | Mean pop reward    -3.0 | Time 12634.36 seconds
Generation   3500 | Steps   11862546 | Test reward    -2.2 | Mean pop reward    -3.7 | Time 12992.77 seconds
Generation   3600 | Steps   12138983 | Test reward    -3.6 | Mean pop reward    -3.6 | Time 13352.10 seconds
Generation   3700 | Steps   12414177 | Test reward    -2.8 | Mean pop reward    -3.4 | Time 13713.56 seconds
Generation   3800 | Steps   12689724 | Test reward    -2.3 | Mean pop reward    -3.4 | Time 14085.02 seconds
Generation   3900 | Steps   12966299 | Test reward    -3.1 | Mean pop reward    -3.6 | Time 14462.48 seconds
Generation   4000 | Steps   13236158 | Test reward    -2.0 | Mean pop reward    -3.4 | Time 14831.26 seconds
Generation   4100 | Steps   13498735 | Test reward    -1.3 | Mean pop reward    -3.3 | Time 15200.81 seconds
Generation   4200 | Steps   13758885 | Test reward    -1.2 | Mean pop reward    -2.9 | Time 15567.37 seconds
Generation   4300 | Steps   14021586 | Test reward    -2.1 | Mean pop reward    -3.7 | Time 15940.21 seconds
Generation   4400 | Steps   14284366 | Test reward     0.3 | Mean pop reward    -3.0 | Time 16313.43 seconds
Generation   4500 | Steps   14545361 | Test reward    -2.0 | Mean pop reward    -3.5 | Time 16688.27 seconds
Generation   4600 | Steps   14812384 | Test reward    -2.0 | Mean pop reward    -3.4 | Time 17053.03 seconds
Generation   4700 | Steps   15082887 | Test reward    -2.6 | Mean pop reward    -3.6 | Time 17418.94 seconds
Generation   4800 | Steps   15344938 | Test reward    -1.2 | Mean pop reward    -3.4 | Time 17783.41 seconds
Generation   4900 | Steps   15605756 | Test reward    -3.5 | Mean pop reward    -2.9 | Time 18151.69 seconds
Generation   5000 | Steps   15864467 | Test reward    -1.5 | Mean pop reward    -3.3 | Time 18518.81 seconds
Generation   5100 | Steps   16128111 | Test reward    -1.2 | Mean pop reward    -3.4 | Time 18891.43 seconds
Generation   5200 | Steps   16394485 | Test reward    -4.1 | Mean pop reward    -3.0 | Time 19261.00 seconds
Generation   5300 | Steps   16651332 | Test reward    -2.1 | Mean pop reward    -3.1 | Time 19630.63 seconds
Generation   5400 | Steps   16911019 | Test reward    -2.0 | Mean pop reward    -3.4 | Time 19996.27 seconds
Generation   5500 | Steps   17169138 | Test reward    -0.8 | Mean pop reward    -3.3 | Time 20364.84 seconds
Generation   5600 | Steps   17423199 | Test reward    -1.6 | Mean pop reward    -3.7 | Time 20736.65 seconds
Generation   5700 | Steps   17677915 | Test reward    -1.9 | Mean pop reward    -3.1 | Time 21108.98 seconds
Generation   5800 | Steps   17931760 | Test reward    -2.0 | Mean pop reward    -2.8 | Time 21481.64 seconds
Generation   5900 | Steps   18187886 | Test reward    -0.9 | Mean pop reward    -3.2 | Time 21857.95 seconds
Generation   6000 | Steps   18441771 | Test reward    -3.4 | Mean pop reward    -3.3 | Time 22231.12 seconds
Generation   6100 | Steps   18700042 | Test reward    -0.7 | Mean pop reward    -3.0 | Time 22604.68 seconds
Generation   6200 | Steps   18962643 | Test reward    -1.9 | Mean pop reward    -3.2 | Time 22977.29 seconds
Generation   6300 | Steps   19211562 | Test reward    -3.7 | Mean pop reward    -2.9 | Time 23349.77 seconds
Generation   6400 | Steps   19460877 | Test reward    -2.3 | Mean pop reward    -2.9 | Time 23719.68 seconds
Generation   6500 | Steps   19711705 | Test reward    -2.3 | Mean pop reward    -3.1 | Time 24090.95 seconds
Generation   6600 | Steps   19951123 | Test reward    -1.5 | Mean pop reward    -3.0 | Time 24455.09 seconds
Generation   6700 | Steps   20180691 | Test reward    -1.7 | Mean pop reward    -3.2 | Time 24822.58 seconds
Generation   6800 | Steps   20407699 | Test reward    -2.3 | Mean pop reward    -2.6 | Time 25184.20 seconds
Generation   6900 | Steps   20636800 | Test reward    -2.3 | Mean pop reward    -2.6 | Time 25551.52 seconds
Generation   7000 | Steps   20858393 | Test reward    -1.2 | Mean pop reward    -2.7 | Time 25919.57 seconds
Generation   7100 | Steps   21078911 | Test reward    -1.1 | Mean pop reward    -2.4 | Time 26279.05 seconds
Generation   7200 | Steps   21296816 | Test reward    -0.8 | Mean pop reward    -2.8 | Time 26639.19 seconds
Generation   7300 | Steps   21510641 | Test reward    -1.6 | Mean pop reward    -2.7 | Time 26998.34 seconds
Generation   7400 | Steps   21728935 | Test reward    -2.5 | Mean pop reward    -3.0 | Time 27368.73 seconds
Generation   7500 | Steps   21948958 | Test reward    -0.4 | Mean pop reward    -3.0 | Time 27732.96 seconds
Generation   7600 | Steps   22165223 | Test reward    -2.3 | Mean pop reward    -2.5 | Time 28095.83 seconds
Generation   7700 | Steps   22375245 | Test reward    -2.9 | Mean pop reward    -2.4 | Time 28462.62 seconds
Generation   7800 | Steps   22584581 | Test reward    -2.8 | Mean pop reward    -2.4 | Time 28827.52 seconds
Generation   7900 | Steps   22798026 | Test reward    -2.3 | Mean pop reward    -2.6 | Time 29193.99 seconds
Generation   8000 | Steps   23012484 | Test reward    -0.9 | Mean pop reward    -2.5 | Time 29568.65 seconds
Generation   8100 | Steps   23230184 | Test reward    -1.1 | Mean pop reward    -2.5 | Time 29936.07 seconds
Generation   8200 | Steps   23441818 | Test reward    -1.4 | Mean pop reward    -2.9 | Time 30310.98 seconds
Generation   8300 | Steps   23652161 | Test reward    -2.2 | Mean pop reward    -2.5 | Time 30677.57 seconds
Generation   8400 | Steps   23857274 | Test reward    -0.6 | Mean pop reward    -2.6 | Time 31051.99 seconds
Generation   8500 | Steps   24065721 | Test reward    -0.3 | Mean pop reward    -2.6 | Time 31428.95 seconds
Generation   8600 | Steps   24276088 | Test reward    -1.8 | Mean pop reward    -2.3 | Time 31805.36 seconds
Generation   8700 | Steps   24490160 | Test reward    -0.7 | Mean pop reward    -2.5 | Time 32182.63 seconds
Generation   8800 | Steps   24703579 | Test reward    -1.3 | Mean pop reward    -2.5 | Time 32553.80 seconds
Generation   8900 | Steps   24909469 | Test reward    -1.3 | Mean pop reward    -2.3 | Time 32927.15 seconds
Generation   9000 | Steps   25125391 | Test reward    -2.1 | Mean pop reward    -2.6 | Time 33303.74 seconds
Generation   9100 | Steps   25333123 | Test reward    -2.9 | Mean pop reward    -2.2 | Time 33677.40 seconds
Generation   9200 | Steps   25539419 | Test reward    -1.3 | Mean pop reward    -2.8 | Time 34050.35 seconds
Generation   9300 | Steps   25743263 | Test reward    -1.8 | Mean pop reward    -2.0 | Time 34423.34 seconds
Generation   9400 | Steps   25948539 | Test reward    -2.3 | Mean pop reward    -2.5 | Time 34802.97 seconds
Generation   9500 | Steps   26158064 | Test reward    -1.3 | Mean pop reward    -2.7 | Time 35177.33 seconds
Generation   9600 | Steps   26360947 | Test reward    -0.6 | Mean pop reward    -2.6 | Time 35548.39 seconds
Generation   9700 | Steps   26569565 | Test reward    -1.1 | Mean pop reward    -2.0 | Time 35924.97 seconds
Generation   9800 | Steps   26770074 | Test reward    -1.1 | Mean pop reward    -2.1 | Time 36315.53 seconds
Generation   9900 | Steps   26968283 | Test reward    -1.5 | Mean pop reward    -1.9 | Time 36690.93 seconds
Generation  10000 | Steps   27166476 | Test reward    -0.1 | Mean pop reward    -2.4 | Time 37062.79 seconds
Generation  10100 | Steps   27361596 | Test reward    -1.3 | Mean pop reward    -2.5 | Time 37436.66 seconds
