population    : 50                                                                   
workers       : 20                                                                   
save_dir      : /zhome/c2/b/86488/Documents/deep/evolutionary/hpcjobs/Minesweeper17-4
learning_rate : 0.001                                                                
sigma         : 0.1                                                                  
reg           : {'L2': 0.0}                                                          

Generation      0 | Steps        147 | Test reward    -0.3 | Mean pop reward    -0.4 | Time  205.71 seconds
Generation    100 | Steps      15151 | Test reward    -0.2 | Mean pop reward    -0.4 | Time  381.38 seconds
Generation    200 | Steps      29997 | Test reward    -0.2 | Mean pop reward    -0.4 | Time  543.25 seconds
Generation    300 | Steps      45062 | Test reward    -0.0 | Mean pop reward    -0.2 | Time  706.57 seconds
Generation    400 | Steps      60155 | Test reward    -0.5 | Mean pop reward    -0.1 | Time  911.12 seconds
Generation    500 | Steps      75295 | Test reward    -0.2 | Mean pop reward    -0.4 | Time 1075.00 seconds
Generation    600 | Steps      90631 | Test reward    -0.2 | Mean pop reward    -0.5 | Time 1238.04 seconds
Generation    700 | Steps     106002 | Test reward    -0.3 | Mean pop reward    -0.3 | Time 1400.96 seconds
Generation    800 | Steps     121433 | Test reward    -0.3 | Mean pop reward    -0.1 | Time 1592.07 seconds
Generation    900 | Steps     136861 | Test reward    -0.3 | Mean pop reward    -0.2 | Time 1755.33 seconds
Generation   1000 | Steps     152278 | Test reward    -0.6 | Mean pop reward    -0.4 | Time 1917.90 seconds
Generation   1100 | Steps     167915 | Test reward    -0.4 | Mean pop reward    -0.3 | Time 2087.11 seconds
Generation   1200 | Steps     183522 | Test reward    -0.4 | Mean pop reward    -0.1 | Time 2249.42 seconds
Generation   1300 | Steps     199127 | Test reward    -0.1 | Mean pop reward    -0.2 | Time 2409.79 seconds
Generation   1400 | Steps     214873 | Test reward    -0.4 | Mean pop reward    -0.2 | Time 2570.65 seconds
Generation   1500 | Steps     230443 | Test reward    -0.2 | Mean pop reward    -0.1 | Time 2731.12 seconds
Generation   1600 | Steps     246120 | Test reward    -0.3 | Mean pop reward    -0.3 | Time 2893.01 seconds
Generation   1700 | Steps     261851 | Test reward    -0.4 | Mean pop reward    -0.1 | Time 3054.64 seconds
Generation   1800 | Steps     277638 | Test reward    -0.2 | Mean pop reward    -0.1 | Time 3229.52 seconds
Generation   1900 | Steps     293548 | Test reward    -0.0 | Mean pop reward    -0.0 | Time 3415.71 seconds
Generation   2000 | Steps     309412 | Test reward    -0.3 | Mean pop reward    -0.2 | Time 3576.90 seconds
Generation   2100 | Steps     325340 | Test reward    -0.3 | Mean pop reward    -0.2 | Time 3745.00 seconds
Generation   2200 | Steps     340978 | Test reward    -0.4 | Mean pop reward     0.0 | Time 3930.61 seconds
Generation   2300 | Steps     356723 | Test reward     0.1 | Mean pop reward    -0.3 | Time 4091.76 seconds
Generation   2400 | Steps     372668 | Test reward    -0.3 | Mean pop reward    -0.1 | Time 4252.71 seconds
Generation   2500 | Steps     388556 | Test reward    -0.2 | Mean pop reward    -0.2 | Time 4414.16 seconds
Generation   2600 | Steps     404425 | Test reward    -0.0 | Mean pop reward    -0.1 | Time 4588.82 seconds
Generation   2700 | Steps     420359 | Test reward     0.2 | Mean pop reward    -0.2 | Time 4788.79 seconds
Generation   2800 | Steps     436302 | Test reward    -0.2 | Mean pop reward    -0.0 | Time 4952.41 seconds
Generation   2900 | Steps     452127 | Test reward    -0.4 | Mean pop reward    -0.2 | Time 5113.30 seconds
Generation   3000 | Steps     468184 | Test reward    -0.0 | Mean pop reward    -0.2 | Time 5276.44 seconds
Generation   3100 | Steps     484234 | Test reward    -0.2 | Mean pop reward    -0.1 | Time 5438.91 seconds
Generation   3200 | Steps     500182 | Test reward     0.1 | Mean pop reward    -0.1 | Time 5600.10 seconds
Generation   3300 | Steps     516137 | Test reward     0.1 | Mean pop reward    -0.0 | Time 5761.27 seconds
Generation   3400 | Steps     532114 | Test reward     0.2 | Mean pop reward     0.1 | Time 5928.11 seconds
Generation   3500 | Steps     548083 | Test reward    -0.3 | Mean pop reward     0.0 | Time 6139.37 seconds
Generation   3600 | Steps     564012 | Test reward    -0.4 | Mean pop reward    -0.2 | Time 6303.03 seconds
Generation   3700 | Steps     580057 | Test reward    -0.1 | Mean pop reward    -0.1 | Time 6482.98 seconds
Generation   3800 | Steps     596059 | Test reward    -0.2 | Mean pop reward    -0.1 | Time 6671.64 seconds
Generation   3900 | Steps     612055 | Test reward    -0.2 | Mean pop reward    -0.1 | Time 6834.82 seconds
Generation   4000 | Steps     628049 | Test reward    -0.0 | Mean pop reward    -0.2 | Time 6996.84 seconds
Generation   4100 | Steps     644097 | Test reward    -0.2 | Mean pop reward     0.1 | Time 7179.07 seconds
Generation   4200 | Steps     660006 | Test reward     0.0 | Mean pop reward    -0.2 | Time 7351.23 seconds
Generation   4300 | Steps     676085 | Test reward     0.0 | Mean pop reward    -0.1 | Time 7556.90 seconds
Generation   4400 | Steps     692064 | Test reward    -0.1 | Mean pop reward    -0.4 | Time 7742.97 seconds
Generation   4500 | Steps     707996 | Test reward    -0.1 | Mean pop reward    -0.2 | Time 7905.22 seconds
Generation   4600 | Steps     723914 | Test reward     0.1 | Mean pop reward    -0.2 | Time 8068.26 seconds
Generation   4700 | Steps     739922 | Test reward    -0.2 | Mean pop reward    -0.1 | Time 8233.04 seconds
Generation   4800 | Steps     755885 | Test reward     0.0 | Mean pop reward     0.1 | Time 8431.77 seconds
Generation   4900 | Steps     771938 | Test reward    -0.1 | Mean pop reward    -0.1 | Time 8632.66 seconds
Generation   5000 | Steps     787956 | Test reward    -0.4 | Mean pop reward     0.0 | Time 8906.34 seconds
Generation   5100 | Steps     804162 | Test reward    -0.0 | Mean pop reward     0.0 | Time 9069.41 seconds
Generation   5200 | Steps     820147 | Test reward    -0.0 | Mean pop reward    -0.1 | Time 9233.25 seconds
Generation   5300 | Steps     836296 | Test reward    -0.1 | Mean pop reward    -0.2 | Time 9417.48 seconds
Generation   5400 | Steps     852167 | Test reward     0.2 | Mean pop reward    -0.2 | Time 9605.05 seconds
Generation   5500 | Steps     868305 | Test reward    -0.1 | Mean pop reward    -0.0 | Time 9766.89 seconds
Generation   5600 | Steps     884508 | Test reward    -0.2 | Mean pop reward     0.1 | Time 9929.27 seconds
Generation   5700 | Steps     900604 | Test reward    -0.0 | Mean pop reward    -0.1 | Time 10119.11 seconds
Generation   5800 | Steps     916758 | Test reward     0.2 | Mean pop reward     0.2 | Time 10285.69 seconds
Generation   5900 | Steps     933008 | Test reward    -0.2 | Mean pop reward    -0.1 | Time 10448.77 seconds
Generation   6000 | Steps     949084 | Test reward    -0.1 | Mean pop reward     0.0 | Time 10662.62 seconds
Generation   6100 | Steps     965219 | Test reward    -0.2 | Mean pop reward    -0.0 | Time 10825.86 seconds
Generation   6200 | Steps     981368 | Test reward     0.3 | Mean pop reward    -0.1 | Time 10998.93 seconds
Generation   6300 | Steps     997416 | Test reward    -0.3 | Mean pop reward    -0.2 | Time 11232.02 seconds
Generation   6400 | Steps    1013476 | Test reward     0.0 | Mean pop reward     0.1 | Time 11398.72 seconds
Generation   6500 | Steps    1029623 | Test reward     0.2 | Mean pop reward    -0.1 | Time 11562.81 seconds
Generation   6600 | Steps    1045789 | Test reward    -0.0 | Mean pop reward     0.2 | Time 11725.66 seconds
Generation   6700 | Steps    1061856 | Test reward    -0.2 | Mean pop reward    -0.1 | Time 11889.53 seconds
Generation   6800 | Steps    1078077 | Test reward     0.1 | Mean pop reward     0.0 | Time 12079.46 seconds
Generation   6900 | Steps    1094262 | Test reward    -0.0 | Mean pop reward    -0.0 | Time 12263.77 seconds
Generation   7000 | Steps    1110345 | Test reward    -0.1 | Mean pop reward    -0.2 | Time 12449.05 seconds
Generation   7100 | Steps    1126431 | Test reward     0.2 | Mean pop reward    -0.0 | Time 12641.61 seconds
Generation   7200 | Steps    1142309 | Test reward    -0.2 | Mean pop reward     0.1 | Time 12851.79 seconds
Generation   7300 | Steps    1158447 | Test reward    -0.1 | Mean pop reward    -0.1 | Time 13049.91 seconds
Generation   7400 | Steps    1174627 | Test reward    -0.0 | Mean pop reward    -0.1 | Time 13231.21 seconds
Generation   7500 | Steps    1190851 | Test reward    -0.3 | Mean pop reward    -0.1 | Time 13395.01 seconds
Generation   7600 | Steps    1206947 | Test reward    -0.2 | Mean pop reward    -0.1 | Time 13558.35 seconds
Generation   7700 | Steps    1223157 | Test reward    -0.1 | Mean pop reward    -0.0 | Time 13722.57 seconds
Generation   7800 | Steps    1239289 | Test reward    -0.0 | Mean pop reward    -0.2 | Time 13924.75 seconds
Generation   7900 | Steps    1255511 | Test reward     0.0 | Mean pop reward    -0.2 | Time 14100.11 seconds
Generation   8000 | Steps    1271726 | Test reward    -0.3 | Mean pop reward    -0.2 | Time 14278.00 seconds
Generation   8100 | Steps    1287856 | Test reward     0.0 | Mean pop reward    -0.2 | Time 14457.91 seconds
Generation   8200 | Steps    1304159 | Test reward     0.0 | Mean pop reward     0.1 | Time 14670.40 seconds
Generation   8300 | Steps    1320207 | Test reward     0.2 | Mean pop reward    -0.1 | Time 14842.61 seconds
Generation   8400 | Steps    1336438 | Test reward    -0.1 | Mean pop reward    -0.3 | Time 15013.93 seconds
Generation   8500 | Steps    1352619 | Test reward    -0.0 | Mean pop reward    -0.0 | Time 15178.21 seconds
Generation   8600 | Steps    1368800 | Test reward    -0.3 | Mean pop reward    -0.1 | Time 15366.59 seconds
Generation   8700 | Steps    1385027 | Test reward    -0.1 | Mean pop reward    -0.1 | Time 15653.52 seconds
Generation   8800 | Steps    1401225 | Test reward     0.2 | Mean pop reward     0.1 | Time 15821.53 seconds
Generation   8900 | Steps    1417390 | Test reward     0.3 | Mean pop reward     0.1 | Time 16009.50 seconds
Generation   9000 | Steps    1433423 | Test reward     0.3 | Mean pop reward     0.0 | Time 16198.22 seconds
Generation   9100 | Steps    1449776 | Test reward    -0.1 | Mean pop reward    -0.1 | Time 16362.12 seconds
Generation   9200 | Steps    1465920 | Test reward    -0.2 | Mean pop reward     0.0 | Time 16548.26 seconds
Generation   9300 | Steps    1482079 | Test reward    -0.3 | Mean pop reward     0.0 | Time 16735.69 seconds
Generation   9400 | Steps    1498274 | Test reward    -0.1 | Mean pop reward    -0.1 | Time 16901.00 seconds
Generation   9500 | Steps    1514538 | Test reward    -0.0 | Mean pop reward     0.0 | Time 17114.59 seconds
Generation   9600 | Steps    1530545 | Test reward    -0.3 | Mean pop reward    -0.0 | Time 17327.91 seconds
Generation   9700 | Steps    1546811 | Test reward    -0.1 | Mean pop reward     0.1 | Time 17508.52 seconds
Generation   9800 | Steps    1563034 | Test reward    -0.2 | Mean pop reward    -0.1 | Time 17709.46 seconds
Generation   9900 | Steps    1579180 | Test reward    -0.1 | Mean pop reward     0.0 | Time 17938.15 seconds
Generation  10000 | Steps    1595308 | Test reward     0.2 | Mean pop reward    -0.1 | Time 18105.34 seconds
Generation  10100 | Steps    1611449 | Test reward     0.2 | Mean pop reward    -0.1 | Time 18291.51 seconds
Generation  10200 | Steps    1627682 | Test reward     0.2 | Mean pop reward    -0.2 | Time 18487.59 seconds
Generation  10300 | Steps    1643820 | Test reward     0.1 | Mean pop reward     0.0 | Time 18693.53 seconds
Generation  10400 | Steps    1660038 | Test reward     0.1 | Mean pop reward    -0.1 | Time 18859.27 seconds
Generation  10500 | Steps    1676220 | Test reward    -0.2 | Mean pop reward    -0.1 | Time 19088.75 seconds
Generation  10600 | Steps    1692416 | Test reward     0.1 | Mean pop reward     0.0 | Time 19279.66 seconds
Generation  10700 | Steps    1708477 | Test reward     0.0 | Mean pop reward     0.1 | Time 19466.59 seconds
Generation  10800 | Steps    1724749 | Test reward    -0.2 | Mean pop reward    -0.0 | Time 19640.75 seconds
Generation  10900 | Steps    1741044 | Test reward    -0.1 | Mean pop reward     0.0 | Time 19851.09 seconds
Generation  11000 | Steps    1757172 | Test reward    -0.0 | Mean pop reward    -0.1 | Time 20039.37 seconds
Generation  11100 | Steps    1773305 | Test reward    -0.2 | Mean pop reward    -0.0 | Time 20224.85 seconds
Generation  11200 | Steps    1789495 | Test reward    -0.2 | Mean pop reward     0.0 | Time 20398.29 seconds
Generation  11300 | Steps    1805566 | Test reward    -0.1 | Mean pop reward     0.1 | Time 20637.50 seconds
Generation  11400 | Steps    1821599 | Test reward     0.1 | Mean pop reward    -0.0 | Time 20822.23 seconds
Generation  11500 | Steps    1837733 | Test reward     0.2 | Mean pop reward    -0.2 | Time 21150.71 seconds
Generation  11600 | Steps    1853949 | Test reward    -0.0 | Mean pop reward    -0.0 | Time 21364.18 seconds
Generation  11700 | Steps    1870188 | Test reward    -0.1 | Mean pop reward     0.0 | Time 21530.08 seconds
Generation  11800 | Steps    1886313 | Test reward     0.0 | Mean pop reward    -0.0 | Time 21745.17 seconds
Generation  11900 | Steps    1902505 | Test reward    -0.0 | Mean pop reward     0.1 | Time 21926.63 seconds
Generation  12000 | Steps    1918649 | Test reward    -0.0 | Mean pop reward    -0.1 | Time 22194.02 seconds
Generation  12100 | Steps    1934798 | Test reward    -0.2 | Mean pop reward     0.0 | Time 22364.27 seconds
Generation  12200 | Steps    1950956 | Test reward    -0.0 | Mean pop reward    -0.1 | Time 22580.70 seconds
Generation  12300 | Steps    1967140 | Test reward    -0.0 | Mean pop reward    -0.1 | Time 22747.79 seconds
Generation  12400 | Steps    1983324 | Test reward    -0.0 | Mean pop reward    -0.2 | Time 22957.87 seconds
Generation  12500 | Steps    1999417 | Test reward     0.1 | Mean pop reward    -0.0 | Time 23195.42 seconds
Generation  12600 | Steps    2015672 | Test reward    -0.3 | Mean pop reward    -0.0 | Time 23399.96 seconds
Generation  12700 | Steps    2031900 | Test reward    -0.2 | Mean pop reward    -0.1 | Time 23582.84 seconds
Generation  12800 | Steps    2048182 | Test reward    -0.4 | Mean pop reward     0.1 | Time 23756.01 seconds
Generation  12900 | Steps    2064302 | Test reward    -0.1 | Mean pop reward     0.0 | Time 23925.94 seconds
Generation  13000 | Steps    2080496 | Test reward    -0.2 | Mean pop reward    -0.1 | Time 24101.49 seconds
Generation  13100 | Steps    2096597 | Test reward     0.1 | Mean pop reward    -0.1 | Time 24330.70 seconds
Generation  13200 | Steps    2112797 | Test reward     0.1 | Mean pop reward     0.1 | Time 24500.78 seconds
Generation  13300 | Steps    2129076 | Test reward     0.1 | Mean pop reward    -0.0 | Time 24780.31 seconds
Generation  13400 | Steps    2145290 | Test reward     0.0 | Mean pop reward    -0.1 | Time 25118.81 seconds
Generation  13500 | Steps    2161487 | Test reward     0.3 | Mean pop reward     0.1 | Time 25316.42 seconds
Generation  13600 | Steps    2177551 | Test reward     0.2 | Mean pop reward    -0.0 | Time 25543.77 seconds
Generation  13700 | Steps    2193742 | Test reward    -0.0 | Mean pop reward     0.0 | Time 25775.65 seconds
Generation  13800 | Steps    2209988 | Test reward    -0.0 | Mean pop reward     0.2 | Time 26064.76 seconds
Generation  13900 | Steps    2226256 | Test reward    -0.1 | Mean pop reward     0.0 | Time 26294.93 seconds
Generation  14000 | Steps    2242369 | Test reward    -0.1 | Mean pop reward    -0.0 | Time 26525.88 seconds
Generation  14100 | Steps    2258550 | Test reward    -0.0 | Mean pop reward     0.0 | Time 26710.35 seconds
Generation  14200 | Steps    2274771 | Test reward    -0.2 | Mean pop reward     0.1 | Time 26994.25 seconds
Generation  14300 | Steps    2290820 | Test reward     0.1 | Mean pop reward    -0.0 | Time 27179.07 seconds
Generation  14400 | Steps    2306986 | Test reward    -0.1 | Mean pop reward    -0.2 | Time 27387.78 seconds
Generation  14500 | Steps    2323246 | Test reward    -0.0 | Mean pop reward    -0.1 | Time 27669.47 seconds
Generation  14600 | Steps    2339549 | Test reward     0.2 | Mean pop reward    -0.0 | Time 27859.70 seconds
Generation  14700 | Steps    2355811 | Test reward     0.1 | Mean pop reward    -0.3 | Time 28143.26 seconds
Generation  14800 | Steps    2372083 | Test reward    -0.1 | Mean pop reward    -0.1 | Time 28369.69 seconds
Generation  14900 | Steps    2388372 | Test reward    -0.1 | Mean pop reward    -0.1 | Time 28611.12 seconds
Generation  15000 | Steps    2404636 | Test reward     0.1 | Mean pop reward    -0.1 | Time 28792.72 seconds
Generation  15100 | Steps    2420682 | Test reward     0.1 | Mean pop reward    -0.1 | Time 29007.90 seconds
Generation  15200 | Steps    2436863 | Test reward     0.1 | Mean pop reward    -0.2 | Time 29197.46 seconds
Generation  15300 | Steps    2453047 | Test reward    -0.1 | Mean pop reward    -0.1 | Time 29367.54 seconds
Generation  15400 | Steps    2469242 | Test reward     0.2 | Mean pop reward     0.0 | Time 29599.43 seconds
Generation  15500 | Steps    2485488 | Test reward     0.0 | Mean pop reward    -0.2 | Time 29783.21 seconds
Generation  15600 | Steps    2501742 | Test reward    -0.0 | Mean pop reward     0.1 | Time 29964.18 seconds
Generation  15700 | Steps    2517974 | Test reward    -0.0 | Mean pop reward     0.1 | Time 30217.55 seconds
Generation  15800 | Steps    2534179 | Test reward    -0.1 | Mean pop reward    -0.2 | Time 30387.89 seconds
Generation  15900 | Steps    2550479 | Test reward     0.1 | Mean pop reward    -0.2 | Time 30564.28 seconds
Generation  16000 | Steps    2566797 | Test reward    -0.0 | Mean pop reward     0.2 | Time 30764.28 seconds
Generation  16100 | Steps    2582859 | Test reward    -0.0 | Mean pop reward    -0.2 | Time 30945.26 seconds
Generation  16200 | Steps    2599055 | Test reward    -0.1 | Mean pop reward     0.1 | Time 31181.14 seconds
Generation  16300 | Steps    2615233 | Test reward    -0.1 | Mean pop reward    -0.2 | Time 31385.94 seconds
Generation  16400 | Steps    2631403 | Test reward     0.0 | Mean pop reward    -0.1 | Time 31558.44 seconds
Generation  16500 | Steps    2647449 | Test reward    -0.2 | Mean pop reward     0.1 | Time 31745.92 seconds
Generation  16600 | Steps    2663615 | Test reward    -0.0 | Mean pop reward    -0.2 | Time 31914.93 seconds
Generation  16700 | Steps    2679863 | Test reward    -0.0 | Mean pop reward    -0.2 | Time 32112.54 seconds
Generation  16800 | Steps    2695953 | Test reward    -0.1 | Mean pop reward    -0.0 | Time 32304.22 seconds
Generation  16900 | Steps    2712024 | Test reward    -0.1 | Mean pop reward    -0.3 | Time 32506.41 seconds
Generation  17000 | Steps    2728223 | Test reward    -0.1 | Mean pop reward     0.1 | Time 32715.89 seconds
Generation  17100 | Steps    2744375 | Test reward    -0.1 | Mean pop reward    -0.2 | Time 33020.88 seconds
Generation  17200 | Steps    2760585 | Test reward    -0.2 | Mean pop reward    -0.1 | Time 33210.32 seconds
Generation  17300 | Steps    2776719 | Test reward     0.1 | Mean pop reward    -0.1 | Time 33394.30 seconds
Generation  17400 | Steps    2792843 | Test reward     0.2 | Mean pop reward     0.1 | Time 33606.25 seconds
Generation  17500 | Steps    2809081 | Test reward    -0.1 | Mean pop reward    -0.1 | Time 33798.09 seconds
Generation  17600 | Steps    2825232 | Test reward     0.0 | Mean pop reward    -0.2 | Time 33975.29 seconds
Generation  17700 | Steps    2841366 | Test reward    -0.2 | Mean pop reward    -0.1 | Time 34149.75 seconds
Generation  17800 | Steps    2857563 | Test reward    -0.1 | Mean pop reward    -0.2 | Time 34319.15 seconds
Generation  17900 | Steps    2873826 | Test reward    -0.1 | Mean pop reward    -0.1 | Time 34533.74 seconds
Generation  18000 | Steps    2890010 | Test reward    -0.1 | Mean pop reward     0.1 | Time 34712.71 seconds
Generation  18100 | Steps    2906203 | Test reward    -0.2 | Mean pop reward     0.0 | Time 34886.09 seconds
Generation  18200 | Steps    2922374 | Test reward    -0.1 | Mean pop reward     0.0 | Time 35062.12 seconds
Generation  18300 | Steps    2938592 | Test reward     0.0 | Mean pop reward    -0.1 | Time 35360.32 seconds
Generation  18400 | Steps    2954709 | Test reward    -0.0 | Mean pop reward    -0.3 | Time 35535.96 seconds
Generation  18500 | Steps    2970817 | Test reward    -0.1 | Mean pop reward    -0.1 | Time 35717.97 seconds
Generation  18600 | Steps    2987057 | Test reward    -0.0 | Mean pop reward     0.0 | Time 35910.24 seconds
Generation  18700 | Steps    3003127 | Test reward    -0.1 | Mean pop reward    -0.1 | Time 36090.00 seconds
Generation  18800 | Steps    3019363 | Test reward     0.0 | Mean pop reward    -0.1 | Time 36264.12 seconds
Generation  18900 | Steps    3035366 | Test reward     0.0 | Mean pop reward    -0.0 | Time 36439.12 seconds
Generation  19000 | Steps    3051505 | Test reward     0.2 | Mean pop reward     0.1 | Time 36618.06 seconds
Generation  19100 | Steps    3067643 | Test reward     0.1 | Mean pop reward    -0.0 | Time 36828.74 seconds
Generation  19200 | Steps    3083869 | Test reward    -0.1 | Mean pop reward     0.1 | Time 37006.66 seconds
Generation  19300 | Steps    3100160 | Test reward     0.1 | Mean pop reward    -0.2 | Time 37175.29 seconds
Generation  19400 | Steps    3116472 | Test reward    -0.2 | Mean pop reward    -0.1 | Time 37408.57 seconds
Generation  19500 | Steps    3132769 | Test reward    -0.1 | Mean pop reward    -0.1 | Time 37579.57 seconds
Generation  19600 | Steps    3149028 | Test reward    -0.1 | Mean pop reward     0.1 | Time 37797.75 seconds
Generation  19700 | Steps    3165216 | Test reward    -0.1 | Mean pop reward     0.0 | Time 37974.59 seconds
Generation  19800 | Steps    3181487 | Test reward     0.1 | Mean pop reward     0.0 | Time 38152.38 seconds
Generation  19900 | Steps    3197630 | Test reward     0.1 | Mean pop reward    -0.1 | Time 38391.22 seconds
Generation  20000 | Steps    3213833 | Test reward     0.1 | Mean pop reward    -0.2 | Time 38559.26 seconds
Generation  20100 | Steps    3229894 | Test reward     0.0 | Mean pop reward     0.1 | Time 38727.64 seconds
Generation  20200 | Steps    3246139 | Test reward    -0.1 | Mean pop reward    -0.2 | Time 38898.70 seconds
Generation  20300 | Steps    3262386 | Test reward     0.2 | Mean pop reward     0.0 | Time 39099.49 seconds
Generation  20400 | Steps    3278535 | Test reward    -0.1 | Mean pop reward    -0.1 | Time 39298.49 seconds
Generation  20500 | Steps    3294766 | Test reward     0.0 | Mean pop reward     0.1 | Time 39472.38 seconds
Generation  20600 | Steps    3310935 | Test reward    -0.2 | Mean pop reward    -0.1 | Time 39655.23 seconds
Generation  20700 | Steps    3327146 | Test reward    -0.0 | Mean pop reward    -0.2 | Time 39849.96 seconds
Generation  20800 | Steps    3343453 | Test reward     0.1 | Mean pop reward    -0.1 | Time 40028.03 seconds
Generation  20900 | Steps    3359793 | Test reward     0.0 | Mean pop reward    -0.2 | Time 40224.69 seconds
Generation  21000 | Steps    3376096 | Test reward    -0.1 | Mean pop reward     0.0 | Time 40396.07 seconds
Generation  21100 | Steps    3392384 | Test reward     0.1 | Mean pop reward     0.1 | Time 40569.19 seconds
Generation  21200 | Steps    3408569 | Test reward     0.0 | Mean pop reward     0.0 | Time 40778.62 seconds
Generation  21300 | Steps    3425011 | Test reward    -0.0 | Mean pop reward    -0.1 | Time 40949.27 seconds
Generation  21400 | Steps    3441298 | Test reward     0.1 | Mean pop reward    -0.1 | Time 41120.01 seconds
Generation  21500 | Steps    3457528 | Test reward     0.0 | Mean pop reward     0.2 | Time 41288.70 seconds
Generation  21600 | Steps    3473791 | Test reward     0.0 | Mean pop reward    -0.0 | Time 41458.10 seconds
Generation  21700 | Steps    3489873 | Test reward    -0.2 | Mean pop reward    -0.0 | Time 41695.64 seconds
Generation  21800 | Steps    3506080 | Test reward     0.0 | Mean pop reward    -0.2 | Time 41864.51 seconds
Generation  21900 | Steps    3522292 | Test reward     0.2 | Mean pop reward    -0.1 | Time 42069.86 seconds
Generation  22000 | Steps    3538585 | Test reward     0.0 | Mean pop reward    -0.1 | Time 42241.09 seconds
Generation  22100 | Steps    3554722 | Test reward    -0.0 | Mean pop reward    -0.1 | Time 42412.44 seconds
Generation  22200 | Steps    3570915 | Test reward    -0.2 | Mean pop reward     0.2 | Time 42607.69 seconds
Generation  22300 | Steps    3587362 | Test reward    -0.2 | Mean pop reward    -0.0 | Time 42779.52 seconds
Generation  22400 | Steps    3603695 | Test reward    -0.0 | Mean pop reward    -0.1 | Time 42951.92 seconds
Generation  22500 | Steps    3619894 | Test reward     0.2 | Mean pop reward     0.0 | Time 43124.34 seconds
Generation  22600 | Steps    3636031 | Test reward    -0.2 | Mean pop reward    -0.1 | Time 43296.09 seconds
Generation  22700 | Steps    3652254 | Test reward    -0.1 | Mean pop reward    -0.1 | Time 43466.85 seconds
Generation  22800 | Steps    3668643 | Test reward    -0.2 | Mean pop reward    -0.0 | Time 43666.02 seconds
Generation  22900 | Steps    3685122 | Test reward    -0.0 | Mean pop reward    -0.0 | Time 43837.33 seconds
Generation  23000 | Steps    3701366 | Test reward     0.0 | Mean pop reward    -0.0 | Time 44009.28 seconds
Generation  23100 | Steps    3717625 | Test reward    -0.1 | Mean pop reward     0.0 | Time 44183.81 seconds
Generation  23200 | Steps    3733684 | Test reward    -0.1 | Mean pop reward     0.1 | Time 44352.18 seconds
Generation  23300 | Steps    3749842 | Test reward     0.3 | Mean pop reward    -0.0 | Time 44524.97 seconds
Generation  23400 | Steps    3766186 | Test reward     0.2 | Mean pop reward    -0.0 | Time 44760.25 seconds
Generation  23500 | Steps    3782431 | Test reward     0.1 | Mean pop reward     0.1 | Time 44953.29 seconds
Generation  23600 | Steps    3798732 | Test reward     0.0 | Mean pop reward     0.2 | Time 45136.45 seconds
Generation  23700 | Steps    3815060 | Test reward     0.1 | Mean pop reward    -0.1 | Time 45306.54 seconds
Generation  23800 | Steps    3831308 | Test reward     0.0 | Mean pop reward     0.0 | Time 45505.29 seconds
Generation  23900 | Steps    3847647 | Test reward    -0.2 | Mean pop reward     0.1 | Time 45695.99 seconds
Generation  24000 | Steps    3863938 | Test reward    -0.1 | Mean pop reward     0.0 | Time 45913.27 seconds
Generation  24100 | Steps    3880033 | Test reward    -0.2 | Mean pop reward    -0.2 | Time 46097.15 seconds
Generation  24200 | Steps    3896280 | Test reward     0.0 | Mean pop reward     0.2 | Time 46273.46 seconds
Generation  24300 | Steps    3912475 | Test reward    -0.0 | Mean pop reward    -0.0 | Time 46481.72 seconds
Generation  24400 | Steps    3928851 | Test reward    -0.1 | Mean pop reward     0.1 | Time 46660.14 seconds
Generation  24500 | Steps    3945109 | Test reward    -0.2 | Mean pop reward    -0.1 | Time 46831.05 seconds
Generation  24600 | Steps    3961381 | Test reward     0.0 | Mean pop reward     0.1 | Time 47008.59 seconds
Generation  24700 | Steps    3977528 | Test reward     0.0 | Mean pop reward     0.0 | Time 47194.95 seconds
Generation  24800 | Steps    3993699 | Test reward    -0.3 | Mean pop reward    -0.2 | Time 47374.64 seconds
Generation  24900 | Steps    4010032 | Test reward    -0.0 | Mean pop reward    -0.1 | Time 47579.09 seconds
Generation  25000 | Steps    4026269 | Test reward     0.1 | Mean pop reward    -0.1 | Time 47747.33 seconds
Generation  25100 | Steps    4042494 | Test reward     0.3 | Mean pop reward    -0.1 | Time 47917.06 seconds
Generation  25200 | Steps    4058626 | Test reward     0.1 | Mean pop reward    -0.1 | Time 48086.43 seconds
Generation  25300 | Steps    4074938 | Test reward    -0.0 | Mean pop reward     0.0 | Time 48255.03 seconds
Generation  25400 | Steps    4091118 | Test reward     0.0 | Mean pop reward     0.0 | Time 48427.10 seconds
Generation  25500 | Steps    4107572 | Test reward    -0.2 | Mean pop reward    -0.1 | Time 48596.84 seconds
Generation  25600 | Steps    4123626 | Test reward    -0.0 | Mean pop reward    -0.0 | Time 48767.11 seconds
Generation  25700 | Steps    4139844 | Test reward    -0.0 | Mean pop reward    -0.1 | Time 48936.29 seconds
Generation  25800 | Steps    4156032 | Test reward    -0.1 | Mean pop reward     0.1 | Time 49111.34 seconds
Generation  25900 | Steps    4172288 | Test reward    -0.1 | Mean pop reward     0.1 | Time 49281.78 seconds
Generation  26000 | Steps    4188616 | Test reward     0.1 | Mean pop reward    -0.1 | Time 49452.05 seconds
Generation  26100 | Steps    4205000 | Test reward    -0.1 | Mean pop reward    -0.0 | Time 49676.13 seconds
Generation  26200 | Steps    4221242 | Test reward     0.2 | Mean pop reward    -0.2 | Time 49845.56 seconds
Generation  26300 | Steps    4237444 | Test reward     0.1 | Mean pop reward     0.1 | Time 50029.57 seconds
Generation  26400 | Steps    4253699 | Test reward    -0.1 | Mean pop reward     0.1 | Time 50197.55 seconds
Generation  26500 | Steps    4270054 | Test reward    -0.1 | Mean pop reward     0.1 | Time 50367.77 seconds
Generation  26600 | Steps    4286224 | Test reward    -0.0 | Mean pop reward     0.0 | Time 50547.26 seconds
Generation  26700 | Steps    4302505 | Test reward     0.1 | Mean pop reward    -0.1 | Time 50728.11 seconds
Generation  26800 | Steps    4318744 | Test reward    -0.1 | Mean pop reward    -0.1 | Time 50905.45 seconds
Generation  26900 | Steps    4334989 | Test reward     0.1 | Mean pop reward    -0.0 | Time 51080.33 seconds
Generation  27000 | Steps    4351267 | Test reward    -0.0 | Mean pop reward    -0.1 | Time 51265.53 seconds
Generation  27100 | Steps    4367634 | Test reward     0.0 | Mean pop reward    -0.0 | Time 51443.06 seconds
Generation  27200 | Steps    4383970 | Test reward     0.2 | Mean pop reward    -0.3 | Time 51612.44 seconds
Generation  27300 | Steps    4400127 | Test reward    -0.0 | Mean pop reward     0.0 | Time 51782.42 seconds
Generation  27400 | Steps    4416397 | Test reward    -0.0 | Mean pop reward     0.0 | Time 51951.57 seconds
Generation  27500 | Steps    4432778 | Test reward     0.1 | Mean pop reward     0.1 | Time 52124.71 seconds
Generation  27600 | Steps    4449055 | Test reward    -0.1 | Mean pop reward     0.1 | Time 52343.35 seconds
Generation  27700 | Steps    4465421 | Test reward    -0.2 | Mean pop reward     0.1 | Time 52512.33 seconds
Generation  27800 | Steps    4481738 | Test reward    -0.1 | Mean pop reward     0.1 | Time 52686.40 seconds
Generation  27900 | Steps    4498055 | Test reward     0.3 | Mean pop reward     0.2 | Time 52932.80 seconds
Generation  28000 | Steps    4514276 | Test reward     0.2 | Mean pop reward    -0.1 | Time 53102.86 seconds
Generation  28100 | Steps    4530520 | Test reward     0.1 | Mean pop reward     0.0 | Time 53331.61 seconds
Generation  28200 | Steps    4546800 | Test reward    -0.1 | Mean pop reward    -0.2 | Time 53543.77 seconds
Generation  28300 | Steps    4562849 | Test reward    -0.1 | Mean pop reward    -0.2 | Time 53713.13 seconds
Generation  28400 | Steps    4579167 | Test reward    -0.2 | Mean pop reward     0.1 | Time 53883.30 seconds
Generation  28500 | Steps    4595469 | Test reward    -0.1 | Mean pop reward    -0.0 | Time 54053.15 seconds
Generation  28600 | Steps    4611893 | Test reward    -0.0 | Mean pop reward     0.1 | Time 54255.24 seconds
Generation  28700 | Steps    4628156 | Test reward    -0.2 | Mean pop reward    -0.3 | Time 54436.04 seconds
Generation  28800 | Steps    4644561 | Test reward    -0.2 | Mean pop reward    -0.0 | Time 54609.67 seconds
Generation  28900 | Steps    4660626 | Test reward    -0.0 | Mean pop reward    -0.1 | Time 54796.47 seconds
Generation  29000 | Steps    4676965 | Test reward     0.0 | Mean pop reward     0.1 | Time 54967.04 seconds
Generation  29100 | Steps    4693103 | Test reward    -0.0 | Mean pop reward     0.1 | Time 55136.94 seconds
Generation  29200 | Steps    4709249 | Test reward    -0.1 | Mean pop reward     0.1 | Time 55307.70 seconds
Generation  29300 | Steps    4725469 | Test reward    -0.2 | Mean pop reward     0.0 | Time 55476.53 seconds
Generation  29400 | Steps    4741737 | Test reward    -0.1 | Mean pop reward    -0.1 | Time 55647.88 seconds
Generation  29500 | Steps    4758000 | Test reward     0.0 | Mean pop reward     0.1 | Time 55817.25 seconds
Generation  29600 | Steps    4774156 | Test reward     0.0 | Mean pop reward     0.0 | Time 55988.58 seconds
Generation  29700 | Steps    4790493 | Test reward    -0.2 | Mean pop reward    -0.1 | Time 56201.14 seconds
Generation  29800 | Steps    4806729 | Test reward     0.2 | Mean pop reward    -0.2 | Time 56372.25 seconds
Generation  29900 | Steps    4822926 | Test reward    -0.0 | Mean pop reward    -0.0 | Time 56542.92 seconds
Generation  30000 | Steps    4839226 | Test reward    -0.2 | Mean pop reward    -0.0 | Time 56712.61 seconds
Generation  30100 | Steps    4855443 | Test reward    -0.2 | Mean pop reward     0.0 | Time 56898.05 seconds
Generation  30200 | Steps    4871826 | Test reward     0.0 | Mean pop reward    -0.0 | Time 57098.88 seconds
Generation  30300 | Steps    4888109 | Test reward     0.0 | Mean pop reward    -0.2 | Time 57291.49 seconds
Generation  30400 | Steps    4904235 | Test reward    -0.0 | Mean pop reward    -0.1 | Time 57504.22 seconds
Generation  30500 | Steps    4920433 | Test reward    -0.3 | Mean pop reward     0.1 | Time 57676.50 seconds
Generation  30600 | Steps    4936801 | Test reward     0.0 | Mean pop reward    -0.0 | Time 57891.38 seconds
Generation  30700 | Steps    4953096 | Test reward     0.1 | Mean pop reward    -0.1 | Time 58061.30 seconds
Generation  30800 | Steps    4969443 | Test reward     0.2 | Mean pop reward    -0.0 | Time 58231.34 seconds
Generation  30900 | Steps    4985622 | Test reward    -0.1 | Mean pop reward     0.2 | Time 58404.28 seconds
Generation  31000 | Steps    5001875 | Test reward     0.2 | Mean pop reward     0.1 | Time 58575.07 seconds
Generation  31100 | Steps    5018159 | Test reward    -0.1 | Mean pop reward    -0.0 | Time 58747.27 seconds
Generation  31200 | Steps    5034528 | Test reward     0.1 | Mean pop reward    -0.1 | Time 58917.70 seconds
Generation  31300 | Steps    5050736 | Test reward    -0.1 | Mean pop reward    -0.0 | Time 59087.64 seconds
Generation  31400 | Steps    5067007 | Test reward     0.2 | Mean pop reward    -0.0 | Time 59257.98 seconds
Generation  31500 | Steps    5083308 | Test reward    -0.0 | Mean pop reward    -0.2 | Time 59494.02 seconds
Generation  31600 | Steps    5099324 | Test reward    -0.3 | Mean pop reward     0.1 | Time 59664.57 seconds
Generation  31700 | Steps    5115593 | Test reward     0.1 | Mean pop reward     0.1 | Time 59835.94 seconds
Generation  31800 | Steps    5131853 | Test reward    -0.0 | Mean pop reward     0.2 | Time 60006.80 seconds
Generation  31900 | Steps    5148076 | Test reward    -0.0 | Mean pop reward    -0.2 | Time 60176.92 seconds
Generation  32000 | Steps    5164396 | Test reward     0.1 | Mean pop reward     0.1 | Time 60348.50 seconds
Generation  32100 | Steps    5180717 | Test reward     0.2 | Mean pop reward     0.1 | Time 60519.70 seconds
Generation  32200 | Steps    5197009 | Test reward     0.2 | Mean pop reward     0.1 | Time 60690.48 seconds
Generation  32300 | Steps    5213254 | Test reward     0.1 | Mean pop reward    -0.1 | Time 60860.68 seconds
Generation  32400 | Steps    5229499 | Test reward    -0.1 | Mean pop reward     0.1 | Time 61030.97 seconds
Generation  32500 | Steps    5245772 | Test reward     0.1 | Mean pop reward     0.0 | Time 61203.49 seconds
Generation  32600 | Steps    5262127 | Test reward     0.2 | Mean pop reward     0.1 | Time 61388.60 seconds
Generation  32700 | Steps    5278419 | Test reward     0.0 | Mean pop reward     0.1 | Time 61560.17 seconds
Generation  32800 | Steps    5294773 | Test reward    -0.2 | Mean pop reward     0.0 | Time 61737.49 seconds
Generation  32900 | Steps    5311092 | Test reward     0.3 | Mean pop reward    -0.2 | Time 61908.72 seconds
Generation  33000 | Steps    5327432 | Test reward    -0.0 | Mean pop reward    -0.1 | Time 62080.32 seconds
Generation  33100 | Steps    5343750 | Test reward     0.4 | Mean pop reward    -0.1 | Time 62251.07 seconds
Generation  33200 | Steps    5360142 | Test reward     0.1 | Mean pop reward    -0.0 | Time 62422.60 seconds
Generation  33300 | Steps    5376313 | Test reward    -0.1 | Mean pop reward    -0.1 | Time 62603.08 seconds
Generation  33400 | Steps    5392470 | Test reward    -0.0 | Mean pop reward    -0.1 | Time 62777.81 seconds
Generation  33500 | Steps    5408678 | Test reward    -0.2 | Mean pop reward    -0.1 | Time 62952.85 seconds
Generation  33600 | Steps    5425041 | Test reward    -0.1 | Mean pop reward    -0.1 | Time 63123.39 seconds
Generation  33700 | Steps    5441295 | Test reward     0.0 | Mean pop reward     0.0 | Time 63294.97 seconds
Generation  33800 | Steps    5457562 | Test reward     0.1 | Mean pop reward     0.0 | Time 63466.35 seconds
Generation  33900 | Steps    5473753 | Test reward     0.2 | Mean pop reward     0.1 | Time 63691.02 seconds
Generation  34000 | Steps    5490049 | Test reward     0.0 | Mean pop reward     0.1 | Time 63862.74 seconds
Generation  34100 | Steps    5506392 | Test reward     0.1 | Mean pop reward    -0.0 | Time 64034.63 seconds
Generation  34200 | Steps    5522620 | Test reward    -0.0 | Mean pop reward    -0.0 | Time 64207.36 seconds
Generation  34300 | Steps    5538975 | Test reward    -0.0 | Mean pop reward    -0.1 | Time 64379.62 seconds
Generation  34400 | Steps    5555245 | Test reward    -0.2 | Mean pop reward    -0.0 | Time 64551.08 seconds
Generation  34500 | Steps    5571640 | Test reward     0.1 | Mean pop reward    -0.2 | Time 64722.07 seconds
Generation  34600 | Steps    5587892 | Test reward    -0.2 | Mean pop reward    -0.1 | Time 64894.32 seconds
Generation  34700 | Steps    5604240 | Test reward     0.1 | Mean pop reward    -0.1 | Time 65065.99 seconds
Generation  34800 | Steps    5620640 | Test reward    -0.1 | Mean pop reward     0.0 | Time 65238.26 seconds
Generation  34900 | Steps    5636775 | Test reward    -0.1 | Mean pop reward    -0.1 | Time 65409.74 seconds
Generation  35000 | Steps    5652854 | Test reward    -0.0 | Mean pop reward     0.1 | Time 65580.11 seconds
Generation  35100 | Steps    5669017 | Test reward    -0.1 | Mean pop reward     0.0 | Time 65751.64 seconds
Generation  35200 | Steps    5685328 | Test reward     0.0 | Mean pop reward    -0.1 | Time 65923.65 seconds
Generation  35300 | Steps    5701498 | Test reward    -0.2 | Mean pop reward    -0.1 | Time 66096.03 seconds
Generation  35400 | Steps    5717663 | Test reward     0.0 | Mean pop reward    -0.0 | Time 66269.32 seconds
Generation  35500 | Steps    5733945 | Test reward     0.1 | Mean pop reward     0.1 | Time 66441.44 seconds
Generation  35600 | Steps    5750264 | Test reward     0.2 | Mean pop reward    -0.0 | Time 66613.92 seconds
Generation  35700 | Steps    5766452 | Test reward    -0.0 | Mean pop reward    -0.1 | Time 66786.85 seconds
Generation  35800 | Steps    5782731 | Test reward     0.0 | Mean pop reward     0.1 | Time 66959.62 seconds
Generation  35900 | Steps    5798920 | Test reward     0.1 | Mean pop reward    -0.1 | Time 67131.63 seconds
Generation  36000 | Steps    5815310 | Test reward    -0.2 | Mean pop reward     0.0 | Time 67303.73 seconds
Generation  36100 | Steps    5831518 | Test reward     0.2 | Mean pop reward    -0.1 | Time 67476.53 seconds
Generation  36200 | Steps    5847597 | Test reward     0.1 | Mean pop reward     0.1 | Time 67648.44 seconds
Generation  36300 | Steps    5863779 | Test reward     0.2 | Mean pop reward     0.1 | Time 67830.95 seconds
Generation  36400 | Steps    5880026 | Test reward    -0.0 | Mean pop reward    -0.0 | Time 68047.40 seconds
Generation  36500 | Steps    5896118 | Test reward     0.0 | Mean pop reward     0.1 | Time 68219.75 seconds
Generation  36600 | Steps    5912421 | Test reward     0.0 | Mean pop reward    -0.1 | Time 68391.35 seconds
Generation  36700 | Steps    5928655 | Test reward     0.0 | Mean pop reward     0.1 | Time 68563.97 seconds
Generation  36800 | Steps    5945062 | Test reward    -0.0 | Mean pop reward    -0.0 | Time 68735.92 seconds
Generation  36900 | Steps    5961228 | Test reward     0.0 | Mean pop reward     0.0 | Time 68909.03 seconds
Generation  37000 | Steps    5977574 | Test reward     0.3 | Mean pop reward    -0.0 | Time 69082.24 seconds
Generation  37100 | Steps    5993817 | Test reward     0.1 | Mean pop reward    -0.1 | Time 69254.83 seconds
Generation  37200 | Steps    6010052 | Test reward     0.3 | Mean pop reward    -0.1 | Time 69429.21 seconds
Generation  37300 | Steps    6026194 | Test reward     0.1 | Mean pop reward     0.2 | Time 69608.58 seconds
Generation  37400 | Steps    6042539 | Test reward    -0.0 | Mean pop reward     0.0 | Time 69782.24 seconds
Generation  37500 | Steps    6058901 | Test reward    -0.0 | Mean pop reward    -0.1 | Time 69955.91 seconds
Generation  37600 | Steps    6075044 | Test reward     0.0 | Mean pop reward    -0.3 | Time 70130.36 seconds
Generation  37700 | Steps    6091304 | Test reward     0.1 | Mean pop reward     0.1 | Time 70304.53 seconds
Generation  37800 | Steps    6107563 | Test reward    -0.1 | Mean pop reward    -0.0 | Time 70476.03 seconds
Generation  37900 | Steps    6123878 | Test reward     0.0 | Mean pop reward     0.1 | Time 70649.51 seconds
Generation  38000 | Steps    6139935 | Test reward    -0.3 | Mean pop reward     0.2 | Time 70822.57 seconds
Generation  38100 | Steps    6156246 | Test reward    -0.0 | Mean pop reward    -0.0 | Time 70997.58 seconds
Generation  38200 | Steps    6172403 | Test reward    -0.1 | Mean pop reward    -0.3 | Time 71172.11 seconds
Generation  38300 | Steps    6188703 | Test reward     0.3 | Mean pop reward     0.1 | Time 71346.19 seconds
Generation  38400 | Steps    6204899 | Test reward    -0.2 | Mean pop reward    -0.0 | Time 71521.40 seconds
Generation  38500 | Steps    6221214 | Test reward     0.1 | Mean pop reward    -0.0 | Time 71697.60 seconds
Generation  38600 | Steps    6237545 | Test reward    -0.0 | Mean pop reward    -0.1 | Time 71872.92 seconds
Generation  38700 | Steps    6253814 | Test reward     0.0 | Mean pop reward    -0.1 | Time 72047.75 seconds
Generation  38800 | Steps    6269940 | Test reward    -0.5 | Mean pop reward     0.0 | Time 72223.70 seconds
Generation  38900 | Steps    6286263 | Test reward     0.0 | Mean pop reward     0.0 | Time 72398.30 seconds
Generation  39000 | Steps    6302565 | Test reward    -0.2 | Mean pop reward     0.1 | Time 72574.88 seconds
Generation  39100 | Steps    6318898 | Test reward     0.1 | Mean pop reward     0.0 | Time 72752.24 seconds
Generation  39200 | Steps    6335142 | Test reward    -0.2 | Mean pop reward    -0.0 | Time 72926.48 seconds
Generation  39300 | Steps    6351396 | Test reward     0.1 | Mean pop reward     0.1 | Time 73101.74 seconds
Generation  39400 | Steps    6367621 | Test reward    -0.1 | Mean pop reward    -0.2 | Time 73281.35 seconds
Generation  39500 | Steps    6383878 | Test reward    -0.2 | Mean pop reward     0.0 | Time 73473.79 seconds
Generation  39600 | Steps    6400129 | Test reward     0.1 | Mean pop reward     0.2 | Time 73648.02 seconds
Generation  39700 | Steps    6416498 | Test reward     0.1 | Mean pop reward     0.0 | Time 73831.41 seconds
Generation  39800 | Steps    6432746 | Test reward     0.1 | Mean pop reward    -0.1 | Time 74006.44 seconds
Generation  39900 | Steps    6448971 | Test reward    -0.2 | Mean pop reward     0.0 | Time 74181.13 seconds
Generation  40000 | Steps    6465297 | Test reward     0.1 | Mean pop reward    -0.2 | Time 74355.07 seconds
Generation  40100 | Steps    6481495 | Test reward    -0.1 | Mean pop reward    -0.0 | Time 74529.06 seconds
Generation  40200 | Steps    6497844 | Test reward    -0.2 | Mean pop reward     0.1 | Time 74702.19 seconds
Generation  40300 | Steps    6514159 | Test reward    -0.2 | Mean pop reward    -0.1 | Time 74875.48 seconds
Generation  40400 | Steps    6530368 | Test reward    -0.2 | Mean pop reward    -0.0 | Time 75050.15 seconds
Generation  40500 | Steps    6546623 | Test reward    -0.2 | Mean pop reward    -0.1 | Time 75223.98 seconds
Generation  40600 | Steps    6562788 | Test reward     0.1 | Mean pop reward     0.1 | Time 75398.54 seconds
Generation  40700 | Steps    6579144 | Test reward     0.2 | Mean pop reward    -0.0 | Time 75572.47 seconds
Generation  40800 | Steps    6595319 | Test reward    -0.1 | Mean pop reward    -0.1 | Time 75747.33 seconds
Generation  40900 | Steps    6611621 | Test reward    -0.1 | Mean pop reward     0.1 | Time 75922.14 seconds
Generation  41000 | Steps    6627965 | Test reward     0.1 | Mean pop reward    -0.1 | Time 76096.10 seconds
Generation  41100 | Steps    6644212 | Test reward    -0.1 | Mean pop reward    -0.0 | Time 76272.31 seconds
Generation  41200 | Steps    6660511 | Test reward    -0.2 | Mean pop reward    -0.1 | Time 76469.63 seconds
Generation  41300 | Steps    6676756 | Test reward    -0.1 | Mean pop reward     0.1 | Time 76645.23 seconds
Generation  41400 | Steps    6693134 | Test reward     0.1 | Mean pop reward    -0.2 | Time 76838.53 seconds
Generation  41500 | Steps    6709434 | Test reward     0.2 | Mean pop reward     0.1 | Time 77077.76 seconds
Generation  41600 | Steps    6725527 | Test reward    -0.1 | Mean pop reward     0.0 | Time 77250.28 seconds
Generation  41700 | Steps    6741705 | Test reward    -0.2 | Mean pop reward    -0.3 | Time 77425.02 seconds
Generation  41800 | Steps    6758136 | Test reward     0.1 | Mean pop reward    -0.1 | Time 77600.10 seconds
Generation  41900 | Steps    6774437 | Test reward     0.1 | Mean pop reward    -0.1 | Time 77776.08 seconds
Generation  42000 | Steps    6790753 | Test reward    -0.2 | Mean pop reward     0.0 | Time 77951.91 seconds
Generation  42100 | Steps    6806991 | Test reward     0.0 | Mean pop reward     0.2 | Time 78127.72 seconds
Generation  42200 | Steps    6823163 | Test reward     0.0 | Mean pop reward     0.0 | Time 78303.26 seconds
Generation  42300 | Steps    6839418 | Test reward     0.2 | Mean pop reward    -0.3 | Time 78481.16 seconds
Generation  42400 | Steps    6855730 | Test reward    -0.0 | Mean pop reward     0.1 | Time 78655.37 seconds
Generation  42500 | Steps    6871995 | Test reward     0.1 | Mean pop reward    -0.0 | Time 78831.89 seconds
Generation  42600 | Steps    6888135 | Test reward    -0.2 | Mean pop reward    -0.2 | Time 79007.76 seconds
Generation  42700 | Steps    6904494 | Test reward     0.2 | Mean pop reward    -0.1 | Time 79183.18 seconds
Generation  42800 | Steps    6920805 | Test reward     0.1 | Mean pop reward     0.1 | Time 79358.19 seconds
Generation  42900 | Steps    6937005 | Test reward     0.1 | Mean pop reward     0.0 | Time 79532.24 seconds
Generation  43000 | Steps    6953297 | Test reward    -0.1 | Mean pop reward    -0.2 | Time 79706.27 seconds
Generation  43100 | Steps    6969783 | Test reward     0.2 | Mean pop reward     0.1 | Time 79880.98 seconds
Generation  43200 | Steps    6986127 | Test reward    -0.1 | Mean pop reward     0.1 | Time 80056.51 seconds
Generation  43300 | Steps    7002385 | Test reward    -0.0 | Mean pop reward     0.1 | Time 80232.67 seconds
Generation  43400 | Steps    7018587 | Test reward    -0.2 | Mean pop reward    -0.2 | Time 80409.32 seconds
Generation  43500 | Steps    7034710 | Test reward     0.1 | Mean pop reward     0.0 | Time 80662.69 seconds
Generation  43600 | Steps    7050990 | Test reward     0.2 | Mean pop reward    -0.1 | Time 80839.81 seconds
Generation  43700 | Steps    7067287 | Test reward     0.1 | Mean pop reward    -0.2 | Time 81028.23 seconds
Generation  43800 | Steps    7083656 | Test reward     0.0 | Mean pop reward    -0.1 | Time 81284.79 seconds
Generation  43900 | Steps    7099821 | Test reward    -0.2 | Mean pop reward    -0.1 | Time 81587.05 seconds
Generation  44000 | Steps    7116021 | Test reward     0.0 | Mean pop reward    -0.3 | Time 81763.80 seconds
Generation  44100 | Steps    7132318 | Test reward    -0.2 | Mean pop reward    -0.0 | Time 81939.96 seconds
Generation  44200 | Steps    7148738 | Test reward    -0.2 | Mean pop reward     0.1 | Time 82116.13 seconds
Generation  44300 | Steps    7164973 | Test reward    -0.0 | Mean pop reward    -0.0 | Time 82291.92 seconds
Generation  44400 | Steps    7181298 | Test reward     0.0 | Mean pop reward    -0.1 | Time 82467.78 seconds
Generation  44500 | Steps    7197545 | Test reward     0.0 | Mean pop reward    -0.1 | Time 82643.69 seconds
Generation  44600 | Steps    7213830 | Test reward     0.0 | Mean pop reward     0.2 | Time 82820.51 seconds
Generation  44700 | Steps    7230025 | Test reward     0.0 | Mean pop reward    -0.3 | Time 82997.81 seconds
Generation  44800 | Steps    7246346 | Test reward    -0.2 | Mean pop reward    -0.1 | Time 83174.07 seconds
Generation  44900 | Steps    7262484 | Test reward     0.0 | Mean pop reward     0.1 | Time 83350.78 seconds
Generation  45000 | Steps    7278627 | Test reward    -0.1 | Mean pop reward     0.1 | Time 83526.77 seconds
Generation  45100 | Steps    7294737 | Test reward    -0.2 | Mean pop reward     0.1 | Time 83702.24 seconds
Generation  45200 | Steps    7310882 | Test reward    -0.2 | Mean pop reward    -0.1 | Time 83878.95 seconds
Generation  45300 | Steps    7327030 | Test reward     0.1 | Mean pop reward    -0.0 | Time 84055.91 seconds
Generation  45400 | Steps    7343339 | Test reward     0.0 | Mean pop reward    -0.0 | Time 84233.18 seconds
Generation  45500 | Steps    7359520 | Test reward    -0.1 | Mean pop reward    -0.2 | Time 84410.92 seconds
Generation  45600 | Steps    7375822 | Test reward    -0.1 | Mean pop reward     0.1 | Time 84587.04 seconds
Generation  45700 | Steps    7392263 | Test reward    -0.2 | Mean pop reward     0.2 | Time 84764.45 seconds
Generation  45800 | Steps    7408562 | Test reward    -0.1 | Mean pop reward    -0.0 | Time 84940.92 seconds
Generation  45900 | Steps    7424844 | Test reward     0.1 | Mean pop reward     0.0 | Time 85118.60 seconds
Generation  46000 | Steps    7441022 | Test reward    -0.5 | Mean pop reward    -0.0 | Time 85295.98 seconds
Generation  46100 | Steps    7457261 | Test reward    -0.2 | Mean pop reward    -0.0 | Time 85472.78 seconds
Generation  46200 | Steps    7473473 | Test reward    -0.2 | Mean pop reward     0.0 | Time 85649.95 seconds
Generation  46300 | Steps    7489739 | Test reward     0.2 | Mean pop reward    -0.0 | Time 85826.66 seconds
Generation  46400 | Steps    7506052 | Test reward    -0.1 | Mean pop reward     0.1 | Time 86003.65 seconds
Generation  46500 | Steps    7522286 | Test reward    -0.0 | Mean pop reward     0.1 | Time 86181.09 seconds
