population    : 100                                                                  
workers       : 20                                                                   
save_dir      : /zhome/c2/b/86488/Documents/deep/evolutionary/hpcjobs/Minesweeper16-1
learning_rate : 0.01                                                                 
sigma         : 0.1                                                                  
reg           : {'L2': 0.003}                                                        

Generation      0 | Steps        477 | Test reward    -0.4 | Mean pop reward    -0.2 | Time  353.68 seconds
Generation    100 | Steps      45896 | Test reward    -0.4 | Mean pop reward    -0.2 | Time  660.89 seconds
Generation    200 | Steps      92040 | Test reward    -0.0 | Mean pop reward    -0.3 | Time  965.88 seconds
Generation    300 | Steps     138411 | Test reward    -0.1 | Mean pop reward    -0.2 | Time 1288.93 seconds
Generation    400 | Steps     185263 | Test reward    -0.1 | Mean pop reward    -0.1 | Time 1667.50 seconds
Generation    500 | Steps     232292 | Test reward     0.2 | Mean pop reward    -0.1 | Time 2002.97 seconds
Generation    600 | Steps     279617 | Test reward    -0.1 | Mean pop reward     0.2 | Time 2323.79 seconds
Generation    700 | Steps     327376 | Test reward     0.0 | Mean pop reward    -0.0 | Time 2630.34 seconds
Generation    800 | Steps     375730 | Test reward     0.3 | Mean pop reward     0.1 | Time 2936.43 seconds
Generation    900 | Steps     424798 | Test reward     0.3 | Mean pop reward     0.3 | Time 3248.12 seconds
Generation   1000 | Steps     473750 | Test reward    -0.0 | Mean pop reward     0.3 | Time 3553.40 seconds
Generation   1100 | Steps     523047 | Test reward     0.1 | Mean pop reward     0.3 | Time 3858.61 seconds
Generation   1200 | Steps     573325 | Test reward     0.2 | Mean pop reward     0.3 | Time 4174.27 seconds
Generation   1300 | Steps     622796 | Test reward     0.2 | Mean pop reward     0.3 | Time 4479.52 seconds
Generation   1400 | Steps     672911 | Test reward    -0.2 | Mean pop reward     0.2 | Time 4793.64 seconds
Generation   1500 | Steps     722996 | Test reward     0.3 | Mean pop reward     0.3 | Time 5103.50 seconds
Generation   1600 | Steps     773674 | Test reward     0.6 | Mean pop reward     0.2 | Time 5435.84 seconds
Generation   1700 | Steps     823994 | Test reward     0.4 | Mean pop reward     0.3 | Time 5745.83 seconds
Generation   1800 | Steps     874976 | Test reward     0.0 | Mean pop reward     0.1 | Time 6056.15 seconds
Generation   1900 | Steps     926039 | Test reward     0.4 | Mean pop reward     0.4 | Time 6365.71 seconds
Generation   2000 | Steps     977528 | Test reward     0.1 | Mean pop reward     0.4 | Time 6677.08 seconds
Generation   2100 | Steps    1029441 | Test reward     0.6 | Mean pop reward     0.4 | Time 6990.04 seconds
Generation   2200 | Steps    1081487 | Test reward     0.4 | Mean pop reward     0.4 | Time 7320.70 seconds
Generation   2300 | Steps    1133532 | Test reward     0.5 | Mean pop reward     0.4 | Time 7634.30 seconds
Generation   2400 | Steps    1185254 | Test reward     0.5 | Mean pop reward     0.4 | Time 8069.81 seconds
Generation   2500 | Steps    1237252 | Test reward     0.5 | Mean pop reward     0.8 | Time 8382.65 seconds
Generation   2600 | Steps    1289085 | Test reward     0.5 | Mean pop reward     0.4 | Time 8694.54 seconds
Generation   2700 | Steps    1341343 | Test reward     0.1 | Mean pop reward     0.4 | Time 9006.77 seconds
Generation   2800 | Steps    1393629 | Test reward     0.6 | Mean pop reward     0.3 | Time 9318.54 seconds
Generation   2900 | Steps    1446224 | Test reward     0.2 | Mean pop reward     0.5 | Time 9629.52 seconds
Generation   3000 | Steps    1498885 | Test reward     0.5 | Mean pop reward     0.6 | Time 9945.05 seconds
Generation   3100 | Steps    1551415 | Test reward     0.5 | Mean pop reward     0.5 | Time 10256.81 seconds
Generation   3200 | Steps    1603873 | Test reward    -0.1 | Mean pop reward     0.3 | Time 10583.83 seconds
Generation   3300 | Steps    1656115 | Test reward     0.4 | Mean pop reward     0.4 | Time 10893.09 seconds
Generation   3400 | Steps    1708652 | Test reward     0.6 | Mean pop reward     0.3 | Time 11205.16 seconds
Generation   3500 | Steps    1760738 | Test reward     0.4 | Mean pop reward     0.2 | Time 11527.39 seconds
Generation   3600 | Steps    1813011 | Test reward     0.6 | Mean pop reward     0.4 | Time 11837.43 seconds
Generation   3700 | Steps    1865617 | Test reward     0.1 | Mean pop reward     0.7 | Time 12147.22 seconds
Generation   3800 | Steps    1917980 | Test reward     0.2 | Mean pop reward     0.6 | Time 12458.69 seconds
Generation   3900 | Steps    1970350 | Test reward     0.9 | Mean pop reward     0.2 | Time 12769.86 seconds
Generation   4000 | Steps    2022818 | Test reward     0.4 | Mean pop reward     0.2 | Time 13080.52 seconds
Generation   4100 | Steps    2075357 | Test reward     0.5 | Mean pop reward     0.5 | Time 13397.76 seconds
Generation   4200 | Steps    2127593 | Test reward     0.7 | Mean pop reward     0.4 | Time 13709.38 seconds
Generation   4300 | Steps    2179961 | Test reward     0.4 | Mean pop reward     0.4 | Time 14033.41 seconds
Generation   4400 | Steps    2232581 | Test reward     0.3 | Mean pop reward     0.6 | Time 14344.14 seconds
Generation   4500 | Steps    2284812 | Test reward     0.1 | Mean pop reward     0.5 | Time 14655.55 seconds
Generation   4600 | Steps    2337774 | Test reward     0.5 | Mean pop reward     0.5 | Time 14968.13 seconds
Generation   4700 | Steps    2390749 | Test reward     0.7 | Mean pop reward     0.3 | Time 15280.50 seconds
Generation   4800 | Steps    2443111 | Test reward     0.5 | Mean pop reward     0.5 | Time 15591.80 seconds
Generation   4900 | Steps    2495959 | Test reward     0.7 | Mean pop reward     0.5 | Time 15903.69 seconds
Generation   5000 | Steps    2549004 | Test reward     0.8 | Mean pop reward     0.4 | Time 16222.45 seconds
Generation   5100 | Steps    2602076 | Test reward     0.3 | Mean pop reward     0.5 | Time 16535.70 seconds
Generation   5200 | Steps    2654757 | Test reward     0.5 | Mean pop reward     0.4 | Time 16847.66 seconds
Generation   5300 | Steps    2707249 | Test reward     0.4 | Mean pop reward     0.3 | Time 17159.80 seconds
Generation   5400 | Steps    2760462 | Test reward     0.7 | Mean pop reward     0.4 | Time 17475.08 seconds
Generation   5500 | Steps    2813072 | Test reward     0.1 | Mean pop reward     0.6 | Time 17808.40 seconds
Generation   5600 | Steps    2866404 | Test reward     0.4 | Mean pop reward     0.6 | Time 18120.02 seconds
Generation   5700 | Steps    2919389 | Test reward     0.4 | Mean pop reward     0.5 | Time 18459.33 seconds
Generation   5800 | Steps    2972139 | Test reward     0.7 | Mean pop reward     0.7 | Time 18793.29 seconds
Generation   5900 | Steps    3024979 | Test reward     0.4 | Mean pop reward     0.5 | Time 19146.32 seconds
Generation   6000 | Steps    3078116 | Test reward     0.5 | Mean pop reward     0.4 | Time 19491.14 seconds
Generation   6100 | Steps    3131590 | Test reward     0.4 | Mean pop reward     0.4 | Time 19805.02 seconds
Generation   6200 | Steps    3184489 | Test reward     0.3 | Mean pop reward     0.4 | Time 20118.02 seconds
Generation   6300 | Steps    3237456 | Test reward     0.6 | Mean pop reward     0.5 | Time 20441.02 seconds
Generation   6400 | Steps    3290392 | Test reward     0.4 | Mean pop reward     0.6 | Time 20755.64 seconds
Generation   6500 | Steps    3343819 | Test reward     0.8 | Mean pop reward     0.4 | Time 21073.32 seconds
Generation   6600 | Steps    3396391 | Test reward     0.2 | Mean pop reward     0.8 | Time 21429.91 seconds
Generation   6700 | Steps    3449714 | Test reward     0.3 | Mean pop reward     0.3 | Time 21743.95 seconds
Generation   6800 | Steps    3502725 | Test reward     0.2 | Mean pop reward     0.6 | Time 22057.35 seconds
Generation   6900 | Steps    3555598 | Test reward     0.5 | Mean pop reward     0.5 | Time 22369.64 seconds
Generation   7000 | Steps    3608575 | Test reward     0.5 | Mean pop reward     0.6 | Time 22684.28 seconds
Generation   7100 | Steps    3662022 | Test reward     0.9 | Mean pop reward     0.3 | Time 22997.30 seconds
Generation   7200 | Steps    3714512 | Test reward     0.2 | Mean pop reward     0.3 | Time 23344.26 seconds
Generation   7300 | Steps    3767679 | Test reward     0.8 | Mean pop reward     0.3 | Time 23658.03 seconds
Generation   7400 | Steps    3820421 | Test reward     0.5 | Mean pop reward     0.3 | Time 23970.61 seconds
Generation   7500 | Steps    3873948 | Test reward     0.3 | Mean pop reward     0.6 | Time 24307.99 seconds
Generation   7600 | Steps    3927508 | Test reward     0.4 | Mean pop reward     0.6 | Time 24625.04 seconds
Generation   7700 | Steps    3980657 | Test reward     0.9 | Mean pop reward     0.4 | Time 24956.35 seconds
Generation   7800 | Steps    4033743 | Test reward     0.9 | Mean pop reward     0.4 | Time 25267.38 seconds
Generation   7900 | Steps    4086682 | Test reward     0.5 | Mean pop reward     0.6 | Time 25578.78 seconds
Generation   8000 | Steps    4140588 | Test reward     0.3 | Mean pop reward     0.3 | Time 25892.51 seconds
Generation   8100 | Steps    4194038 | Test reward     0.5 | Mean pop reward     0.6 | Time 26211.17 seconds
Generation   8200 | Steps    4247392 | Test reward     0.6 | Mean pop reward     0.6 | Time 26552.84 seconds
Generation   8300 | Steps    4300666 | Test reward     0.1 | Mean pop reward     0.2 | Time 26867.68 seconds
Generation   8400 | Steps    4353871 | Test reward     0.5 | Mean pop reward     0.3 | Time 27181.29 seconds
Generation   8500 | Steps    4408126 | Test reward     0.3 | Mean pop reward     0.4 | Time 27493.33 seconds
Generation   8600 | Steps    4461327 | Test reward    -0.0 | Mean pop reward     0.6 | Time 27823.31 seconds
Generation   8700 | Steps    4515058 | Test reward     0.8 | Mean pop reward     0.4 | Time 28149.38 seconds
Generation   8800 | Steps    4568680 | Test reward     0.4 | Mean pop reward     0.6 | Time 28465.08 seconds
Generation   8900 | Steps    4622613 | Test reward     0.4 | Mean pop reward     0.6 | Time 28777.64 seconds
Generation   9000 | Steps    4676471 | Test reward     1.2 | Mean pop reward     0.6 | Time 29090.26 seconds
Generation   9100 | Steps    4730601 | Test reward     0.6 | Mean pop reward     0.5 | Time 29403.32 seconds
Generation   9200 | Steps    4784475 | Test reward     0.4 | Mean pop reward     0.3 | Time 29737.91 seconds
Generation   9300 | Steps    4838325 | Test reward    -0.0 | Mean pop reward     0.4 | Time 30050.55 seconds
Generation   9400 | Steps    4891863 | Test reward     0.8 | Mean pop reward     0.5 | Time 30362.91 seconds
Generation   9500 | Steps    4945974 | Test reward     0.6 | Mean pop reward     0.4 | Time 30686.54 seconds
Generation   9600 | Steps    4999640 | Test reward     0.7 | Mean pop reward     0.5 | Time 30999.57 seconds
Generation   9700 | Steps    5053103 | Test reward     0.6 | Mean pop reward     0.6 | Time 31349.36 seconds
Generation   9800 | Steps    5107290 | Test reward     0.3 | Mean pop reward     0.4 | Time 31662.80 seconds
Generation   9900 | Steps    5161419 | Test reward     0.4 | Mean pop reward     0.4 | Time 31976.07 seconds
Generation  10000 | Steps    5215344 | Test reward     0.7 | Mean pop reward     0.7 | Time 32293.61 seconds
Generation  10100 | Steps    5269007 | Test reward     0.7 | Mean pop reward     0.4 | Time 32619.10 seconds
Generation  10200 | Steps    5323440 | Test reward     0.8 | Mean pop reward     0.6 | Time 32932.80 seconds
Generation  10300 | Steps    5377741 | Test reward     0.4 | Mean pop reward     0.5 | Time 33313.41 seconds
Generation  10400 | Steps    5431866 | Test reward     0.6 | Mean pop reward     0.6 | Time 33675.90 seconds
Generation  10500 | Steps    5486275 | Test reward     0.6 | Mean pop reward     0.5 | Time 33999.65 seconds
Generation  10600 | Steps    5540221 | Test reward     0.5 | Mean pop reward     0.7 | Time 34316.74 seconds
Generation  10700 | Steps    5594366 | Test reward     0.8 | Mean pop reward     0.6 | Time 34694.32 seconds
Generation  10800 | Steps    5648900 | Test reward     0.3 | Mean pop reward     0.6 | Time 35035.49 seconds
Generation  10900 | Steps    5702724 | Test reward     0.6 | Mean pop reward     0.5 | Time 35404.07 seconds
Generation  11000 | Steps    5756979 | Test reward     0.7 | Mean pop reward     0.6 | Time 35718.26 seconds
Generation  11100 | Steps    5810849 | Test reward     0.4 | Mean pop reward     0.7 | Time 36087.63 seconds
Generation  11200 | Steps    5865185 | Test reward    -0.1 | Mean pop reward     0.4 | Time 36402.01 seconds
Generation  11300 | Steps    5919670 | Test reward     0.2 | Mean pop reward     0.4 | Time 36736.30 seconds
Generation  11400 | Steps    5973409 | Test reward     0.5 | Mean pop reward     0.6 | Time 37052.01 seconds
Generation  11500 | Steps    6027612 | Test reward     0.5 | Mean pop reward     0.3 | Time 37370.95 seconds
Generation  11600 | Steps    6081662 | Test reward     0.5 | Mean pop reward     0.5 | Time 37703.99 seconds
Generation  11700 | Steps    6135629 | Test reward     0.7 | Mean pop reward     0.5 | Time 38076.86 seconds
Generation  11800 | Steps    6189616 | Test reward     0.8 | Mean pop reward     0.5 | Time 38390.72 seconds
Generation  11900 | Steps    6244346 | Test reward     0.3 | Mean pop reward     0.3 | Time 38754.30 seconds
Generation  12000 | Steps    6298471 | Test reward     1.1 | Mean pop reward     0.4 | Time 39077.63 seconds
Generation  12100 | Steps    6352629 | Test reward     0.7 | Mean pop reward     0.4 | Time 39393.07 seconds
Generation  12200 | Steps    6407138 | Test reward     0.6 | Mean pop reward     0.5 | Time 39718.38 seconds
Generation  12300 | Steps    6461475 | Test reward     0.7 | Mean pop reward     0.4 | Time 40034.90 seconds
Generation  12400 | Steps    6515250 | Test reward     0.3 | Mean pop reward     0.5 | Time 40349.60 seconds
Generation  12500 | Steps    6569702 | Test reward     0.4 | Mean pop reward     0.5 | Time 40666.05 seconds
Generation  12600 | Steps    6623800 | Test reward     0.9 | Mean pop reward     0.6 | Time 41042.64 seconds
Generation  12700 | Steps    6678065 | Test reward     0.2 | Mean pop reward     0.5 | Time 41356.42 seconds
Generation  12800 | Steps    6731488 | Test reward     0.6 | Mean pop reward     0.6 | Time 41671.48 seconds
Generation  12900 | Steps    6785562 | Test reward     0.5 | Mean pop reward     0.3 | Time 41988.13 seconds
Generation  13000 | Steps    6840089 | Test reward     0.2 | Mean pop reward     0.4 | Time 42324.03 seconds
Generation  13100 | Steps    6894449 | Test reward     0.2 | Mean pop reward     0.7 | Time 42640.08 seconds
Generation  13200 | Steps    6948890 | Test reward     0.4 | Mean pop reward     0.3 | Time 42959.89 seconds
Generation  13300 | Steps    7003139 | Test reward     0.5 | Mean pop reward     0.7 | Time 43300.02 seconds
Generation  13400 | Steps    7057763 | Test reward     0.5 | Mean pop reward     0.4 | Time 43614.92 seconds
Generation  13500 | Steps    7111758 | Test reward     1.1 | Mean pop reward     0.2 | Time 43931.12 seconds
Generation  13600 | Steps    7166538 | Test reward     0.4 | Mean pop reward     0.4 | Time 44262.09 seconds
Generation  13700 | Steps    7220451 | Test reward     0.9 | Mean pop reward     0.7 | Time 44579.62 seconds
Generation  13800 | Steps    7274309 | Test reward     0.7 | Mean pop reward     0.4 | Time 44903.89 seconds
Generation  13900 | Steps    7328526 | Test reward     0.6 | Mean pop reward     0.5 | Time 45218.79 seconds
Generation  14000 | Steps    7382830 | Test reward     0.5 | Mean pop reward     0.5 | Time 45535.51 seconds
Generation  14100 | Steps    7436715 | Test reward     0.3 | Mean pop reward     0.5 | Time 45850.30 seconds
Generation  14200 | Steps    7491118 | Test reward     0.6 | Mean pop reward     0.4 | Time 46166.50 seconds
Generation  14300 | Steps    7545091 | Test reward     0.3 | Mean pop reward     1.1 | Time 46482.33 seconds
Generation  14400 | Steps    7599019 | Test reward     0.6 | Mean pop reward     0.4 | Time 46836.86 seconds
Generation  14500 | Steps    7653302 | Test reward     0.6 | Mean pop reward     0.7 | Time 47171.07 seconds
Generation  14600 | Steps    7707609 | Test reward     0.3 | Mean pop reward     0.5 | Time 47523.67 seconds
Generation  14700 | Steps    7762131 | Test reward     0.9 | Mean pop reward     0.5 | Time 47927.75 seconds
Generation  14800 | Steps    7816997 | Test reward     0.7 | Mean pop reward     0.4 | Time 48242.88 seconds
Generation  14900 | Steps    7871326 | Test reward     0.4 | Mean pop reward     0.5 | Time 48583.70 seconds
Generation  15000 | Steps    7925237 | Test reward     0.1 | Mean pop reward     0.6 | Time 48904.08 seconds
Generation  15100 | Steps    7979328 | Test reward     0.6 | Mean pop reward     0.7 | Time 49258.56 seconds
Generation  15200 | Steps    8033593 | Test reward     0.5 | Mean pop reward     0.3 | Time 49573.47 seconds
Generation  15300 | Steps    8087820 | Test reward     0.8 | Mean pop reward     0.3 | Time 49890.70 seconds
Generation  15400 | Steps    8142373 | Test reward     0.8 | Mean pop reward     0.6 | Time 50207.34 seconds
Generation  15500 | Steps    8196692 | Test reward     0.5 | Mean pop reward     0.3 | Time 50523.39 seconds
Generation  15600 | Steps    8251398 | Test reward     0.4 | Mean pop reward     0.3 | Time 50838.99 seconds
Generation  15700 | Steps    8305470 | Test reward     0.7 | Mean pop reward     0.4 | Time 51153.57 seconds
Generation  15800 | Steps    8359748 | Test reward     0.6 | Mean pop reward     0.6 | Time 51473.25 seconds
Generation  15900 | Steps    8413809 | Test reward     0.7 | Mean pop reward     0.5 | Time 51802.22 seconds
Generation  16000 | Steps    8468398 | Test reward     0.2 | Mean pop reward     0.2 | Time 52143.64 seconds
Generation  16100 | Steps    8523069 | Test reward     0.8 | Mean pop reward     0.5 | Time 52474.95 seconds
Generation  16200 | Steps    8576838 | Test reward     0.5 | Mean pop reward     0.4 | Time 52813.01 seconds
Generation  16300 | Steps    8631282 | Test reward     0.5 | Mean pop reward     0.4 | Time 53173.54 seconds
Generation  16400 | Steps    8685556 | Test reward     0.5 | Mean pop reward     0.5 | Time 53490.04 seconds
Generation  16500 | Steps    8740277 | Test reward     0.8 | Mean pop reward     0.4 | Time 53821.44 seconds
Generation  16600 | Steps    8795124 | Test reward     0.5 | Mean pop reward     0.6 | Time 54147.60 seconds
Generation  16700 | Steps    8849810 | Test reward     0.1 | Mean pop reward     0.6 | Time 54501.56 seconds
Generation  16800 | Steps    8904396 | Test reward     0.2 | Mean pop reward     0.6 | Time 54815.51 seconds
Generation  16900 | Steps    8958807 | Test reward     0.1 | Mean pop reward     0.5 | Time 55155.44 seconds
Generation  17000 | Steps    9013235 | Test reward     0.4 | Mean pop reward     0.5 | Time 55471.60 seconds
Generation  17100 | Steps    9067876 | Test reward     0.2 | Mean pop reward     0.5 | Time 55794.22 seconds
Generation  17200 | Steps    9122758 | Test reward     0.2 | Mean pop reward     0.6 | Time 56109.79 seconds
Generation  17300 | Steps    9177408 | Test reward     0.7 | Mean pop reward     0.6 | Time 56423.20 seconds
Generation  17400 | Steps    9231584 | Test reward     0.2 | Mean pop reward     0.6 | Time 56735.75 seconds
Generation  17500 | Steps    9286039 | Test reward     1.2 | Mean pop reward     0.4 | Time 57081.63 seconds
Generation  17600 | Steps    9340542 | Test reward     0.3 | Mean pop reward     0.5 | Time 57400.11 seconds
Generation  17700 | Steps    9394597 | Test reward     0.2 | Mean pop reward     0.4 | Time 57738.95 seconds
Generation  17800 | Steps    9448912 | Test reward     0.5 | Mean pop reward     0.7 | Time 58054.00 seconds
Generation  17900 | Steps    9503360 | Test reward     0.4 | Mean pop reward     0.4 | Time 58416.96 seconds
Generation  18000 | Steps    9558376 | Test reward     0.7 | Mean pop reward     0.4 | Time 58733.63 seconds
Generation  18100 | Steps    9613557 | Test reward     0.2 | Mean pop reward     0.4 | Time 59048.34 seconds
Generation  18200 | Steps    9668137 | Test reward     0.7 | Mean pop reward     0.5 | Time 59368.96 seconds
Generation  18300 | Steps    9722795 | Test reward     0.4 | Mean pop reward     0.5 | Time 59731.23 seconds
Generation  18400 | Steps    9776834 | Test reward     0.5 | Mean pop reward     0.3 | Time 60063.57 seconds
Generation  18500 | Steps    9830959 | Test reward     0.5 | Mean pop reward     0.5 | Time 60406.06 seconds
Generation  18600 | Steps    9885478 | Test reward     0.7 | Mean pop reward     0.4 | Time 60735.70 seconds
Generation  18700 | Steps    9939735 | Test reward     0.4 | Mean pop reward     0.3 | Time 61103.86 seconds
Generation  18800 | Steps    9994368 | Test reward     0.1 | Mean pop reward     0.5 | Time 61440.79 seconds
Generation  18900 | Steps   10049733 | Test reward     0.6 | Mean pop reward     0.4 | Time 61756.56 seconds
Generation  19000 | Steps   10104877 | Test reward     0.7 | Mean pop reward     0.4 | Time 62145.39 seconds
Generation  19100 | Steps   10159419 | Test reward     0.3 | Mean pop reward     0.5 | Time 62565.93 seconds
Generation  19200 | Steps   10214654 | Test reward     0.4 | Mean pop reward     0.6 | Time 62900.31 seconds
Generation  19300 | Steps   10269480 | Test reward     0.3 | Mean pop reward     0.4 | Time 63238.71 seconds
Generation  19400 | Steps   10324263 | Test reward     0.4 | Mean pop reward     0.6 | Time 63552.12 seconds
Generation  19500 | Steps   10379220 | Test reward     0.8 | Mean pop reward     0.3 | Time 63895.97 seconds
Generation  19600 | Steps   10434281 | Test reward     0.7 | Mean pop reward     0.4 | Time 64262.18 seconds
Generation  19700 | Steps   10489291 | Test reward     0.8 | Mean pop reward     0.5 | Time 64586.19 seconds
Generation  19800 | Steps   10544125 | Test reward     0.3 | Mean pop reward     0.5 | Time 64970.09 seconds
Generation  19900 | Steps   10598896 | Test reward     0.7 | Mean pop reward     0.3 | Time 65283.72 seconds
Generation  20000 | Steps   10653886 | Test reward     0.6 | Mean pop reward     0.5 | Time 65624.59 seconds
Generation  20100 | Steps   10708866 | Test reward     0.9 | Mean pop reward     0.4 | Time 65979.34 seconds
Generation  20200 | Steps   10763618 | Test reward     0.2 | Mean pop reward     0.5 | Time 66322.07 seconds
Generation  20300 | Steps   10818563 | Test reward     0.7 | Mean pop reward     0.3 | Time 66715.19 seconds
Generation  20400 | Steps   10874622 | Test reward     0.5 | Mean pop reward     0.6 | Time 67047.17 seconds
Generation  20500 | Steps   10929384 | Test reward     0.3 | Mean pop reward     0.5 | Time 67387.70 seconds
Generation  20600 | Steps   10984514 | Test reward     0.7 | Mean pop reward     0.4 | Time 67738.87 seconds
Generation  20700 | Steps   11038807 | Test reward     0.5 | Mean pop reward     0.4 | Time 68089.04 seconds
Generation  20800 | Steps   11093580 | Test reward     0.3 | Mean pop reward     0.4 | Time 68444.77 seconds
Generation  20900 | Steps   11148142 | Test reward     0.5 | Mean pop reward     0.2 | Time 68768.12 seconds
Generation  21000 | Steps   11203149 | Test reward     0.7 | Mean pop reward     0.5 | Time 69225.12 seconds
Generation  21100 | Steps   11258346 | Test reward     0.8 | Mean pop reward     0.4 | Time 69564.26 seconds
Generation  21200 | Steps   11313181 | Test reward     0.3 | Mean pop reward     0.5 | Time 69900.49 seconds
Generation  21300 | Steps   11368849 | Test reward     0.1 | Mean pop reward     0.4 | Time 70235.78 seconds
Generation  21400 | Steps   11424066 | Test reward     0.7 | Mean pop reward     0.4 | Time 70615.70 seconds
Generation  21500 | Steps   11479781 | Test reward     0.2 | Mean pop reward     0.4 | Time 70995.44 seconds
Generation  21600 | Steps   11534591 | Test reward     0.3 | Mean pop reward     0.5 | Time 71365.06 seconds
Generation  21700 | Steps   11589585 | Test reward     0.6 | Mean pop reward     0.6 | Time 71725.97 seconds
Generation  21800 | Steps   11644884 | Test reward     0.5 | Mean pop reward     0.4 | Time 72094.79 seconds
Generation  21900 | Steps   11699652 | Test reward     0.7 | Mean pop reward     0.7 | Time 72450.62 seconds
Generation  22000 | Steps   11755094 | Test reward     1.0 | Mean pop reward     0.6 | Time 72841.81 seconds
Generation  22100 | Steps   11810106 | Test reward     0.4 | Mean pop reward     0.4 | Time 73197.25 seconds
Generation  22200 | Steps   11865232 | Test reward     0.8 | Mean pop reward     0.8 | Time 73566.55 seconds
Generation  22300 | Steps   11920370 | Test reward     0.6 | Mean pop reward     0.3 | Time 73904.77 seconds
Generation  22400 | Steps   11975615 | Test reward     0.2 | Mean pop reward     0.4 | Time 74313.50 seconds
Generation  22500 | Steps   12029866 | Test reward     0.3 | Mean pop reward     0.5 | Time 74794.88 seconds
Generation  22600 | Steps   12084930 | Test reward     0.8 | Mean pop reward     0.4 | Time 75156.10 seconds
Generation  22700 | Steps   12139775 | Test reward     0.3 | Mean pop reward     0.6 | Time 75556.23 seconds
Generation  22800 | Steps   12195598 | Test reward    -0.1 | Mean pop reward     0.6 | Time 75944.54 seconds
Generation  22900 | Steps   12250726 | Test reward     0.7 | Mean pop reward     0.3 | Time 76309.77 seconds
Generation  23000 | Steps   12305730 | Test reward     0.1 | Mean pop reward     0.5 | Time 76723.78 seconds
Generation  23100 | Steps   12360483 | Test reward     0.6 | Mean pop reward     0.7 | Time 77096.97 seconds
Generation  23200 | Steps   12415184 | Test reward     0.3 | Mean pop reward     0.7 | Time 77429.60 seconds
Generation  23300 | Steps   12470256 | Test reward     0.2 | Mean pop reward     0.5 | Time 77759.93 seconds
Generation  23400 | Steps   12524910 | Test reward     0.8 | Mean pop reward     0.4 | Time 78131.24 seconds
Generation  23500 | Steps   12580236 | Test reward     0.5 | Mean pop reward     0.4 | Time 78721.35 seconds
Generation  23600 | Steps   12635754 | Test reward     0.7 | Mean pop reward     0.6 | Time 79122.76 seconds
Generation  23700 | Steps   12690886 | Test reward     0.2 | Mean pop reward     0.5 | Time 79619.21 seconds
Generation  23800 | Steps   12745341 | Test reward     0.5 | Mean pop reward     0.7 | Time 80030.06 seconds
Generation  23900 | Steps   12800667 | Test reward     0.8 | Mean pop reward     0.5 | Time 80475.53 seconds
Generation  24000 | Steps   12855743 | Test reward     0.4 | Mean pop reward     0.9 | Time 80868.70 seconds
Generation  24100 | Steps   12910734 | Test reward     0.7 | Mean pop reward     0.4 | Time 81304.73 seconds
Generation  24200 | Steps   12966109 | Test reward     0.6 | Mean pop reward     0.6 | Time 81762.22 seconds
Generation  24300 | Steps   13021245 | Test reward     0.7 | Mean pop reward     0.4 | Time 82197.20 seconds
Generation  24400 | Steps   13076707 | Test reward     0.5 | Mean pop reward     0.5 | Time 82573.11 seconds
Generation  24500 | Steps   13131904 | Test reward     0.5 | Mean pop reward     0.3 | Time 82912.45 seconds
Generation  24600 | Steps   13187585 | Test reward     0.5 | Mean pop reward     0.4 | Time 83304.38 seconds
Generation  24700 | Steps   13242964 | Test reward     0.3 | Mean pop reward     0.6 | Time 83691.52 seconds
Generation  24800 | Steps   13298237 | Test reward     0.7 | Mean pop reward     0.2 | Time 84045.97 seconds
Generation  24900 | Steps   13352720 | Test reward     0.1 | Mean pop reward     0.7 | Time 84403.69 seconds
Generation  25000 | Steps   13407755 | Test reward     0.9 | Mean pop reward     0.5 | Time 84794.70 seconds
Generation  25100 | Steps   13463132 | Test reward     0.5 | Mean pop reward     0.6 | Time 85147.82 seconds
Generation  25200 | Steps   13518612 | Test reward     0.3 | Mean pop reward     0.4 | Time 85488.99 seconds
Generation  25300 | Steps   13573964 | Test reward     0.5 | Mean pop reward     0.4 | Time 85856.40 seconds
Generation  25400 | Steps   13629662 | Test reward     0.7 | Mean pop reward     0.6 | Time 86228.78 seconds
