population    : 75                                                                   
workers       : 20                                                                   
save_dir      : /zhome/c2/b/86488/Documents/deep/evolutionary/hpcjobs/Minesweeper11-3
learning_rate : 0.1                                                                  
sigma         : 0.1                                                                  
reg           : {'L2': 0.03}                                                         

Generation      0 | Steps       3399 | Test reward    -4.8 | Mean pop reward    -6.7 | Time   62.58 seconds
Generation    100 | Steps     327940 | Test reward    -3.9 | Mean pop reward    -5.7 | Time  518.37 seconds
Generation    200 | Steps     645926 | Test reward    -6.4 | Mean pop reward    -6.2 | Time  967.90 seconds
Generation    300 | Steps     955065 | Test reward    -4.6 | Mean pop reward    -5.6 | Time 1414.45 seconds
Generation    400 | Steps    1254638 | Test reward    -4.1 | Mean pop reward    -5.9 | Time 1861.71 seconds
Generation    500 | Steps    1547336 | Test reward    -5.7 | Mean pop reward    -4.9 | Time 2312.50 seconds
Generation    600 | Steps    1826188 | Test reward    -4.6 | Mean pop reward    -5.2 | Time 2763.28 seconds
Generation    700 | Steps    2096585 | Test reward    -2.8 | Mean pop reward    -5.0 | Time 3210.75 seconds
Generation    800 | Steps    2359238 | Test reward    -4.9 | Mean pop reward    -4.9 | Time 3656.12 seconds
Generation    900 | Steps    2609639 | Test reward    -4.6 | Mean pop reward    -4.4 | Time 4104.45 seconds
Generation   1000 | Steps    2845077 | Test reward    -3.6 | Mean pop reward    -3.8 | Time 4541.73 seconds
Generation   1100 | Steps    3088155 | Test reward    -3.5 | Mean pop reward    -4.7 | Time 4987.95 seconds
Generation   1200 | Steps    3334050 | Test reward    -4.2 | Mean pop reward    -4.6 | Time 5433.82 seconds
Generation   1300 | Steps    3577779 | Test reward    -5.5 | Mean pop reward    -4.5 | Time 5883.59 seconds
Generation   1400 | Steps    3808874 | Test reward    -2.5 | Mean pop reward    -4.4 | Time 6322.67 seconds
Generation   1500 | Steps    4031678 | Test reward    -5.3 | Mean pop reward    -3.9 | Time 6773.04 seconds
Generation   1600 | Steps    4256345 | Test reward    -3.4 | Mean pop reward    -4.0 | Time 7219.13 seconds
Generation   1700 | Steps    4478787 | Test reward    -5.1 | Mean pop reward    -4.0 | Time 7669.67 seconds
Generation   1800 | Steps    4695330 | Test reward    -4.8 | Mean pop reward    -3.9 | Time 8111.31 seconds
Generation   1900 | Steps    4913154 | Test reward    -3.7 | Mean pop reward    -4.3 | Time 8559.26 seconds
Generation   2000 | Steps    5131491 | Test reward    -4.3 | Mean pop reward    -4.2 | Time 9009.29 seconds
Generation   2100 | Steps    5354397 | Test reward    -3.8 | Mean pop reward    -4.0 | Time 9454.30 seconds
Generation   2200 | Steps    5578730 | Test reward    -2.3 | Mean pop reward    -4.7 | Time 9902.34 seconds
Generation   2300 | Steps    5810871 | Test reward    -6.1 | Mean pop reward    -4.2 | Time 10345.21 seconds
Generation   2400 | Steps    6043024 | Test reward    -3.8 | Mean pop reward    -4.1 | Time 10793.55 seconds
Generation   2500 | Steps    6270292 | Test reward    -3.4 | Mean pop reward    -4.1 | Time 11242.20 seconds
Generation   2600 | Steps    6507799 | Test reward    -1.5 | Mean pop reward    -4.5 | Time 11693.09 seconds
Generation   2700 | Steps    6738396 | Test reward    -3.5 | Mean pop reward    -4.3 | Time 12136.03 seconds
Generation   2800 | Steps    6962703 | Test reward    -1.7 | Mean pop reward    -4.4 | Time 12585.56 seconds
Generation   2900 | Steps    7185396 | Test reward    -4.5 | Mean pop reward    -3.5 | Time 13034.68 seconds
Generation   3000 | Steps    7399271 | Test reward    -2.9 | Mean pop reward    -3.7 | Time 13473.72 seconds
Generation   3100 | Steps    7623300 | Test reward    -2.9 | Mean pop reward    -3.8 | Time 13907.86 seconds
Generation   3200 | Steps    7844446 | Test reward    -2.9 | Mean pop reward    -3.7 | Time 14350.77 seconds
Generation   3300 | Steps    8064653 | Test reward    -3.0 | Mean pop reward    -3.8 | Time 14794.56 seconds
Generation   3400 | Steps    8282921 | Test reward    -0.0 | Mean pop reward    -4.3 | Time 15239.84 seconds
Generation   3500 | Steps    8493722 | Test reward    -3.7 | Mean pop reward    -3.7 | Time 15677.76 seconds
Generation   3600 | Steps    8706089 | Test reward    -1.6 | Mean pop reward    -3.6 | Time 16117.96 seconds
Generation   3700 | Steps    8910060 | Test reward    -3.8 | Mean pop reward    -3.6 | Time 16561.83 seconds
Generation   3800 | Steps    9107354 | Test reward    -1.5 | Mean pop reward    -3.2 | Time 17004.97 seconds
Generation   3900 | Steps    9302047 | Test reward    -2.1 | Mean pop reward    -3.8 | Time 17441.13 seconds
Generation   4000 | Steps    9499166 | Test reward    -1.9 | Mean pop reward    -3.6 | Time 17873.68 seconds
Generation   4100 | Steps    9697797 | Test reward    -1.4 | Mean pop reward    -3.8 | Time 18316.88 seconds
Generation   4200 | Steps    9897912 | Test reward    -3.6 | Mean pop reward    -3.8 | Time 18752.96 seconds
Generation   4300 | Steps   10104937 | Test reward    -2.0 | Mean pop reward    -3.9 | Time 19194.78 seconds
Generation   4400 | Steps   10302899 | Test reward    -3.6 | Mean pop reward    -4.0 | Time 19634.85 seconds
Generation   4500 | Steps   10503286 | Test reward    -2.2 | Mean pop reward    -3.7 | Time 20072.19 seconds
Generation   4600 | Steps   10708842 | Test reward    -6.0 | Mean pop reward    -3.6 | Time 20514.86 seconds
Generation   4700 | Steps   10916074 | Test reward    -2.6 | Mean pop reward    -4.1 | Time 20970.13 seconds
Generation   4800 | Steps   11115790 | Test reward    -1.8 | Mean pop reward    -3.6 | Time 21406.50 seconds
Generation   4900 | Steps   11310075 | Test reward    -3.1 | Mean pop reward    -3.8 | Time 21846.56 seconds
Generation   5000 | Steps   11502225 | Test reward    -3.4 | Mean pop reward    -3.6 | Time 22289.01 seconds
Generation   5100 | Steps   11698839 | Test reward    -2.8 | Mean pop reward    -3.5 | Time 22727.27 seconds
Generation   5200 | Steps   11898208 | Test reward    -4.3 | Mean pop reward    -3.8 | Time 23164.90 seconds
Generation   5300 | Steps   12094180 | Test reward    -4.5 | Mean pop reward    -3.7 | Time 23603.43 seconds
Generation   5400 | Steps   12283138 | Test reward    -3.8 | Mean pop reward    -3.2 | Time 24040.68 seconds
Generation   5500 | Steps   12467652 | Test reward    -3.8 | Mean pop reward    -3.3 | Time 24476.88 seconds
Generation   5600 | Steps   12655448 | Test reward    -4.2 | Mean pop reward    -3.5 | Time 24914.97 seconds
Generation   5700 | Steps   12843177 | Test reward    -3.4 | Mean pop reward    -3.2 | Time 25352.37 seconds
Generation   5800 | Steps   13033030 | Test reward    -2.9 | Mean pop reward    -3.6 | Time 25792.12 seconds
Generation   5900 | Steps   13223540 | Test reward    -3.8 | Mean pop reward    -3.0 | Time 26228.05 seconds
Generation   6000 | Steps   13411886 | Test reward    -3.1 | Mean pop reward    -3.3 | Time 26665.11 seconds
Generation   6100 | Steps   13602937 | Test reward    -1.0 | Mean pop reward    -3.6 | Time 27100.33 seconds
Generation   6200 | Steps   13795858 | Test reward    -1.3 | Mean pop reward    -3.4 | Time 27537.72 seconds
Generation   6300 | Steps   13985227 | Test reward    -2.2 | Mean pop reward    -3.0 | Time 27977.75 seconds
Generation   6400 | Steps   14181471 | Test reward    -2.3 | Mean pop reward    -3.7 | Time 28415.56 seconds
Generation   6500 | Steps   14370381 | Test reward    -3.4 | Mean pop reward    -3.5 | Time 28851.07 seconds
Generation   6600 | Steps   14563163 | Test reward    -3.0 | Mean pop reward    -2.6 | Time 29291.66 seconds
Generation   6700 | Steps   14753831 | Test reward    -3.0 | Mean pop reward    -3.9 | Time 29728.11 seconds
Generation   6800 | Steps   14943889 | Test reward    -2.1 | Mean pop reward    -2.8 | Time 30168.01 seconds
Generation   6900 | Steps   15137449 | Test reward    -3.7 | Mean pop reward    -3.7 | Time 30606.90 seconds
Generation   7000 | Steps   15329605 | Test reward    -1.1 | Mean pop reward    -3.3 | Time 31043.95 seconds
Generation   7100 | Steps   15529438 | Test reward    -3.8 | Mean pop reward    -3.0 | Time 31481.11 seconds
Generation   7200 | Steps   15724916 | Test reward    -3.7 | Mean pop reward    -3.7 | Time 31919.44 seconds
Generation   7300 | Steps   15912347 | Test reward    -4.1 | Mean pop reward    -3.2 | Time 32355.84 seconds
Generation   7400 | Steps   16105922 | Test reward    -2.3 | Mean pop reward    -3.8 | Time 32794.35 seconds
Generation   7500 | Steps   16302585 | Test reward    -4.1 | Mean pop reward    -3.9 | Time 33231.75 seconds
Generation   7600 | Steps   16501311 | Test reward    -2.4 | Mean pop reward    -3.7 | Time 33672.88 seconds
Generation   7700 | Steps   16690336 | Test reward    -1.9 | Mean pop reward    -3.9 | Time 34110.15 seconds
Generation   7800 | Steps   16881394 | Test reward    -2.0 | Mean pop reward    -4.1 | Time 34549.91 seconds
Generation   7900 | Steps   17075496 | Test reward    -3.2 | Mean pop reward    -3.9 | Time 34987.43 seconds
Generation   8000 | Steps   17274953 | Test reward    -3.4 | Mean pop reward    -3.1 | Time 35425.50 seconds
Generation   8100 | Steps   17475437 | Test reward    -3.5 | Mean pop reward    -3.5 | Time 35865.84 seconds
Generation   8200 | Steps   17675121 | Test reward    -3.1 | Mean pop reward    -3.5 | Time 36304.66 seconds
Generation   8300 | Steps   17865649 | Test reward    -4.0 | Mean pop reward    -3.1 | Time 36744.84 seconds
Generation   8400 | Steps   18051902 | Test reward    -3.1 | Mean pop reward    -3.6 | Time 37183.85 seconds
Generation   8500 | Steps   18236521 | Test reward    -1.8 | Mean pop reward    -3.5 | Time 37619.53 seconds
