population    : 20                                                              
workers       : 4                                                               
save_dir      : /Users/Jakob/Desktop/minesweeper_solver/evolutionary/CartPole-v1
learning_rate : 0.03                                                            
sigma         : 0.1                                                             
reg           : {'L2': 0.0001}                                                  

Generation      0 | Steps        710 | Test reward    13.3 | Mean pop reward    17.8 | Time    4.32 seconds
Generation      3 | Steps       3992 | Test reward    24.1 | Mean pop reward    42.5 | Time   10.85 seconds
Generation      6 | Steps       6432 | Test reward    17.4 | Mean pop reward    24.2 | Time   17.55 seconds
Generation      9 | Steps       8319 | Test reward    39.8 | Mean pop reward    14.8 | Time   25.90 seconds
Generation     12 | Steps      15577 | Test reward    70.0 | Mean pop reward    78.8 | Time   32.72 seconds
Generation     15 | Steps      21824 | Test reward    30.1 | Mean pop reward    46.5 | Time   39.70 seconds
Generation     18 | Steps      28644 | Test reward    52.5 | Mean pop reward    60.4 | Time   46.99 seconds
Generation     21 | Steps      35697 | Test reward    64.4 | Mean pop reward    64.7 | Time   54.38 seconds
Generation     24 | Steps      41536 | Test reward    85.7 | Mean pop reward    49.5 | Time   62.14 seconds
Generation     27 | Steps      52536 | Test reward    87.0 | Mean pop reward    89.3 | Time   70.77 seconds
Generation     30 | Steps      65206 | Test reward   105.3 | Mean pop reward   145.6 | Time   79.02 seconds
Generation     33 | Steps      80075 | Test reward   144.6 | Mean pop reward   131.9 | Time   87.58 seconds
Generation     36 | Steps      98755 | Test reward   157.4 | Mean pop reward   162.6 | Time   96.80 seconds
Generation     39 | Steps     118002 | Test reward   150.9 | Mean pop reward   159.9 | Time  106.11 seconds
Generation     42 | Steps     136355 | Test reward   128.8 | Mean pop reward   139.8 | Time  115.43 seconds
Generation     45 | Steps     155248 | Test reward   123.0 | Mean pop reward   169.4 | Time  124.52 seconds
Generation     48 | Steps     169584 | Test reward   127.7 | Mean pop reward   117.6 | Time  133.08 seconds
Generation     51 | Steps     183874 | Test reward   127.9 | Mean pop reward   121.6 | Time  141.84 seconds
Generation     54 | Steps     198783 | Test reward   125.0 | Mean pop reward   107.2 | Time  150.89 seconds
Generation     57 | Steps     215971 | Test reward   124.8 | Mean pop reward   161.7 | Time  160.62 seconds
Generation     60 | Steps     233251 | Test reward   166.0 | Mean pop reward   148.3 | Time  174.39 seconds
Generation     63 | Steps     252593 | Test reward   141.4 | Mean pop reward   148.3 | Time  185.17 seconds
Generation     66 | Steps     270342 | Test reward   141.8 | Mean pop reward   125.6 | Time  194.56 seconds
Generation     69 | Steps     289655 | Test reward   132.4 | Mean pop reward   160.8 | Time  204.06 seconds
Generation     72 | Steps     308111 | Test reward   176.6 | Mean pop reward   143.5 | Time  213.44 seconds
Generation     75 | Steps     327508 | Test reward   130.9 | Mean pop reward   128.1 | Time  222.92 seconds
Generation     78 | Steps     345073 | Test reward   155.4 | Mean pop reward   155.0 | Time  232.77 seconds
Generation     81 | Steps     366049 | Test reward   177.1 | Mean pop reward   173.6 | Time  242.94 seconds
Generation     84 | Steps     388099 | Test reward   142.6 | Mean pop reward   194.2 | Time  253.84 seconds
Generation     87 | Steps     407494 | Test reward   165.8 | Mean pop reward   156.9 | Time  264.96 seconds
Generation     90 | Steps     428581 | Test reward   180.6 | Mean pop reward   183.1 | Time  275.68 seconds
Generation     93 | Steps     450908 | Test reward   187.9 | Mean pop reward   183.0 | Time  286.70 seconds
Generation     96 | Steps     471555 | Test reward   186.2 | Mean pop reward   165.3 | Time  296.65 seconds
Generation     99 | Steps     494228 | Test reward   200.0 | Mean pop reward   183.9 | Time  306.66 seconds
Generation     99 | Steps     494228 | Test reward   192.9 | Mean pop reward   183.9 | Time  311.26 seconds
