population    : 50                                                                   
workers       : 20                                                                   
save_dir      : /zhome/c2/b/86488/Documents/deep/evolutionary/hpcjobs/Minesweeper10-2
learning_rate : 0.1                                                                  
sigma         : 0.1                                                                  
reg           : {'L2': 0.0}                                                          

Generation      0 | Steps       2285 | Test reward    -6.9 | Mean pop reward    -6.8 | Time  273.85 seconds
Generation    100 | Steps     210605 | Test reward    -7.5 | Mean pop reward    -6.1 | Time  589.02 seconds
Generation    200 | Steps     401127 | Test reward    -6.9 | Mean pop reward    -5.0 | Time  906.81 seconds
Generation    300 | Steps     583705 | Test reward    -5.2 | Mean pop reward    -5.4 | Time 1222.64 seconds
Generation    400 | Steps     760903 | Test reward    -5.0 | Mean pop reward    -4.7 | Time 1537.79 seconds
Generation    500 | Steps     922865 | Test reward    -4.5 | Mean pop reward    -5.0 | Time 1854.92 seconds
Generation    600 | Steps    1086037 | Test reward    -4.6 | Mean pop reward    -4.8 | Time 2174.83 seconds
Generation    700 | Steps    1248768 | Test reward    -5.2 | Mean pop reward    -4.8 | Time 2492.01 seconds
Generation    800 | Steps    1414078 | Test reward    -5.7 | Mean pop reward    -4.8 | Time 2804.44 seconds
Generation    900 | Steps    1589938 | Test reward    -4.6 | Mean pop reward    -4.6 | Time 3116.77 seconds
Generation   1000 | Steps    1757885 | Test reward    -6.0 | Mean pop reward    -4.9 | Time 3430.70 seconds
Generation   1100 | Steps    1927541 | Test reward    -4.2 | Mean pop reward    -5.3 | Time 3741.39 seconds
Generation   1200 | Steps    2098405 | Test reward    -5.2 | Mean pop reward    -4.6 | Time 4053.20 seconds
Generation   1300 | Steps    2272131 | Test reward    -5.0 | Mean pop reward    -4.4 | Time 4367.34 seconds
Generation   1400 | Steps    2447536 | Test reward    -6.7 | Mean pop reward    -5.7 | Time 4680.17 seconds
Generation   1500 | Steps    2627164 | Test reward    -5.8 | Mean pop reward    -5.7 | Time 4991.59 seconds
Generation   1600 | Steps    2809911 | Test reward    -5.0 | Mean pop reward    -5.1 | Time 5308.92 seconds
Generation   1700 | Steps    2987846 | Test reward    -4.5 | Mean pop reward    -5.5 | Time 5624.47 seconds
Generation   1800 | Steps    3159189 | Test reward    -4.7 | Mean pop reward    -5.2 | Time 5942.27 seconds
Generation   1900 | Steps    3329318 | Test reward    -3.4 | Mean pop reward    -4.6 | Time 6267.26 seconds
Generation   2000 | Steps    3483557 | Test reward    -4.3 | Mean pop reward    -4.8 | Time 6581.65 seconds
Generation   2100 | Steps    3645647 | Test reward    -4.3 | Mean pop reward    -4.7 | Time 6892.70 seconds
Generation   2200 | Steps    3809126 | Test reward    -5.7 | Mean pop reward    -5.3 | Time 7209.92 seconds
Generation   2300 | Steps    3969845 | Test reward    -4.5 | Mean pop reward    -5.1 | Time 7523.34 seconds
Generation   2400 | Steps    4136425 | Test reward    -6.1 | Mean pop reward    -4.8 | Time 7834.10 seconds
Generation   2500 | Steps    4301586 | Test reward    -5.8 | Mean pop reward    -5.5 | Time 8152.01 seconds
Generation   2600 | Steps    4474250 | Test reward    -4.3 | Mean pop reward    -5.0 | Time 8466.88 seconds
Generation   2700 | Steps    4642548 | Test reward    -5.2 | Mean pop reward    -5.1 | Time 8784.37 seconds
Generation   2800 | Steps    4804216 | Test reward    -5.3 | Mean pop reward    -4.3 | Time 9099.45 seconds
Generation   2900 | Steps    4960073 | Test reward    -3.5 | Mean pop reward    -4.0 | Time 9414.31 seconds
Generation   3000 | Steps    5116588 | Test reward    -3.4 | Mean pop reward    -4.4 | Time 9726.19 seconds
Generation   3100 | Steps    5266973 | Test reward    -5.4 | Mean pop reward    -3.7 | Time 10041.83 seconds
Generation   3200 | Steps    5425581 | Test reward    -4.3 | Mean pop reward    -4.9 | Time 10355.22 seconds
Generation   3300 | Steps    5577726 | Test reward    -2.8 | Mean pop reward    -4.2 | Time 10681.48 seconds
Generation   3400 | Steps    5725686 | Test reward    -6.2 | Mean pop reward    -4.4 | Time 11003.41 seconds
Generation   3500 | Steps    5881546 | Test reward    -4.6 | Mean pop reward    -4.7 | Time 11321.22 seconds
Generation   3600 | Steps    6035209 | Test reward    -3.6 | Mean pop reward    -4.4 | Time 11633.31 seconds
Generation   3700 | Steps    6174205 | Test reward    -3.0 | Mean pop reward    -4.4 | Time 11948.57 seconds
Generation   3800 | Steps    6306885 | Test reward    -3.6 | Mean pop reward    -3.7 | Time 12265.90 seconds
Generation   3900 | Steps    6432150 | Test reward    -5.3 | Mean pop reward    -3.8 | Time 12584.09 seconds
Generation   4000 | Steps    6558833 | Test reward    -3.2 | Mean pop reward    -3.8 | Time 12898.40 seconds
Generation   4100 | Steps    6688445 | Test reward    -4.3 | Mean pop reward    -4.0 | Time 13211.29 seconds
Generation   4200 | Steps    6819504 | Test reward    -1.8 | Mean pop reward    -3.7 | Time 13524.19 seconds
Generation   4300 | Steps    6961130 | Test reward    -4.5 | Mean pop reward    -4.5 | Time 13838.39 seconds
Generation   4400 | Steps    7099731 | Test reward    -5.3 | Mean pop reward    -4.1 | Time 14151.97 seconds
Generation   4500 | Steps    7241691 | Test reward    -4.9 | Mean pop reward    -4.7 | Time 14463.63 seconds
Generation   4600 | Steps    7384553 | Test reward    -4.8 | Mean pop reward    -3.9 | Time 14771.78 seconds
Generation   4700 | Steps    7527170 | Test reward    -4.4 | Mean pop reward    -4.0 | Time 15081.25 seconds
Generation   4800 | Steps    7665790 | Test reward    -5.4 | Mean pop reward    -4.4 | Time 15390.20 seconds
Generation   4900 | Steps    7812228 | Test reward    -3.9 | Mean pop reward    -3.4 | Time 15697.50 seconds
Generation   5000 | Steps    7950563 | Test reward    -2.3 | Mean pop reward    -4.0 | Time 16006.54 seconds
Generation   5100 | Steps    8091994 | Test reward    -3.5 | Mean pop reward    -3.8 | Time 16315.94 seconds
Generation   5200 | Steps    8242567 | Test reward    -1.6 | Mean pop reward    -4.2 | Time 16629.30 seconds
Generation   5300 | Steps    8393118 | Test reward    -3.9 | Mean pop reward    -4.8 | Time 16951.34 seconds
Generation   5400 | Steps    8551257 | Test reward    -4.4 | Mean pop reward    -4.8 | Time 17261.95 seconds
Generation   5500 | Steps    8700268 | Test reward    -4.2 | Mean pop reward    -4.3 | Time 17573.02 seconds
Generation   5600 | Steps    8845249 | Test reward    -4.7 | Mean pop reward    -4.2 | Time 17884.63 seconds
Generation   5700 | Steps    8991644 | Test reward    -4.4 | Mean pop reward    -4.0 | Time 18195.48 seconds
Generation   5800 | Steps    9149772 | Test reward    -4.3 | Mean pop reward    -5.0 | Time 18505.62 seconds
Generation   5900 | Steps    9306179 | Test reward    -4.4 | Mean pop reward    -4.7 | Time 18825.75 seconds
Generation   6000 | Steps    9465568 | Test reward    -5.3 | Mean pop reward    -5.1 | Time 19138.68 seconds
Generation   6100 | Steps    9625816 | Test reward    -5.0 | Mean pop reward    -4.0 | Time 19449.49 seconds
Generation   6200 | Steps    9781076 | Test reward    -4.0 | Mean pop reward    -4.4 | Time 19758.68 seconds
Generation   6300 | Steps    9936360 | Test reward    -4.5 | Mean pop reward    -4.5 | Time 20067.51 seconds
Generation   6400 | Steps   10085174 | Test reward    -5.2 | Mean pop reward    -4.7 | Time 20376.76 seconds
Generation   6500 | Steps   10239890 | Test reward    -4.7 | Mean pop reward    -4.3 | Time 20687.05 seconds
Generation   6600 | Steps   10394360 | Test reward    -4.3 | Mean pop reward    -3.8 | Time 20995.41 seconds
Generation   6700 | Steps   10546786 | Test reward    -4.5 | Mean pop reward    -4.2 | Time 21306.14 seconds
Generation   6800 | Steps   10691306 | Test reward    -4.4 | Mean pop reward    -4.5 | Time 21619.89 seconds
Generation   6900 | Steps   10840609 | Test reward    -3.2 | Mean pop reward    -3.9 | Time 21939.09 seconds
Generation   7000 | Steps   10995141 | Test reward    -5.6 | Mean pop reward    -4.9 | Time 22251.98 seconds
Generation   7100 | Steps   11151373 | Test reward    -4.7 | Mean pop reward    -4.0 | Time 22577.22 seconds
Generation   7200 | Steps   11301448 | Test reward    -5.2 | Mean pop reward    -4.3 | Time 22886.99 seconds
Generation   7300 | Steps   11457043 | Test reward    -5.0 | Mean pop reward    -3.9 | Time 23200.47 seconds
Generation   7400 | Steps   11613482 | Test reward    -3.8 | Mean pop reward    -3.9 | Time 23512.84 seconds
Generation   7500 | Steps   11768372 | Test reward    -3.8 | Mean pop reward    -5.2 | Time 23822.34 seconds
Generation   7600 | Steps   11924440 | Test reward    -4.5 | Mean pop reward    -5.4 | Time 24133.23 seconds
Generation   7700 | Steps   12082491 | Test reward    -4.5 | Mean pop reward    -3.7 | Time 24443.03 seconds
Generation   7800 | Steps   12241982 | Test reward    -4.5 | Mean pop reward    -5.1 | Time 24752.58 seconds
Generation   7900 | Steps   12398993 | Test reward    -4.9 | Mean pop reward    -4.2 | Time 25063.25 seconds
Generation   8000 | Steps   12551619 | Test reward    -5.0 | Mean pop reward    -4.1 | Time 25375.68 seconds
Generation   8100 | Steps   12697118 | Test reward    -4.3 | Mean pop reward    -4.0 | Time 25692.18 seconds
Generation   8200 | Steps   12841588 | Test reward    -4.8 | Mean pop reward    -4.3 | Time 26004.23 seconds
Generation   8300 | Steps   12991645 | Test reward    -4.3 | Mean pop reward    -4.0 | Time 26316.10 seconds
Generation   8400 | Steps   13142332 | Test reward    -5.3 | Mean pop reward    -4.0 | Time 26627.45 seconds
Generation   8500 | Steps   13284095 | Test reward    -3.1 | Mean pop reward    -3.9 | Time 26938.53 seconds
Generation   8600 | Steps   13432309 | Test reward    -3.5 | Mean pop reward    -4.2 | Time 27248.65 seconds
Generation   8700 | Steps   13581407 | Test reward    -5.1 | Mean pop reward    -4.2 | Time 27560.12 seconds
Generation   8800 | Steps   13739351 | Test reward    -2.9 | Mean pop reward    -5.0 | Time 27873.59 seconds
Generation   8900 | Steps   13900788 | Test reward    -3.6 | Mean pop reward    -4.3 | Time 28189.75 seconds
Generation   9000 | Steps   14052714 | Test reward    -5.9 | Mean pop reward    -4.0 | Time 28502.54 seconds
Generation   9100 | Steps   14208521 | Test reward    -4.5 | Mean pop reward    -4.0 | Time 28812.95 seconds
Generation   9200 | Steps   14376488 | Test reward    -3.8 | Mean pop reward    -4.6 | Time 29127.63 seconds
Generation   9300 | Steps   14551585 | Test reward    -3.5 | Mean pop reward    -4.5 | Time 29441.66 seconds
Generation   9400 | Steps   14727119 | Test reward    -3.4 | Mean pop reward    -5.4 | Time 29752.27 seconds
Generation   9500 | Steps   14903273 | Test reward    -6.6 | Mean pop reward    -4.8 | Time 30062.93 seconds
Generation   9600 | Steps   15078844 | Test reward    -5.0 | Mean pop reward    -5.2 | Time 30377.02 seconds
Generation   9700 | Steps   15251006 | Test reward    -3.7 | Mean pop reward    -4.6 | Time 30690.98 seconds
Generation   9800 | Steps   15420435 | Test reward    -4.9 | Mean pop reward    -5.3 | Time 31012.26 seconds
Generation   9900 | Steps   15593408 | Test reward    -3.7 | Mean pop reward    -5.4 | Time 31332.92 seconds
Generation  10000 | Steps   15762811 | Test reward    -4.5 | Mean pop reward    -4.4 | Time 31646.04 seconds
Generation  10100 | Steps   15931949 | Test reward    -4.8 | Mean pop reward    -4.3 | Time 31968.12 seconds
Generation  10200 | Steps   16096983 | Test reward    -5.2 | Mean pop reward    -4.4 | Time 32285.16 seconds
Generation  10300 | Steps   16251051 | Test reward    -5.4 | Mean pop reward    -4.3 | Time 32595.78 seconds
Generation  10400 | Steps   16411394 | Test reward    -5.2 | Mean pop reward    -4.7 | Time 32908.53 seconds
Generation  10500 | Steps   16566212 | Test reward    -3.8 | Mean pop reward    -4.2 | Time 33219.84 seconds
Generation  10600 | Steps   16721816 | Test reward    -4.9 | Mean pop reward    -4.8 | Time 33530.99 seconds
Generation  10700 | Steps   16880696 | Test reward    -3.7 | Mean pop reward    -3.9 | Time 33845.41 seconds
Generation  10800 | Steps   17030267 | Test reward    -3.7 | Mean pop reward    -4.2 | Time 34161.71 seconds
Generation  10900 | Steps   17180524 | Test reward    -4.2 | Mean pop reward    -4.6 | Time 34474.50 seconds
Generation  11000 | Steps   17329698 | Test reward    -5.5 | Mean pop reward    -4.8 | Time 34785.48 seconds
Generation  11100 | Steps   17480282 | Test reward    -3.1 | Mean pop reward    -4.5 | Time 35099.28 seconds
Generation  11200 | Steps   17625134 | Test reward    -5.7 | Mean pop reward    -4.9 | Time 35414.85 seconds
Generation  11300 | Steps   17772962 | Test reward    -4.2 | Mean pop reward    -4.8 | Time 35728.51 seconds
Generation  11400 | Steps   17925713 | Test reward    -3.1 | Mean pop reward    -4.2 | Time 36047.95 seconds
Generation  11500 | Steps   18081426 | Test reward    -5.1 | Mean pop reward    -4.6 | Time 36361.90 seconds
Generation  11600 | Steps   18239842 | Test reward    -4.0 | Mean pop reward    -4.7 | Time 36672.03 seconds
Generation  11700 | Steps   18396420 | Test reward    -5.9 | Mean pop reward    -4.3 | Time 36987.21 seconds
Generation  11800 | Steps   18549878 | Test reward    -3.4 | Mean pop reward    -4.5 | Time 37301.14 seconds
Generation  11900 | Steps   18702555 | Test reward    -5.2 | Mean pop reward    -4.9 | Time 37613.30 seconds
