population    : 100                                                                  
workers       : 24                                                                   
save_dir      : /zhome/c2/b/86488/Documents/deep/evolutionary/hpcjobs/Minesweeper14-4
learning_rate : 0.003                                                                
sigma         : 0.1                                                                  
reg           : {'L2': 0.003}                                                        

Generation      0 | Steps        639 | Test reward    -0.6 | Mean pop reward    -0.3 | Time  135.02 seconds
Generation    100 | Steps      59893 | Test reward    -0.4 | Mean pop reward    -0.4 | Time  519.58 seconds
Generation    200 | Steps     119973 | Test reward    -0.2 | Mean pop reward    -0.5 | Time  907.64 seconds
Generation    300 | Steps     180426 | Test reward    -0.8 | Mean pop reward    -0.4 | Time 1296.65 seconds
Generation    400 | Steps     240021 | Test reward    -0.8 | Mean pop reward    -0.3 | Time 1684.18 seconds
Generation    500 | Steps     299460 | Test reward    -0.5 | Mean pop reward    -0.3 | Time 2071.53 seconds
Generation    600 | Steps     359117 | Test reward    -0.3 | Mean pop reward    -0.4 | Time 2459.25 seconds
Generation    700 | Steps     418724 | Test reward    -0.0 | Mean pop reward    -0.3 | Time 2847.40 seconds
Generation    800 | Steps     478345 | Test reward    -0.5 | Mean pop reward    -0.3 | Time 3232.37 seconds
Generation    900 | Steps     538015 | Test reward    -0.1 | Mean pop reward    -0.2 | Time 3616.40 seconds
Generation   1000 | Steps     597834 | Test reward    -0.2 | Mean pop reward    -0.4 | Time 4003.67 seconds
Generation   1100 | Steps     657854 | Test reward    -0.4 | Mean pop reward    -0.3 | Time 4386.62 seconds
Generation   1200 | Steps     717709 | Test reward    -0.5 | Mean pop reward    -0.3 | Time 4773.02 seconds
Generation   1300 | Steps     777354 | Test reward     0.6 | Mean pop reward    -0.3 | Time 5150.42 seconds
Generation   1400 | Steps     837801 | Test reward     0.6 | Mean pop reward    -0.3 | Time 5538.40 seconds
Generation   1500 | Steps     897696 | Test reward     0.1 | Mean pop reward    -0.2 | Time 5926.62 seconds
Generation   1600 | Steps     957867 | Test reward     0.6 | Mean pop reward    -0.2 | Time 6312.81 seconds
Generation   1700 | Steps    1018241 | Test reward    -0.5 | Mean pop reward    -0.1 | Time 6694.03 seconds
Generation   1800 | Steps    1078916 | Test reward     0.8 | Mean pop reward    -0.0 | Time 7079.31 seconds
Generation   1900 | Steps    1139172 | Test reward     0.4 | Mean pop reward    -0.1 | Time 7463.48 seconds
Generation   2000 | Steps    1199552 | Test reward     0.3 | Mean pop reward    -0.1 | Time 7861.38 seconds
Generation   2100 | Steps    1259807 | Test reward     0.4 | Mean pop reward    -0.0 | Time 8250.70 seconds
Generation   2200 | Steps    1320094 | Test reward    -0.3 | Mean pop reward    -0.0 | Time 8631.47 seconds
Generation   2300 | Steps    1379939 | Test reward     0.5 | Mean pop reward    -0.2 | Time 9018.27 seconds
Generation   2400 | Steps    1440673 | Test reward     0.1 | Mean pop reward    -0.1 | Time 9409.29 seconds
Generation   2500 | Steps    1500974 | Test reward    -0.1 | Mean pop reward    -0.1 | Time 9796.96 seconds
Generation   2600 | Steps    1561385 | Test reward    -0.1 | Mean pop reward    -0.2 | Time 10182.40 seconds
Generation   2700 | Steps    1622013 | Test reward     0.5 | Mean pop reward    -0.1 | Time 10565.88 seconds
Generation   2800 | Steps    1682652 | Test reward     0.1 | Mean pop reward    -0.1 | Time 10950.24 seconds
Generation   2900 | Steps    1743266 | Test reward    -0.1 | Mean pop reward    -0.2 | Time 11336.23 seconds
Generation   3000 | Steps    1803986 | Test reward     0.6 | Mean pop reward    -0.1 | Time 11722.81 seconds
Generation   3100 | Steps    1864490 | Test reward     1.0 | Mean pop reward     0.0 | Time 12104.83 seconds
Generation   3200 | Steps    1925591 | Test reward     0.2 | Mean pop reward     0.1 | Time 12496.86 seconds
Generation   3300 | Steps    1986275 | Test reward     0.5 | Mean pop reward    -0.1 | Time 12879.15 seconds
Generation   3400 | Steps    2047156 | Test reward    -0.1 | Mean pop reward    -0.1 | Time 13260.40 seconds
Generation   3500 | Steps    2108293 | Test reward     1.2 | Mean pop reward     0.1 | Time 13638.35 seconds
Generation   3600 | Steps    2170109 | Test reward    -0.0 | Mean pop reward    -0.0 | Time 14019.23 seconds
Generation   3700 | Steps    2230867 | Test reward     0.3 | Mean pop reward     0.1 | Time 14400.95 seconds
Generation   3800 | Steps    2291753 | Test reward     0.8 | Mean pop reward     0.0 | Time 14793.14 seconds
Generation   3900 | Steps    2353138 | Test reward    -0.1 | Mean pop reward     0.1 | Time 15178.57 seconds
Generation   4000 | Steps    2413911 | Test reward     0.5 | Mean pop reward     0.1 | Time 15561.59 seconds
Generation   4100 | Steps    2475167 | Test reward    -0.1 | Mean pop reward     0.3 | Time 15949.96 seconds
Generation   4200 | Steps    2536287 | Test reward     0.5 | Mean pop reward    -0.0 | Time 16329.95 seconds
Generation   4300 | Steps    2597243 | Test reward     0.3 | Mean pop reward     0.0 | Time 16714.66 seconds
Generation   4400 | Steps    2658859 | Test reward    -0.3 | Mean pop reward    -0.1 | Time 17097.60 seconds
Generation   4500 | Steps    2719874 | Test reward     0.2 | Mean pop reward     0.2 | Time 17480.86 seconds
Generation   4600 | Steps    2780875 | Test reward    -0.3 | Mean pop reward     0.3 | Time 17864.22 seconds
Generation   4700 | Steps    2841828 | Test reward     0.8 | Mean pop reward     0.3 | Time 18245.79 seconds
Generation   4800 | Steps    2902483 | Test reward     1.0 | Mean pop reward     0.2 | Time 18626.48 seconds
Generation   4900 | Steps    2963699 | Test reward     0.5 | Mean pop reward     0.3 | Time 19008.97 seconds
Generation   5000 | Steps    3025142 | Test reward     0.3 | Mean pop reward     0.3 | Time 19391.52 seconds
Generation   5100 | Steps    3085877 | Test reward     0.4 | Mean pop reward     0.1 | Time 19772.24 seconds
Generation   5200 | Steps    3147325 | Test reward     0.8 | Mean pop reward     0.1 | Time 20152.35 seconds
Generation   5300 | Steps    3208136 | Test reward     1.2 | Mean pop reward     0.3 | Time 20534.13 seconds
Generation   5400 | Steps    3269355 | Test reward     0.7 | Mean pop reward     0.0 | Time 20917.19 seconds
Generation   5500 | Steps    3330394 | Test reward     1.6 | Mean pop reward     0.4 | Time 21299.58 seconds
Generation   5600 | Steps    3391364 | Test reward    -0.0 | Mean pop reward     0.1 | Time 21678.10 seconds
Generation   5700 | Steps    3451548 | Test reward     0.9 | Mean pop reward     0.1 | Time 22057.44 seconds
Generation   5800 | Steps    3512618 | Test reward    -0.1 | Mean pop reward     0.1 | Time 22438.71 seconds
Generation   5900 | Steps    3573617 | Test reward    -0.1 | Mean pop reward     0.5 | Time 22818.70 seconds
Generation   6000 | Steps    3634556 | Test reward     0.7 | Mean pop reward     0.1 | Time 23201.67 seconds
Generation   6100 | Steps    3695674 | Test reward     0.1 | Mean pop reward     0.4 | Time 23584.06 seconds
Generation   6200 | Steps    3756608 | Test reward     1.2 | Mean pop reward     0.4 | Time 23971.42 seconds
Generation   6300 | Steps    3817760 | Test reward     0.5 | Mean pop reward     0.3 | Time 24349.30 seconds
Generation   6400 | Steps    3878465 | Test reward     1.2 | Mean pop reward     0.2 | Time 24730.55 seconds
Generation   6500 | Steps    3939763 | Test reward     1.1 | Mean pop reward     0.3 | Time 25112.52 seconds
Generation   6600 | Steps    4001042 | Test reward    -0.4 | Mean pop reward     0.5 | Time 25493.69 seconds
Generation   6700 | Steps    4062455 | Test reward     0.4 | Mean pop reward     0.3 | Time 25876.43 seconds
Generation   6800 | Steps    4123324 | Test reward     0.1 | Mean pop reward     0.5 | Time 26257.69 seconds
Generation   6900 | Steps    4183973 | Test reward    -0.1 | Mean pop reward     0.3 | Time 26639.40 seconds
Generation   7000 | Steps    4244745 | Test reward     0.9 | Mean pop reward     0.3 | Time 27020.07 seconds
Generation   7100 | Steps    4306210 | Test reward     0.5 | Mean pop reward     0.5 | Time 27404.86 seconds
Generation   7200 | Steps    4367507 | Test reward     0.4 | Mean pop reward     0.4 | Time 27789.83 seconds
Generation   7300 | Steps    4428747 | Test reward     0.3 | Mean pop reward     0.2 | Time 28168.48 seconds
Generation   7400 | Steps    4489197 | Test reward     0.4 | Mean pop reward     0.3 | Time 28552.04 seconds
Generation   7500 | Steps    4550905 | Test reward     0.5 | Mean pop reward     0.4 | Time 28935.06 seconds
Generation   7600 | Steps    4611978 | Test reward     0.5 | Mean pop reward     0.5 | Time 29316.90 seconds
Generation   7700 | Steps    4672878 | Test reward     1.2 | Mean pop reward     0.4 | Time 29703.40 seconds
Generation   7800 | Steps    4733803 | Test reward    -0.3 | Mean pop reward     0.4 | Time 30088.30 seconds
Generation   7900 | Steps    4794378 | Test reward     0.7 | Mean pop reward     0.1 | Time 30468.95 seconds
Generation   8000 | Steps    4855472 | Test reward    -0.5 | Mean pop reward     0.3 | Time 30851.39 seconds
Generation   8100 | Steps    4916704 | Test reward     0.2 | Mean pop reward     0.4 | Time 31234.74 seconds
Generation   8200 | Steps    4977863 | Test reward     0.2 | Mean pop reward     0.3 | Time 31617.73 seconds
Generation   8300 | Steps    5039244 | Test reward     0.3 | Mean pop reward     0.4 | Time 32002.56 seconds
Generation   8400 | Steps    5100625 | Test reward     0.8 | Mean pop reward     0.3 | Time 32386.97 seconds
Generation   8500 | Steps    5161412 | Test reward     0.4 | Mean pop reward     0.4 | Time 32775.22 seconds
Generation   8600 | Steps    5222823 | Test reward     0.2 | Mean pop reward     0.3 | Time 33156.77 seconds
Generation   8700 | Steps    5283176 | Test reward     0.7 | Mean pop reward     0.2 | Time 33538.14 seconds
Generation   8800 | Steps    5344294 | Test reward    -0.0 | Mean pop reward     0.4 | Time 33922.21 seconds
Generation   8900 | Steps    5405485 | Test reward     0.4 | Mean pop reward     0.6 | Time 34306.74 seconds
Generation   9000 | Steps    5466706 | Test reward     0.1 | Mean pop reward     0.5 | Time 34688.96 seconds
Generation   9100 | Steps    5528303 | Test reward     0.4 | Mean pop reward     0.4 | Time 35068.97 seconds
Generation   9200 | Steps    5589117 | Test reward     0.1 | Mean pop reward     0.7 | Time 35453.99 seconds
Generation   9300 | Steps    5650500 | Test reward    -0.0 | Mean pop reward     0.5 | Time 35834.76 seconds
